2019-05-30 13:26:18,074 INFO  DownloadService - Downloading "https://github.com/jasonwyatt/SRML/archive/master.zip", attempt 3
2019-05-30 13:26:19,884 INFO  DownloadService - Downloaded https://github.com/jasonwyatt/SRML/archive/master.zip, attempt 3
2019-05-30 13:26:19,884 INFO  DownloadService - Size of file "/var/folders/bq/vtzpc5ns5sg2cthy61lqpg3dfzgbys/T/1559197578072-0/master.zip": 1 MB
2019-05-30 13:26:19,884 INFO  ArchiveUtils - Checking entries [.gradle] in ZIP file...
2019-05-30 13:26:19,884 INFO  ArchiveUtils - Has entries [.gradle] in ZIP file /var/folders/bq/vtzpc5ns5sg2cthy61lqpg3dfzgbys/T/1559197578072-0/master.zip: true
2019-05-30 13:26:19,884 DEBUG ZipUtil - Extracting '/var/folders/bq/vtzpc5ns5sg2cthy61lqpg3dfzgbys/T/1559197578072-0/master.zip' into '/var/folders/bq/vtzpc5ns5sg2cthy61lqpg3dfzgbys/T/1559197578072-0/src'.
2019-05-30 13:26:19,919 INFO  FullProcessService - Size of directory with sources: 1 MB
2019-05-30 13:26:19,919 INFO  SysUtils - Execute command: [git, init, /var/folders/bq/vtzpc5ns5sg2cthy61lqpg3dfzgbys/T/1559197578072-0/src]
2019-05-30 13:26:19,937 INFO  SysUtils - Initialized empty Git repository in /private/var/folders/bq/vtzpc5ns5sg2cthy61lqpg3dfzgbys/T/1559197578072-0/src/.git/

2019-05-30 13:26:19,940 INFO  ProjectBuildService - Gradle wrapper(s): /var/folders/bq/vtzpc5ns5sg2cthy61lqpg3dfzgbys/T/1559197578072-0/src/SRML-master/gradlew
2019-05-30 13:26:19,943 INFO  ProjectBuildService - Build script(s): /var/folders/bq/vtzpc5ns5sg2cthy61lqpg3dfzgbys/T/1559197578072-0/src/SRML-master/app/build.gradle /var/folders/bq/vtzpc5ns5sg2cthy61lqpg3dfzgbys/T/1559197578072-0/src/SRML-master/library/build.gradle /var/folders/bq/vtzpc5ns5sg2cthy61lqpg3dfzgbys/T/1559197578072-0/src/SRML-master/build.gradle
2019-05-30 13:26:19,946 INFO  ProjectBuildService - All script(s): /var/folders/bq/vtzpc5ns5sg2cthy61lqpg3dfzgbys/T/1559197578072-0/src/SRML-master/app/build.gradle /var/folders/bq/vtzpc5ns5sg2cthy61lqpg3dfzgbys/T/1559197578072-0/src/SRML-master/library/build.gradle /var/folders/bq/vtzpc5ns5sg2cthy61lqpg3dfzgbys/T/1559197578072-0/src/SRML-master/build.gradle /var/folders/bq/vtzpc5ns5sg2cthy61lqpg3dfzgbys/T/1559197578072-0/src/SRML-master/settings.gradle
2019-05-30 13:26:19,946 INFO  ProjectBuildService - Remote scripts: none
2019-05-30 13:26:19,946 INFO  ProjectFixService - Fixing project...
2019-05-30 13:26:19,953 INFO  LocalPropertiesFixService - Created fake /var/folders/bq/vtzpc5ns5sg2cthy61lqpg3dfzgbys/T/1559197578072-0/src/SRML-master/app/local.properties
2019-05-30 13:26:19,954 INFO  ProjectFixService - Build info for "/var/folders/bq/vtzpc5ns5sg2cthy61lqpg3dfzgbys/T/1559197578072-0/src/SRML-master/app/build.gradle": [buildToolsVersion=24.0.2,compileSdkVersion=24,minSdkVersion=15,targetSdkVersion=24]
2019-05-30 13:26:19,954 INFO  LocalPropertiesFixService - Created fake /var/folders/bq/vtzpc5ns5sg2cthy61lqpg3dfzgbys/T/1559197578072-0/src/SRML-master/library/local.properties
2019-05-30 13:26:19,954 INFO  ProjectFixService - Build info for "/var/folders/bq/vtzpc5ns5sg2cthy61lqpg3dfzgbys/T/1559197578072-0/src/SRML-master/library/build.gradle": [buildToolsVersion=24.0.2,compileSdkVersion=24,minSdkVersion=15,targetSdkVersion=24]
2019-05-30 13:26:19,955 INFO  LocalPropertiesFixService - Created fake /var/folders/bq/vtzpc5ns5sg2cthy61lqpg3dfzgbys/T/1559197578072-0/src/SRML-master/local.properties
2019-05-30 13:26:19,955 INFO  WrapperPropertiesFixService - Gradle wrapper: https://services.gradle.org/distributions/gradle-2.14.1-all.zip
2019-05-30 13:26:19,955 INFO  WrapperPropertiesFixService - Gradle wrapper was changed from "-all.zip" to "-bin.zip" (https://services.gradle.org/distributions/gradle-2.14.1-bin.zip)
2019-05-30 13:26:19,956 INFO  ProjectFixService - Build info for "/var/folders/bq/vtzpc5ns5sg2cthy61lqpg3dfzgbys/T/1559197578072-0/src/SRML-master/build.gradle": [buildToolsVersion=24.0.2,compileSdkVersion=24,minSdkVersion=15,targetSdkVersion=24]
2019-05-30 13:26:19,956 INFO  ProjectFixService - Project was maybe fixed
2019-05-30 13:26:19,956 INFO  ProjectTaskService - Detecting possible tasks...
2019-05-30 13:26:19,956 INFO  SysUtils - Execute command: [/var/folders/bq/vtzpc5ns5sg2cthy61lqpg3dfzgbys/T/1559197578072-0/src/SRML-master/gradlew, -b, /var/folders/bq/vtzpc5ns5sg2cthy61lqpg3dfzgbys/T/1559197578072-0/src/SRML-master/app/build.gradle, -Dorg.gradle.daemon=false, -Dorg.gradle.daemon.performance.enable-monitoring=false, -Dorg.gradle.configureondemand=true, tasks]
2019-05-30 13:26:26,895 ERROR ProjectTaskService - Could not detect possible Gradle tasks: Process exited with an error: 1 (Exit value: 1)
2019-05-30 13:26:26,895 INFO  ProjectTaskService - Detected possible tasks: 0
2019-05-30 13:26:26,895 INFO  ProjectTaskService - Excluded tasks (0): none
2019-05-30 13:26:26,895 INFO  SysUtils - Execute command: [/var/folders/bq/vtzpc5ns5sg2cthy61lqpg3dfzgbys/T/1559197578072-0/src/SRML-master/gradlew, -b, /var/folders/bq/vtzpc5ns5sg2cthy61lqpg3dfzgbys/T/1559197578072-0/src/SRML-master/app/build.gradle, -Dorg.gradle.daemon=false, -Dorg.gradle.daemon.performance.enable-monitoring=false, -Dorg.gradle.configureondemand=true, --stacktrace, build]
2019-05-30 13:26:32,943 ERROR SysUtils - Could not process external command
org.apache.commons.exec.ExecuteException: Process exited with an error: 1 (Exit value: 1)
	at org.apache.commons.exec.DefaultExecutor.executeInternal(DefaultExecutor.java:404)
	at org.apache.commons.exec.DefaultExecutor.execute(DefaultExecutor.java:166)
	at com.github.vbauer.apkmaster.util.SysUtils.execute(SysUtils.java:67)
	at com.github.vbauer.apkmaster.util.SysUtils.executeSimple(SysUtils.java:43)
	at com.github.vbauer.apkmaster.service.assembly.ProjectBuildService.buildProject(ProjectBuildService.java:78)
	at com.github.vbauer.apkmaster.service.assembly.ProjectBuildService.buildProject(ProjectBuildService.java:64)
	at com.github.vbauer.apkmaster.service.assembly.ProjectBuildService.buildProject(ProjectBuildService.java:43)
	at com.github.vbauer.apkmaster.service.FullProcessService.build(FullProcessService.java:84)
	at com.github.vbauer.apkmaster.service.FullProcessService.process(FullProcessService.java:34)
	at com.github.vbauer.apkmaster.app.MainApplication.process(MainApplication.java:38)
	at com.github.vbauer.apkmaster.app.MainApplication.main(MainApplication.java:20)
	at sun.reflect.GeneratedMethodAccessor9.invoke(Unknown Source)
	at sun.reflect.DelegatingMethodAccessorImpl.invoke(DelegatingMethodAccessorImpl.java:43)
	at java.lang.reflect.Method.invoke(Method.java:498)
	at com.android.arsenal.util.ReflectionUtils.invoke(ReflectionUtils.java:52)
	at com.android.arsenal.util.ApkMasterUtils.main(ApkMasterUtils.java:30)
	at com.android.arsenal.service.processor.impl.BuildProcessorServiceImpl.buildProject(BuildProcessorServiceImpl.java:196)
	at com.android.arsenal.service.processor.impl.BuildProcessorServiceImpl.build(BuildProcessorServiceImpl.java:130)
	at com.android.arsenal.service.processor.impl.BuildProcessorServiceImpl.lambda$createTasks$1(BuildProcessorServiceImpl.java:113)
	at java.util.concurrent.FutureTask.run(FutureTask.java:266)
	at java.util.concurrent.Executors$RunnableAdapter.call(Executors.java:511)
	at java.util.concurrent.FutureTask.run(FutureTask.java:266)
	at java.util.concurrent.ThreadPoolExecutor.runWorker(ThreadPoolExecutor.java:1149)
	at java.util.concurrent.ThreadPoolExecutor$Worker.run(ThreadPoolExecutor.java:624)
	at java.lang.Thread.run(Thread.java:748)
2019-05-30 13:26:32,944 INFO  SysUtils - Configuration on demand is an incubating feature.
Incremental java compilation is an incubating feature.

FAILURE: Build failed with an exception.

* What went wrong:
A problem occurred configuring project ':app'.
> No toolchains found in the NDK toolchains folder for ABI with prefix: mipsel-linux-android

* Try:
Run with --info or --debug option to get more log output.

* Exception is:
org.gradle.api.ProjectConfigurationException: A problem occurred configuring project ':app'.
	at org.gradle.configuration.project.LifecycleProjectEvaluator.addConfigurationFailure(LifecycleProjectEvaluator.java:79)
	at org.gradle.configuration.project.LifecycleProjectEvaluator.notifyAfterEvaluate(LifecycleProjectEvaluator.java:74)
	at org.gradle.configuration.project.LifecycleProjectEvaluator.evaluate(LifecycleProjectEvaluator.java:61)
	at org.gradle.api.internal.project.AbstractProject.evaluate(AbstractProject.java:540)
	at org.gradle.api.internal.project.AbstractProject.evaluate(AbstractProject.java:93)
	at org.gradle.execution.TaskPathProjectEvaluator.configureHierarchy(TaskPathProjectEvaluator.java:42)
	at org.gradle.execution.TaskSelector.getSelection(TaskSelector.java:84)
	at org.gradle.execution.TaskSelector.getSelection(TaskSelector.java:75)
	at org.gradle.execution.commandline.CommandLineTaskParser.parseTasks(CommandLineTaskParser.java:42)
	at org.gradle.execution.TaskNameResolvingBuildConfigurationAction.configure(TaskNameResolvingBuildConfigurationAction.java:44)
	at org.gradle.execution.DefaultBuildConfigurationActionExecuter.configure(DefaultBuildConfigurationActionExecuter.java:48)
	at org.gradle.execution.DefaultBuildConfigurationActionExecuter.access$000(DefaultBuildConfigurationActionExecuter.java:25)
	at org.gradle.execution.DefaultBuildConfigurationActionExecuter$1.proceed(DefaultBuildConfigurationActionExecuter.java:54)
	at org.gradle.execution.DefaultTasksBuildExecutionAction.configure(DefaultTasksBuildExecutionAction.java:44)
	at org.gradle.execution.DefaultBuildConfigurationActionExecuter.configure(DefaultBuildConfigurationActionExecuter.java:48)
	at org.gradle.execution.DefaultBuildConfigurationActionExecuter.access$000(DefaultBuildConfigurationActionExecuter.java:25)
	at org.gradle.execution.DefaultBuildConfigurationActionExecuter$1.proceed(DefaultBuildConfigurationActionExecuter.java:54)
	at org.gradle.execution.ExcludedTaskFilteringBuildConfigurationAction.configure(ExcludedTaskFilteringBuildConfigurationAction.java:47)
	at org.gradle.execution.DefaultBuildConfigurationActionExecuter.configure(DefaultBuildConfigurationActionExecuter.java:48)
	at org.gradle.execution.DefaultBuildConfigurationActionExecuter.select(DefaultBuildConfigurationActionExecuter.java:36)
	at org.gradle.initialization.DefaultGradleLauncher$3.run(DefaultGradleLauncher.java:142)
	at org.gradle.internal.Factories$1.create(Factories.java:22)
	at org.gradle.internal.progress.DefaultBuildOperationExecutor.run(DefaultBuildOperationExecutor.java:91)
	at org.gradle.internal.progress.DefaultBuildOperationExecutor.run(DefaultBuildOperationExecutor.java:53)
	at org.gradle.initialization.DefaultGradleLauncher.doBuildStages(DefaultGradleLauncher.java:139)
	at org.gradle.initialization.DefaultGradleLauncher.access$200(DefaultGradleLauncher.java:32)
	at org.gradle.initialization.DefaultGradleLauncher$1.create(DefaultGradleLauncher.java:98)
	at org.gradle.initialization.DefaultGradleLauncher$1.create(DefaultGradleLauncher.java:92)
	at org.gradle.internal.progress.DefaultBuildOperationExecutor.run(DefaultBuildOperationExecutor.java:91)
	at org.gradle.internal.progress.DefaultBuildOperationExecutor.run(DefaultBuildOperationExecutor.java:63)
	at org.gradle.initialization.DefaultGradleLauncher.doBuild(DefaultGradleLauncher.java:92)
	at org.gradle.initialization.DefaultGradleLauncher.run(DefaultGradleLauncher.java:83)
	at org.gradle.launcher.exec.InProcessBuildActionExecuter$DefaultBuildController.run(InProcessBuildActionExecuter.java:99)
	at org.gradle.tooling.internal.provider.ExecuteBuildActionRunner.run(ExecuteBuildActionRunner.java:28)
	at org.gradle.launcher.exec.ChainingBuildActionRunner.run(ChainingBuildActionRunner.java:35)
	at org.gradle.launcher.exec.InProcessBuildActionExecuter.execute(InProcessBuildActionExecuter.java:48)
	at org.gradle.launcher.exec.InProcessBuildActionExecuter.execute(InProcessBuildActionExecuter.java:30)
	at org.gradle.launcher.exec.ContinuousBuildActionExecuter.execute(ContinuousBuildActionExecuter.java:81)
	at org.gradle.launcher.exec.ContinuousBuildActionExecuter.execute(ContinuousBuildActionExecuter.java:46)
	at org.gradle.launcher.exec.DaemonUsageSuggestingBuildActionExecuter.execute(DaemonUsageSuggestingBuildActionExecuter.java:51)
	at org.gradle.launcher.exec.DaemonUsageSuggestingBuildActionExecuter.execute(DaemonUsageSuggestingBuildActionExecuter.java:28)
	at org.gradle.launcher.cli.RunBuildAction.run(RunBuildAction.java:43)
	at org.gradle.internal.Actions$RunnableActionAdapter.execute(Actions.java:173)
	at org.gradle.launcher.cli.CommandLineActionFactory$ParseAndBuildAction.execute(CommandLineActionFactory.java:239)
	at org.gradle.launcher.cli.CommandLineActionFactory$ParseAndBuildAction.execute(CommandLineActionFactory.java:212)
	at org.gradle.launcher.cli.JavaRuntimeValidationAction.execute(JavaRuntimeValidationAction.java:35)
	at org.gradle.launcher.cli.JavaRuntimeValidationAction.execute(JavaRuntimeValidationAction.java:24)
	at org.gradle.launcher.cli.ExceptionReportingAction.execute(ExceptionReportingAction.java:33)
	at org.gradle.launcher.cli.ExceptionReportingAction.execute(ExceptionReportingAction.java:22)
	at org.gradle.launcher.cli.CommandLineActionFactory$WithLogging.execute(CommandLineActionFactory.java:205)
	at org.gradle.launcher.cli.CommandLineActionFactory$WithLogging.execute(CommandLineActionFactory.java:169)
	at org.gradle.launcher.Main.doAction(Main.java:33)
	at org.gradle.launcher.bootstrap.EntryPoint.run(EntryPoint.java:45)
	at org.gradle.launcher.bootstrap.ProcessBootstrap.runNoExit(ProcessBootstrap.java:55)
	at org.gradle.launcher.bootstrap.ProcessBootstrap.run(ProcessBootstrap.java:36)
	at org.gradle.launcher.GradleMain.main(GradleMain.java:23)
	at org.gradle.wrapper.BootstrapMainStarter.start(BootstrapMainStarter.java:30)
	at org.gradle.wrapper.WrapperExecutor.execute(WrapperExecutor.java:129)
	at org.gradle.wrapper.GradleWrapperMain.main(GradleWrapperMain.java:61)
Caused by: java.lang.RuntimeException: No toolchains found in the NDK toolchains folder for ABI with prefix: mipsel-linux-android
	at com.android.build.gradle.internal.ndk.DefaultNdkInfo.getDefaultToolchainVersion(DefaultNdkInfo.java:330)
	at com.android.build.gradle.internal.ndk.DefaultNdkInfo.getToolchainPath(DefaultNdkInfo.java:207)
	at com.android.build.gradle.internal.ndk.DefaultNdkInfo.getStripExecutable(DefaultNdkInfo.java:300)
	at com.android.build.gradle.internal.ndk.NdkHandler.getStripExecutable(NdkHandler.java:333)
	at com.android.build.gradle.internal.transforms.StripDebugSymbolTransform.<init>(StripDebugSymbolTransform.java:87)
	at com.android.build.gradle.internal.TaskManager.createStripNativeLibraryTask(TaskManager.java:1342)
	at com.android.build.gradle.internal.ApplicationTaskManager.createTasksForVariantData(ApplicationTaskManager.java:289)
	at com.android.build.gradle.internal.VariantManager.createTasksForVariantData(VariantManager.java:485)
	at com.android.build.gradle.internal.VariantManager$3.call(VariantManager.java:293)
	at com.android.build.gradle.internal.VariantManager$3.call(VariantManager.java:290)
	at com.android.builder.profile.ThreadRecorder.record(ThreadRecorder.java:156)
	at com.android.builder.profile.ThreadRecorder.record(ThreadRecorder.java:120)
	at com.android.build.gradle.internal.profile.SpanRecorders.record(SpanRecorders.java:44)
	at com.android.build.gradle.internal.VariantManager.createAndroidTasks(VariantManager.java:286)
	at com.android.build.gradle.BasePlugin$11.call(BasePlugin.java:688)
	at com.android.build.gradle.BasePlugin$11.call(BasePlugin.java:685)
	at com.android.builder.profile.ThreadRecorder.record(ThreadRecorder.java:156)
	at com.android.builder.profile.ThreadRecorder.record(ThreadRecorder.java:120)
	at com.android.build.gradle.BasePlugin.createAndroidTasks(BasePlugin.java:683)
	at com.android.build.gradle.BasePlugin$10.call(BasePlugin.java:608)
	at com.android.build.gradle.BasePlugin$10.call(BasePlugin.java:605)
	at com.android.builder.profile.ThreadRecorder.record(ThreadRecorder.java:156)
	at com.android.builder.profile.ThreadRecorder.record(ThreadRecorder.java:120)
	at com.android.build.gradle.BasePlugin.lambda$createTasks$1(BasePlugin.java:603)
	at org.gradle.internal.event.BroadcastDispatch$ActionInvocationHandler.dispatch(BroadcastDispatch.java:93)
	at org.gradle.internal.event.BroadcastDispatch$ActionInvocationHandler.dispatch(BroadcastDispatch.java:82)
	at org.gradle.internal.event.AbstractBroadcastDispatch.dispatch(AbstractBroadcastDispatch.java:44)
	at org.gradle.internal.event.BroadcastDispatch.dispatch(BroadcastDispatch.java:79)
	at org.gradle.internal.event.BroadcastDispatch.dispatch(BroadcastDispatch.java:30)
	at org.gradle.internal.dispatch.ProxyDispatchAdapter$DispatchingInvocationHandler.invoke(ProxyDispatchAdapter.java:93)
	at com.sun.proxy.$Proxy10.afterEvaluate(Unknown Source)
	at org.gradle.configuration.project.LifecycleProjectEvaluator.notifyAfterEvaluate(LifecycleProjectEvaluator.java:67)
	... 57 more


BUILD FAILED

Total time: 5.468 secs

2019-05-30 13:26:32,947 INFO  ProjectTaskService - Detecting possible tasks...
2019-05-30 13:26:32,947 INFO  SysUtils - Execute command: [/var/folders/bq/vtzpc5ns5sg2cthy61lqpg3dfzgbys/T/1559197578072-0/src/SRML-master/gradlew, -b, /var/folders/bq/vtzpc5ns5sg2cthy61lqpg3dfzgbys/T/1559197578072-0/src/SRML-master/library/build.gradle, -Dorg.gradle.daemon=false, -Dorg.gradle.daemon.performance.enable-monitoring=false, -Dorg.gradle.configureondemand=true, tasks]
2019-05-30 13:26:40,085 ERROR ProjectTaskService - Could not detect possible Gradle tasks: Process exited with an error: 1 (Exit value: 1)
2019-05-30 13:26:40,086 INFO  ProjectTaskService - Detected possible tasks: 0
2019-05-30 13:26:40,086 INFO  ProjectTaskService - Excluded tasks (0): none
2019-05-30 13:26:40,086 INFO  SysUtils - Execute command: [/var/folders/bq/vtzpc5ns5sg2cthy61lqpg3dfzgbys/T/1559197578072-0/src/SRML-master/gradlew, -b, /var/folders/bq/vtzpc5ns5sg2cthy61lqpg3dfzgbys/T/1559197578072-0/src/SRML-master/library/build.gradle, -Dorg.gradle.daemon=false, -Dorg.gradle.daemon.performance.enable-monitoring=false, -Dorg.gradle.configureondemand=true, --stacktrace, build]
2019-05-30 13:26:50,188 ERROR SysUtils - Could not process external command
org.apache.commons.exec.ExecuteException: Process exited with an error: 1 (Exit value: 1)
	at org.apache.commons.exec.DefaultExecutor.executeInternal(DefaultExecutor.java:404)
	at org.apache.commons.exec.DefaultExecutor.execute(DefaultExecutor.java:166)
	at com.github.vbauer.apkmaster.util.SysUtils.execute(SysUtils.java:67)
	at com.github.vbauer.apkmaster.util.SysUtils.executeSimple(SysUtils.java:43)
	at com.github.vbauer.apkmaster.service.assembly.ProjectBuildService.buildProject(ProjectBuildService.java:78)
	at com.github.vbauer.apkmaster.service.assembly.ProjectBuildService.buildProject(ProjectBuildService.java:64)
	at com.github.vbauer.apkmaster.service.assembly.ProjectBuildService.buildProject(ProjectBuildService.java:43)
	at com.github.vbauer.apkmaster.service.FullProcessService.build(FullProcessService.java:84)
	at com.github.vbauer.apkmaster.service.FullProcessService.process(FullProcessService.java:34)
	at com.github.vbauer.apkmaster.app.MainApplication.process(MainApplication.java:38)
	at com.github.vbauer.apkmaster.app.MainApplication.main(MainApplication.java:20)
	at sun.reflect.GeneratedMethodAccessor9.invoke(Unknown Source)
	at sun.reflect.DelegatingMethodAccessorImpl.invoke(DelegatingMethodAccessorImpl.java:43)
	at java.lang.reflect.Method.invoke(Method.java:498)
	at com.android.arsenal.util.ReflectionUtils.invoke(ReflectionUtils.java:52)
	at com.android.arsenal.util.ApkMasterUtils.main(ApkMasterUtils.java:30)
	at com.android.arsenal.service.processor.impl.BuildProcessorServiceImpl.buildProject(BuildProcessorServiceImpl.java:196)
	at com.android.arsenal.service.processor.impl.BuildProcessorServiceImpl.build(BuildProcessorServiceImpl.java:130)
	at com.android.arsenal.service.processor.impl.BuildProcessorServiceImpl.lambda$createTasks$1(BuildProcessorServiceImpl.java:113)
	at java.util.concurrent.FutureTask.run(FutureTask.java:266)
	at java.util.concurrent.Executors$RunnableAdapter.call(Executors.java:511)
	at java.util.concurrent.FutureTask.run(FutureTask.java:266)
	at java.util.concurrent.ThreadPoolExecutor.runWorker(ThreadPoolExecutor.java:1149)
	at java.util.concurrent.ThreadPoolExecutor$Worker.run(ThreadPoolExecutor.java:624)
	at java.lang.Thread.run(Thread.java:748)
2019-05-30 13:26:50,188 INFO  SysUtils - Configuration on demand is an incubating feature.
Incremental java compilation is an incubating feature.
:library:preBuild UP-TO-DATE
:library:preDebugBuild UP-TO-DATE
:library:checkDebugManifest
:library:prepareDebugDependencies
:library:compileDebugAidl
:library:compileDebugNdk UP-TO-DATE
:library:compileLint
:library:copyDebugLint UP-TO-DATE
:library:compileDebugRenderscript
:library:generateDebugBuildConfig
:library:generateDebugResValues
:library:generateDebugResources
:library:packageDebugResources
:library:processDebugManifest
:library:processDebugResources
:library:generateDebugSources
:library:incrementalDebugJavaCompilationSafeguard
:library:compileDebugJavaWithJavac
:library:compileDebugJavaWithJavac - is not incremental (e.g. outputs have changed, no previous execution, etc.).
Note: Some input files use or override a deprecated API.
Note: Recompile with -Xlint:deprecation for details.
:library:extractDebugAnnotations
:library:mergeDebugShaders
:library:compileDebugShaders
:library:generateDebugAssets
:library:mergeDebugAssets
:library:mergeDebugProguardFiles
:library:packageDebugRenderscript UP-TO-DATE
:library:processDebugJavaRes UP-TO-DATE
:library:transformResourcesWithMergeJavaResForDebug
:library:transformClassesAndResourcesWithSyncLibJarsForDebug
:library:mergeDebugJniLibFolders
:library:transformNative_libsWithMergeJniLibsForDebug
:library:transformNative_libsWithSyncJniLibsForDebug
:library:bundleDebug
:library:compileDebugSources
:library:assembleDebug
:library:preReleaseBuild UP-TO-DATE
:library:checkReleaseManifest
:library:prepareReleaseDependencies
:library:compileReleaseAidl
:library:compileReleaseNdk UP-TO-DATE
:library:copyReleaseLint UP-TO-DATE
:library:compileReleaseRenderscript
:library:generateReleaseBuildConfig
:library:generateReleaseResValues
:library:generateReleaseResources
:library:packageReleaseResources
:library:processReleaseManifest
:library:processReleaseResources
:library:generateReleaseSources
:library:incrementalReleaseJavaCompilationSafeguard
:library:compileReleaseJavaWithJavac
:library:compileReleaseJavaWithJavac - is not incremental (e.g. outputs have changed, no previous execution, etc.).
Note: Some input files use or override a deprecated API.
Note: Recompile with -Xlint:deprecation for details.
:library:extractReleaseAnnotations
:library:mergeReleaseShaders
:library:compileReleaseShaders
:library:generateReleaseAssets
:library:mergeReleaseAssets
:library:mergeReleaseProguardFiles
:library:packageReleaseRenderscript UP-TO-DATE
:library:processReleaseJavaRes UP-TO-DATE
:library:transformResourcesWithMergeJavaResForRelease
:library:transformClassesAndResourcesWithSyncLibJarsForRelease
:library:mergeReleaseJniLibFolders
:library:transformNative_libsWithMergeJniLibsForRelease
:library:transformNative_libsWithSyncJniLibsForRelease
:library:bundleRelease
:library:compileReleaseSources
:library:assembleRelease
:library:javadoc/private/var/folders/bq/vtzpc5ns5sg2cthy61lqpg3dfzgbys/T/1559197578072-0/src/SRML-master/library/src/main/java/co/jasonwyatt/srml/Sanitizer.java:19: warning: no @param for formatArgs
    Object[] sanitizeArgs(Object[] formatArgs);
             ^
/private/var/folders/bq/vtzpc5ns5sg2cthy61lqpg3dfzgbys/T/1559197578072-0/src/SRML-master/library/src/main/java/co/jasonwyatt/srml/Sanitizer.java:19: warning: no @return
    Object[] sanitizeArgs(Object[] formatArgs);
             ^
/private/var/folders/bq/vtzpc5ns5sg2cthy61lqpg3dfzgbys/T/1559197578072-0/src/SRML-master/library/src/main/java/co/jasonwyatt/srml/Sanitizer.java:24: warning: no @param for s
    String desantitize(String s);
           ^
/private/var/folders/bq/vtzpc5ns5sg2cthy61lqpg3dfzgbys/T/1559197578072-0/src/SRML-master/library/src/main/java/co/jasonwyatt/srml/Sanitizer.java:24: warning: no @return
    String desantitize(String s);
           ^
/private/var/folders/bq/vtzpc5ns5sg2cthy61lqpg3dfzgbys/T/1559197578072-0/src/SRML-master/library/src/main/java/co/jasonwyatt/srml/Transformer.java:20: warning: no @return
    TagFactory getTagFactory();
               ^
/private/var/folders/bq/vtzpc5ns5sg2cthy61lqpg3dfzgbys/T/1559197578072-0/src/SRML-master/library/src/main/java/co/jasonwyatt/srml/SRML.java:68: error: unterminated signature
     * @param formatArgs Format arguments for the string, passed along to {@link Context#getString(int, Object[]}
                                                                          ^
/private/var/folders/bq/vtzpc5ns5sg2cthy61lqpg3dfzgbys/T/1559197578072-0/src/SRML-master/library/src/main/java/co/jasonwyatt/srml/SRML.java:71: warning - Tag @link: malformed: "Context#getString(int, Object[]"
/private/var/folders/bq/vtzpc5ns5sg2cthy61lqpg3dfzgbys/T/1559197578072-0/src/SRML-master/library/src/main/java/co/jasonwyatt/srml/tags/ParameterizedTag.java:49: warning: no @return
    protected String getParam(String name) {
                     ^
/private/var/folders/bq/vtzpc5ns5sg2cthy61lqpg3dfzgbys/T/1559197578072-0/src/SRML-master/library/src/main/java/co/jasonwyatt/srml/tags/ParameterizedTag.java:56: error: type arguments not allowed here
     * @return List of {@link Utils.Pair<String, String>} pairs, with the keys & values for the
                              ^
/private/var/folders/bq/vtzpc5ns5sg2cthy61lqpg3dfzgbys/T/1559197578072-0/src/SRML-master/library/src/main/java/co/jasonwyatt/srml/tags/ParameterizedTag.java:56: error: bad HTML entity
     * @return List of {@link Utils.Pair<String, String>} pairs, with the keys & values for the
                                                                               ^
/private/var/folders/bq/vtzpc5ns5sg2cthy61lqpg3dfzgbys/T/1559197578072-0/src/SRML-master/library/src/main/java/co/jasonwyatt/srml/tags/ParameterizedTag.java:57: error: no tag name after @
     *         parameters which match {@param pattern}
                                      ^
/private/var/folders/bq/vtzpc5ns5sg2cthy61lqpg3dfzgbys/T/1559197578072-0/src/SRML-master/library/src/main/java/co/jasonwyatt/srml/tags/Tag.java:47: error: self-closing element not allowed
     * Whether or not this tag is allowed to be an empty, self-closing tag. <br/><br/>
                                                                            ^
/private/var/folders/bq/vtzpc5ns5sg2cthy61lqpg3dfzgbys/T/1559197578072-0/src/SRML-master/library/src/main/java/co/jasonwyatt/srml/tags/Tag.java:47: error: self-closing element not allowed
     * Whether or not this tag is allowed to be an empty, self-closing tag. <br/><br/>
                                                                                 ^
/private/var/folders/bq/vtzpc5ns5sg2cthy61lqpg3dfzgbys/T/1559197578072-0/src/SRML-master/library/src/main/java/co/jasonwyatt/srml/tags/Tag.java:70: error: self-closing element not allowed
     * Return whether or not the closing tag seen matches this tag.<br/><br/>
                                                                   ^
/private/var/folders/bq/vtzpc5ns5sg2cthy61lqpg3dfzgbys/T/1559197578072-0/src/SRML-master/library/src/main/java/co/jasonwyatt/srml/tags/Tag.java:70: error: self-closing element not allowed
     * Return whether or not the closing tag seen matches this tag.<br/><br/>
                                                                        ^
/private/var/folders/bq/vtzpc5ns5sg2cthy61lqpg3dfzgbys/T/1559197578072-0/src/SRML-master/library/src/main/java/co/jasonwyatt/srml/tags/Tag.java:72: error: no tag name after @
     * <b>NOTE:</b> Typically you only need to check {@param tagName} against the name you use for the tag.
                                                     ^
/private/var/folders/bq/vtzpc5ns5sg2cthy61lqpg3dfzgbys/T/1559197578072-0/src/SRML-master/library/src/main/java/co/jasonwyatt/srml/tags/Tag.java:81: error: self-closing element not allowed
     * Operate on the provided {@link Spannable}.<br/><br/>
                                                 ^
/private/var/folders/bq/vtzpc5ns5sg2cthy61lqpg3dfzgbys/T/1559197578072-0/src/SRML-master/library/src/main/java/co/jasonwyatt/srml/tags/Tag.java:81: error: self-closing element not allowed
     * Operate on the provided {@link Spannable}.<br/><br/>
                                                      ^
/private/var/folders/bq/vtzpc5ns5sg2cthy61lqpg3dfzgbys/T/1559197578072-0/src/SRML-master/library/src/main/java/co/jasonwyatt/srml/tags/Tag.java:84: error: no tag name after @
     * using {@link #getTaggedTextStart()} and {@param taggedTextEnd} as the start and end
                                               ^
/private/var/folders/bq/vtzpc5ns5sg2cthy61lqpg3dfzgbys/T/1559197578072-0/src/SRML-master/library/src/main/java/co/jasonwyatt/srml/tags/ParameterizedTag.java:17: error: self-closing element not allowed
 * <code>name=value</code> pairs after the tag name in the opening tag.<br/><br/>
                                                                       ^
/private/var/folders/bq/vtzpc5ns5sg2cthy61lqpg3dfzgbys/T/1559197578072-0/src/SRML-master/library/src/main/java/co/jasonwyatt/srml/tags/ParameterizedTag.java:17: error: self-closing element not allowed
 * <code>name=value</code> pairs after the tag name in the opening tag.<br/><br/>
                                                                            ^
/private/var/folders/bq/vtzpc5ns5sg2cthy61lqpg3dfzgbys/T/1559197578072-0/src/SRML-master/library/src/main/java/co/jasonwyatt/srml/tags/ParameterizedTag.java:19: error: self-closing element not allowed
 * Parameters can be of the following formats:<br/>
                                              ^
/private/var/folders/bq/vtzpc5ns5sg2cthy61lqpg3dfzgbys/T/1559197578072-0/src/SRML-master/library/src/main/java/co/jasonwyatt/srml/tags/ParameterizedTag.java:59: warning - Tag @link:illegal character: "60" in "Utils.Pair<String, String>"
/private/var/folders/bq/vtzpc5ns5sg2cthy61lqpg3dfzgbys/T/1559197578072-0/src/SRML-master/library/src/main/java/co/jasonwyatt/srml/tags/ParameterizedTag.java:59: warning - Tag @link: malformed: "Utils.Pair<String, String>"
/private/var/folders/bq/vtzpc5ns5sg2cthy61lqpg3dfzgbys/T/1559197578072-0/src/SRML-master/library/src/main/java/co/jasonwyatt/srml/tags/Tag.java:24: warning: no @param for taggedTextStart
    public Tag(String tagStr, int taggedTextStart) {
           ^
/private/var/folders/bq/vtzpc5ns5sg2cthy61lqpg3dfzgbys/T/1559197578072-0/src/SRML-master/library/src/main/java/co/jasonwyatt/srml/utils/SafeString.java:27: error: unexpected end tag: </p>
     * of 16-bit <code>char</code>s in the sequence.</p>
                                                    ^
/private/var/folders/bq/vtzpc5ns5sg2cthy61lqpg3dfzgbys/T/1559197578072-0/src/SRML-master/library/src/main/java/co/jasonwyatt/srml/utils/SafeString.java:40: error: unexpected end tag: </p>
     * indexing. </p>
                 ^
/private/var/folders/bq/vtzpc5ns5sg2cthy61lqpg3dfzgbys/T/1559197578072-0/src/SRML-master/library/src/main/java/co/jasonwyatt/srml/utils/SafeString.java:65: error: unexpected end tag: </p>
     * then an empty sequence is returned. </p>
                                           ^
/private/var/folders/bq/vtzpc5ns5sg2cthy61lqpg3dfzgbys/T/1559197578072-0/src/SRML-master/library/src/main/java/co/jasonwyatt/srml/utils/SafeString.java:85: error: unexpected end tag: </p>
     * this sequence. </p>
                      ^
/private/var/folders/bq/vtzpc5ns5sg2cthy61lqpg3dfzgbys/T/1559197578072-0/src/SRML-master/library/src/main/java/co/jasonwyatt/srml/utils/Utils.java:34: warning: no @param for divider
    public static String join(CharSequence divider, CharSequence[] parts) {
                         ^
/private/var/folders/bq/vtzpc5ns5sg2cthy61lqpg3dfzgbys/T/1559197578072-0/src/SRML-master/library/src/main/java/co/jasonwyatt/srml/utils/Utils.java:34: warning: no @param for parts
    public static String join(CharSequence divider, CharSequence[] parts) {
                         ^
/private/var/folders/bq/vtzpc5ns5sg2cthy61lqpg3dfzgbys/T/1559197578072-0/src/SRML-master/library/src/main/java/co/jasonwyatt/srml/utils/Utils.java:34: warning: no @return
    public static String join(CharSequence divider, CharSequence[] parts) {
                         ^
/private/var/folders/bq/vtzpc5ns5sg2cthy61lqpg3dfzgbys/T/1559197578072-0/src/SRML-master/library/src/main/java/co/jasonwyatt/srml/utils/Utils.java:95: error: self-closing element not allowed
     * Transform the provided size string into a pixel size.<br/>
                                                            ^
/private/var/folders/bq/vtzpc5ns5sg2cthy61lqpg3dfzgbys/T/1559197578072-0/src/SRML-master/library/src/main/java/co/jasonwyatt/srml/utils/Utils.java:131: error: no tag name after @
     * tries to interpret {@param colorValue} as a resource identifier.
                          ^
/private/var/folders/bq/vtzpc5ns5sg2cthy61lqpg3dfzgbys/T/1559197578072-0/src/SRML-master/library/src/main/java/co/jasonwyatt/srml/utils/Utils.java:133: error: unexpected text
     * @throws {@link NumberFormatException} if {@param colorValue} was not a hex string.
       ^
/private/var/folders/bq/vtzpc5ns5sg2cthy61lqpg3dfzgbys/T/1559197578072-0/src/SRML-master/library/src/main/java/co/jasonwyatt/srml/utils/Utils.java:134: error: unexpected text
     * @throws {@link BadParameterException} if the color value could not be parsed.
       ^
/private/var/folders/bq/vtzpc5ns5sg2cthy61lqpg3dfzgbys/T/1559197578072-0/src/SRML-master/library/src/main/java/co/jasonwyatt/srml/utils/Utils.java:137: warning: no @param for colorValue
    public static int getColorInt(String colorValue) {
                      ^
/private/var/folders/bq/vtzpc5ns5sg2cthy61lqpg3dfzgbys/T/1559197578072-0/src/SRML-master/library/src/main/java/co/jasonwyatt/srml/utils/Utils.java:169: error: unexpected text
     * @throws {@link BadParameterException} if the color value could not be parsed.
       ^

24 errors
14 warnings
:library:javadocJar
:library:sourcesJar
:library:assemble
:library:lint FAILED

FAILURE: Build failed with an exception.

* What went wrong:
Execution failed for task ':library:lint'.
> No toolchains found in the NDK toolchains folder for ABI with prefix: mipsel-linux-android

* Try:
Run with --info or --debug option to get more log output.

* Exception is:
org.gradle.api.tasks.TaskExecutionException: Execution failed for task ':library:lint'.
	at org.gradle.api.internal.tasks.execution.ExecuteActionsTaskExecuter.executeActions(ExecuteActionsTaskExecuter.java:69)
	at org.gradle.api.internal.tasks.execution.ExecuteActionsTaskExecuter.execute(ExecuteActionsTaskExecuter.java:46)
	at org.gradle.api.internal.tasks.execution.PostExecutionAnalysisTaskExecuter.execute(PostExecutionAnalysisTaskExecuter.java:35)
	at org.gradle.api.internal.tasks.execution.SkipUpToDateTaskExecuter.execute(SkipUpToDateTaskExecuter.java:66)
	at org.gradle.api.internal.tasks.execution.ValidatingTaskExecuter.execute(ValidatingTaskExecuter.java:58)
	at org.gradle.api.internal.tasks.execution.SkipEmptySourceFilesTaskExecuter.execute(SkipEmptySourceFilesTaskExecuter.java:52)
	at org.gradle.api.internal.tasks.execution.SkipTaskWithNoActionsExecuter.execute(SkipTaskWithNoActionsExecuter.java:52)
	at org.gradle.api.internal.tasks.execution.SkipOnlyIfTaskExecuter.execute(SkipOnlyIfTaskExecuter.java:53)
	at org.gradle.api.internal.tasks.execution.ExecuteAtMostOnceTaskExecuter.execute(ExecuteAtMostOnceTaskExecuter.java:43)
	at org.gradle.execution.taskgraph.DefaultTaskGraphExecuter$EventFiringTaskWorker.execute(DefaultTaskGraphExecuter.java:203)
	at org.gradle.execution.taskgraph.DefaultTaskGraphExecuter$EventFiringTaskWorker.execute(DefaultTaskGraphExecuter.java:185)
	at org.gradle.execution.taskgraph.AbstractTaskPlanExecutor$TaskExecutorWorker.processTask(AbstractTaskPlanExecutor.java:66)
	at org.gradle.execution.taskgraph.AbstractTaskPlanExecutor$TaskExecutorWorker.run(AbstractTaskPlanExecutor.java:50)
	at org.gradle.execution.taskgraph.DefaultTaskPlanExecutor.process(DefaultTaskPlanExecutor.java:25)
	at org.gradle.execution.taskgraph.DefaultTaskGraphExecuter.execute(DefaultTaskGraphExecuter.java:110)
	at org.gradle.execution.SelectedTaskExecutionAction.execute(SelectedTaskExecutionAction.java:37)
	at org.gradle.execution.DefaultBuildExecuter.execute(DefaultBuildExecuter.java:37)
	at org.gradle.execution.DefaultBuildExecuter.access$000(DefaultBuildExecuter.java:23)
	at org.gradle.execution.DefaultBuildExecuter$1.proceed(DefaultBuildExecuter.java:43)
	at org.gradle.execution.DryRunBuildExecutionAction.execute(DryRunBuildExecutionAction.java:32)
	at org.gradle.execution.DefaultBuildExecuter.execute(DefaultBuildExecuter.java:37)
	at org.gradle.execution.DefaultBuildExecuter.execute(DefaultBuildExecuter.java:30)
	at org.gradle.initialization.DefaultGradleLauncher$4.run(DefaultGradleLauncher.java:153)
	at org.gradle.internal.Factories$1.create(Factories.java:22)
	at org.gradle.internal.progress.DefaultBuildOperationExecutor.run(DefaultBuildOperationExecutor.java:91)
	at org.gradle.internal.progress.DefaultBuildOperationExecutor.run(DefaultBuildOperationExecutor.java:53)
	at org.gradle.initialization.DefaultGradleLauncher.doBuildStages(DefaultGradleLauncher.java:150)
	at org.gradle.initialization.DefaultGradleLauncher.access$200(DefaultGradleLauncher.java:32)
	at org.gradle.initialization.DefaultGradleLauncher$1.create(DefaultGradleLauncher.java:98)
	at org.gradle.initialization.DefaultGradleLauncher$1.create(DefaultGradleLauncher.java:92)
	at org.gradle.internal.progress.DefaultBuildOperationExecutor.run(DefaultBuildOperationExecutor.java:91)
	at org.gradle.internal.progress.DefaultBuildOperationExecutor.run(DefaultBuildOperationExecutor.java:63)
	at org.gradle.initialization.DefaultGradleLauncher.doBuild(DefaultGradleLauncher.java:92)
	at org.gradle.initialization.DefaultGradleLauncher.run(DefaultGradleLauncher.java:83)
	at org.gradle.launcher.exec.InProcessBuildActionExecuter$DefaultBuildController.run(InProcessBuildActionExecuter.java:99)
	at org.gradle.tooling.internal.provider.ExecuteBuildActionRunner.run(ExecuteBuildActionRunner.java:28)
	at org.gradle.launcher.exec.ChainingBuildActionRunner.run(ChainingBuildActionRunner.java:35)
	at org.gradle.launcher.exec.InProcessBuildActionExecuter.execute(InProcessBuildActionExecuter.java:48)
	at org.gradle.launcher.exec.InProcessBuildActionExecuter.execute(InProcessBuildActionExecuter.java:30)
	at org.gradle.launcher.exec.ContinuousBuildActionExecuter.execute(ContinuousBuildActionExecuter.java:81)
	at org.gradle.launcher.exec.ContinuousBuildActionExecuter.execute(ContinuousBuildActionExecuter.java:46)
	at org.gradle.launcher.exec.DaemonUsageSuggestingBuildActionExecuter.execute(DaemonUsageSuggestingBuildActionExecuter.java:51)
	at org.gradle.launcher.exec.DaemonUsageSuggestingBuildActionExecuter.execute(DaemonUsageSuggestingBuildActionExecuter.java:28)
	at org.gradle.launcher.cli.RunBuildAction.run(RunBuildAction.java:43)
	at org.gradle.internal.Actions$RunnableActionAdapter.execute(Actions.java:173)
	at org.gradle.launcher.cli.CommandLineActionFactory$ParseAndBuildAction.execute(CommandLineActionFactory.java:239)
	at org.gradle.launcher.cli.CommandLineActionFactory$ParseAndBuildAction.execute(CommandLineActionFactory.java:212)
	at org.gradle.launcher.cli.JavaRuntimeValidationAction.execute(JavaRuntimeValidationAction.java:35)
	at org.gradle.launcher.cli.JavaRuntimeValidationAction.execute(JavaRuntimeValidationAction.java:24)
	at org.gradle.launcher.cli.ExceptionReportingAction.execute(ExceptionReportingAction.java:33)
	at org.gradle.launcher.cli.ExceptionReportingAction.execute(ExceptionReportingAction.java:22)
	at org.gradle.launcher.cli.CommandLineActionFactory$WithLogging.execute(CommandLineActionFactory.java:205)
	at org.gradle.launcher.cli.CommandLineActionFactory$WithLogging.execute(CommandLineActionFactory.java:169)
	at org.gradle.launcher.Main.doAction(Main.java:33)
	at org.gradle.launcher.bootstrap.EntryPoint.run(EntryPoint.java:45)
	at org.gradle.launcher.bootstrap.ProcessBootstrap.runNoExit(ProcessBootstrap.java:55)
	at org.gradle.launcher.bootstrap.ProcessBootstrap.run(ProcessBootstrap.java:36)
	at org.gradle.launcher.GradleMain.main(GradleMain.java:23)
	at org.gradle.wrapper.BootstrapMainStarter.start(BootstrapMainStarter.java:30)
	at org.gradle.wrapper.WrapperExecutor.execute(WrapperExecutor.java:129)
	at org.gradle.wrapper.GradleWrapperMain.main(GradleWrapperMain.java:61)
Caused by: java.lang.RuntimeException: No toolchains found in the NDK toolchains folder for ABI with prefix: mipsel-linux-android
	at com.android.build.gradle.internal.ndk.DefaultNdkInfo.getDefaultToolchainVersion(DefaultNdkInfo.java:330)
	at com.android.build.gradle.internal.ndk.DefaultNdkInfo.getToolchainPath(DefaultNdkInfo.java:207)
	at com.android.build.gradle.internal.ndk.DefaultNdkInfo.getCCompiler(DefaultNdkInfo.java:263)
	at com.android.build.gradle.internal.ndk.NdkHandler.getCCompiler(NdkHandler.java:306)
	at com.android.build.gradle.internal.model.ModelBuilder.createNativeToolchainModelMap(ModelBuilder.java:240)
	at com.android.build.gradle.internal.model.ModelBuilder.buildAll(ModelBuilder.java:175)
	at com.android.build.gradle.tasks.Lint.createAndroidProject(Lint.java:288)
	at com.android.build.gradle.tasks.Lint.lint(Lint.java:105)
	at org.gradle.internal.reflect.JavaMethod.invoke(JavaMethod.java:75)
	at org.gradle.api.internal.project.taskfactory.AnnotationProcessingTaskFactory$StandardTaskAction.doExecute(AnnotationProcessingTaskFactory.java:228)
	at org.gradle.api.internal.project.taskfactory.AnnotationProcessingTaskFactory$StandardTaskAction.execute(AnnotationProcessingTaskFactory.java:221)
	at org.gradle.api.internal.project.taskfactory.AnnotationProcessingTaskFactory$StandardTaskAction.execute(AnnotationProcessingTaskFactory.java:210)
	at org.gradle.api.internal.AbstractTask$TaskActionWrapper.execute(AbstractTask.java:621)
	at org.gradle.api.internal.AbstractTask$TaskActionWrapper.execute(AbstractTask.java:604)
	at org.gradle.api.internal.tasks.execution.ExecuteActionsTaskExecuter.executeAction(ExecuteActionsTaskExecuter.java:80)
	at org.gradle.api.internal.tasks.execution.ExecuteActionsTaskExecuter.executeActions(ExecuteActionsTaskExecuter.java:61)
	... 60 more


BUILD FAILED

Total time: 9.52 secs

2019-05-30 13:26:50,200 INFO  ProjectTaskService - Detecting possible tasks...
2019-05-30 13:26:50,201 INFO  SysUtils - Execute command: [/var/folders/bq/vtzpc5ns5sg2cthy61lqpg3dfzgbys/T/1559197578072-0/src/SRML-master/gradlew, -b, /var/folders/bq/vtzpc5ns5sg2cthy61lqpg3dfzgbys/T/1559197578072-0/src/SRML-master/build.gradle, -Dorg.gradle.daemon=false, -Dorg.gradle.daemon.performance.enable-monitoring=false, -Dorg.gradle.configureondemand=true, tasks]
2019-05-30 13:26:56,494 ERROR ProjectTaskService - Could not detect possible Gradle tasks: Process exited with an error: 1 (Exit value: 1)
2019-05-30 13:26:56,494 INFO  ProjectTaskService - Detected possible tasks: 0
2019-05-30 13:26:56,494 INFO  ProjectTaskService - Excluded tasks (0): none
2019-05-30 13:26:56,494 INFO  SysUtils - Execute command: [/var/folders/bq/vtzpc5ns5sg2cthy61lqpg3dfzgbys/T/1559197578072-0/src/SRML-master/gradlew, -b, /var/folders/bq/vtzpc5ns5sg2cthy61lqpg3dfzgbys/T/1559197578072-0/src/SRML-master/build.gradle, -Dorg.gradle.daemon=false, -Dorg.gradle.daemon.performance.enable-monitoring=false, -Dorg.gradle.configureondemand=true, --stacktrace, build]
2019-05-30 13:27:02,581 ERROR SysUtils - Could not process external command
org.apache.commons.exec.ExecuteException: Process exited with an error: 1 (Exit value: 1)
	at org.apache.commons.exec.DefaultExecutor.executeInternal(DefaultExecutor.java:404)
	at org.apache.commons.exec.DefaultExecutor.execute(DefaultExecutor.java:166)
	at com.github.vbauer.apkmaster.util.SysUtils.execute(SysUtils.java:67)
	at com.github.vbauer.apkmaster.util.SysUtils.executeSimple(SysUtils.java:43)
	at com.github.vbauer.apkmaster.service.assembly.ProjectBuildService.buildProject(ProjectBuildService.java:78)
	at com.github.vbauer.apkmaster.service.assembly.ProjectBuildService.buildProject(ProjectBuildService.java:64)
	at com.github.vbauer.apkmaster.service.assembly.ProjectBuildService.buildProject(ProjectBuildService.java:43)
	at com.github.vbauer.apkmaster.service.FullProcessService.build(FullProcessService.java:84)
	at com.github.vbauer.apkmaster.service.FullProcessService.process(FullProcessService.java:34)
	at com.github.vbauer.apkmaster.app.MainApplication.process(MainApplication.java:38)
	at com.github.vbauer.apkmaster.app.MainApplication.main(MainApplication.java:20)
	at sun.reflect.GeneratedMethodAccessor9.invoke(Unknown Source)
	at sun.reflect.DelegatingMethodAccessorImpl.invoke(DelegatingMethodAccessorImpl.java:43)
	at java.lang.reflect.Method.invoke(Method.java:498)
	at com.android.arsenal.util.ReflectionUtils.invoke(ReflectionUtils.java:52)
	at com.android.arsenal.util.ApkMasterUtils.main(ApkMasterUtils.java:30)
	at com.android.arsenal.service.processor.impl.BuildProcessorServiceImpl.buildProject(BuildProcessorServiceImpl.java:196)
	at com.android.arsenal.service.processor.impl.BuildProcessorServiceImpl.build(BuildProcessorServiceImpl.java:130)
	at com.android.arsenal.service.processor.impl.BuildProcessorServiceImpl.lambda$createTasks$1(BuildProcessorServiceImpl.java:113)
	at java.util.concurrent.FutureTask.run(FutureTask.java:266)
	at java.util.concurrent.Executors$RunnableAdapter.call(Executors.java:511)
	at java.util.concurrent.FutureTask.run(FutureTask.java:266)
	at java.util.concurrent.ThreadPoolExecutor.runWorker(ThreadPoolExecutor.java:1149)
	at java.util.concurrent.ThreadPoolExecutor$Worker.run(ThreadPoolExecutor.java:624)
	at java.lang.Thread.run(Thread.java:748)
2019-05-30 13:27:02,581 INFO  SysUtils - Configuration on demand is an incubating feature.
Incremental java compilation is an incubating feature.

FAILURE: Build failed with an exception.

* What went wrong:
A problem occurred configuring project ':app'.
> No toolchains found in the NDK toolchains folder for ABI with prefix: mipsel-linux-android

* Try:
Run with --info or --debug option to get more log output.

* Exception is:
org.gradle.api.ProjectConfigurationException: A problem occurred configuring project ':app'.
	at org.gradle.configuration.project.LifecycleProjectEvaluator.addConfigurationFailure(LifecycleProjectEvaluator.java:79)
	at org.gradle.configuration.project.LifecycleProjectEvaluator.notifyAfterEvaluate(LifecycleProjectEvaluator.java:74)
	at org.gradle.configuration.project.LifecycleProjectEvaluator.evaluate(LifecycleProjectEvaluator.java:61)
	at org.gradle.api.internal.project.AbstractProject.evaluate(AbstractProject.java:540)
	at org.gradle.api.internal.project.AbstractProject.evaluate(AbstractProject.java:93)
	at org.gradle.execution.TaskPathProjectEvaluator.configureHierarchy(TaskPathProjectEvaluator.java:47)
	at org.gradle.execution.TaskSelector.getSelection(TaskSelector.java:84)
	at org.gradle.execution.TaskSelector.getSelection(TaskSelector.java:75)
	at org.gradle.execution.commandline.CommandLineTaskParser.parseTasks(CommandLineTaskParser.java:42)
	at org.gradle.execution.TaskNameResolvingBuildConfigurationAction.configure(TaskNameResolvingBuildConfigurationAction.java:44)
	at org.gradle.execution.DefaultBuildConfigurationActionExecuter.configure(DefaultBuildConfigurationActionExecuter.java:48)
	at org.gradle.execution.DefaultBuildConfigurationActionExecuter.access$000(DefaultBuildConfigurationActionExecuter.java:25)
	at org.gradle.execution.DefaultBuildConfigurationActionExecuter$1.proceed(DefaultBuildConfigurationActionExecuter.java:54)
	at org.gradle.execution.DefaultTasksBuildExecutionAction.configure(DefaultTasksBuildExecutionAction.java:44)
	at org.gradle.execution.DefaultBuildConfigurationActionExecuter.configure(DefaultBuildConfigurationActionExecuter.java:48)
	at org.gradle.execution.DefaultBuildConfigurationActionExecuter.access$000(DefaultBuildConfigurationActionExecuter.java:25)
	at org.gradle.execution.DefaultBuildConfigurationActionExecuter$1.proceed(DefaultBuildConfigurationActionExecuter.java:54)
	at org.gradle.execution.ExcludedTaskFilteringBuildConfigurationAction.configure(ExcludedTaskFilteringBuildConfigurationAction.java:47)
	at org.gradle.execution.DefaultBuildConfigurationActionExecuter.configure(DefaultBuildConfigurationActionExecuter.java:48)
	at org.gradle.execution.DefaultBuildConfigurationActionExecuter.select(DefaultBuildConfigurationActionExecuter.java:36)
	at org.gradle.initialization.DefaultGradleLauncher$3.run(DefaultGradleLauncher.java:142)
	at org.gradle.internal.Factories$1.create(Factories.java:22)
	at org.gradle.internal.progress.DefaultBuildOperationExecutor.run(DefaultBuildOperationExecutor.java:91)
	at org.gradle.internal.progress.DefaultBuildOperationExecutor.run(DefaultBuildOperationExecutor.java:53)
	at org.gradle.initialization.DefaultGradleLauncher.doBuildStages(DefaultGradleLauncher.java:139)
	at org.gradle.initialization.DefaultGradleLauncher.access$200(DefaultGradleLauncher.java:32)
	at org.gradle.initialization.DefaultGradleLauncher$1.create(DefaultGradleLauncher.java:98)
	at org.gradle.initialization.DefaultGradleLauncher$1.create(DefaultGradleLauncher.java:92)
	at org.gradle.internal.progress.DefaultBuildOperationExecutor.run(DefaultBuildOperationExecutor.java:91)
	at org.gradle.internal.progress.DefaultBuildOperationExecutor.run(DefaultBuildOperationExecutor.java:63)
	at org.gradle.initialization.DefaultGradleLauncher.doBuild(DefaultGradleLauncher.java:92)
	at org.gradle.initialization.DefaultGradleLauncher.run(DefaultGradleLauncher.java:83)
	at org.gradle.launcher.exec.InProcessBuildActionExecuter$DefaultBuildController.run(InProcessBuildActionExecuter.java:99)
	at org.gradle.tooling.internal.provider.ExecuteBuildActionRunner.run(ExecuteBuildActionRunner.java:28)
	at org.gradle.launcher.exec.ChainingBuildActionRunner.run(ChainingBuildActionRunner.java:35)
	at org.gradle.launcher.exec.InProcessBuildActionExecuter.execute(InProcessBuildActionExecuter.java:48)
	at org.gradle.launcher.exec.InProcessBuildActionExecuter.execute(InProcessBuildActionExecuter.java:30)
	at org.gradle.launcher.exec.ContinuousBuildActionExecuter.execute(ContinuousBuildActionExecuter.java:81)
	at org.gradle.launcher.exec.ContinuousBuildActionExecuter.execute(ContinuousBuildActionExecuter.java:46)
	at org.gradle.launcher.exec.DaemonUsageSuggestingBuildActionExecuter.execute(DaemonUsageSuggestingBuildActionExecuter.java:51)
	at org.gradle.launcher.exec.DaemonUsageSuggestingBuildActionExecuter.execute(DaemonUsageSuggestingBuildActionExecuter.java:28)
	at org.gradle.launcher.cli.RunBuildAction.run(RunBuildAction.java:43)
	at org.gradle.internal.Actions$RunnableActionAdapter.execute(Actions.java:173)
	at org.gradle.launcher.cli.CommandLineActionFactory$ParseAndBuildAction.execute(CommandLineActionFactory.java:239)
	at org.gradle.launcher.cli.CommandLineActionFactory$ParseAndBuildAction.execute(CommandLineActionFactory.java:212)
	at org.gradle.launcher.cli.JavaRuntimeValidationAction.execute(JavaRuntimeValidationAction.java:35)
	at org.gradle.launcher.cli.JavaRuntimeValidationAction.execute(JavaRuntimeValidationAction.java:24)
	at org.gradle.launcher.cli.ExceptionReportingAction.execute(ExceptionReportingAction.java:33)
	at org.gradle.launcher.cli.ExceptionReportingAction.execute(ExceptionReportingAction.java:22)
	at org.gradle.launcher.cli.CommandLineActionFactory$WithLogging.execute(CommandLineActionFactory.java:205)
	at org.gradle.launcher.cli.CommandLineActionFactory$WithLogging.execute(CommandLineActionFactory.java:169)
	at org.gradle.launcher.Main.doAction(Main.java:33)
	at org.gradle.launcher.bootstrap.EntryPoint.run(EntryPoint.java:45)
	at org.gradle.launcher.bootstrap.ProcessBootstrap.runNoExit(ProcessBootstrap.java:55)
	at org.gradle.launcher.bootstrap.ProcessBootstrap.run(ProcessBootstrap.java:36)
	at org.gradle.launcher.GradleMain.main(GradleMain.java:23)
	at org.gradle.wrapper.BootstrapMainStarter.start(BootstrapMainStarter.java:30)
	at org.gradle.wrapper.WrapperExecutor.execute(WrapperExecutor.java:129)
	at org.gradle.wrapper.GradleWrapperMain.main(GradleWrapperMain.java:61)
Caused by: java.lang.RuntimeException: No toolchains found in the NDK toolchains folder for ABI with prefix: mipsel-linux-android
	at com.android.build.gradle.internal.ndk.DefaultNdkInfo.getDefaultToolchainVersion(DefaultNdkInfo.java:330)
	at com.android.build.gradle.internal.ndk.DefaultNdkInfo.getToolchainPath(DefaultNdkInfo.java:207)
	at com.android.build.gradle.internal.ndk.DefaultNdkInfo.getStripExecutable(DefaultNdkInfo.java:300)
	at com.android.build.gradle.internal.ndk.NdkHandler.getStripExecutable(NdkHandler.java:333)
	at com.android.build.gradle.internal.transforms.StripDebugSymbolTransform.<init>(StripDebugSymbolTransform.java:87)
	at com.android.build.gradle.internal.TaskManager.createStripNativeLibraryTask(TaskManager.java:1342)
	at com.android.build.gradle.internal.ApplicationTaskManager.createTasksForVariantData(ApplicationTaskManager.java:289)
	at com.android.build.gradle.internal.VariantManager.createTasksForVariantData(VariantManager.java:485)
	at com.android.build.gradle.internal.VariantManager$3.call(VariantManager.java:293)
	at com.android.build.gradle.internal.VariantManager$3.call(VariantManager.java:290)
	at com.android.builder.profile.ThreadRecorder.record(ThreadRecorder.java:156)
	at com.android.builder.profile.ThreadRecorder.record(ThreadRecorder.java:120)
	at com.android.build.gradle.internal.profile.SpanRecorders.record(SpanRecorders.java:44)
	at com.android.build.gradle.internal.VariantManager.createAndroidTasks(VariantManager.java:286)
	at com.android.build.gradle.BasePlugin$11.call(BasePlugin.java:688)
	at com.android.build.gradle.BasePlugin$11.call(BasePlugin.java:685)
	at com.android.builder.profile.ThreadRecorder.record(ThreadRecorder.java:156)
	at com.android.builder.profile.ThreadRecorder.record(ThreadRecorder.java:120)
	at com.android.build.gradle.BasePlugin.createAndroidTasks(BasePlugin.java:683)
	at com.android.build.gradle.BasePlugin$10.call(BasePlugin.java:608)
	at com.android.build.gradle.BasePlugin$10.call(BasePlugin.java:605)
	at com.android.builder.profile.ThreadRecorder.record(ThreadRecorder.java:156)
	at com.android.builder.profile.ThreadRecorder.record(ThreadRecorder.java:120)
	at com.android.build.gradle.BasePlugin.lambda$createTasks$1(BasePlugin.java:603)
	at org.gradle.internal.event.BroadcastDispatch$ActionInvocationHandler.dispatch(BroadcastDispatch.java:93)
	at org.gradle.internal.event.BroadcastDispatch$ActionInvocationHandler.dispatch(BroadcastDispatch.java:82)
	at org.gradle.internal.event.AbstractBroadcastDispatch.dispatch(AbstractBroadcastDispatch.java:44)
	at org.gradle.internal.event.BroadcastDispatch.dispatch(BroadcastDispatch.java:79)
	at org.gradle.internal.event.BroadcastDispatch.dispatch(BroadcastDispatch.java:30)
	at org.gradle.internal.dispatch.ProxyDispatchAdapter$DispatchingInvocationHandler.invoke(ProxyDispatchAdapter.java:93)
	at com.sun.proxy.$Proxy10.afterEvaluate(Unknown Source)
	at org.gradle.configuration.project.LifecycleProjectEvaluator.notifyAfterEvaluate(LifecycleProjectEvaluator.java:67)
	... 57 more


BUILD FAILED

Total time: 5.492 secs

2019-05-30 13:27:02,592 ERROR FullProcessService - Project build has not produced APK file
2019-05-30 13:27:02,603 ERROR FullProcessService - Could not find generated or existed APK file
