2018-10-18 10:43:51,376 INFO  DownloadService - Downloading "https://github.com/VictorAlbertos/SwipeCoordinator/archive/master.zip", attempt 3
2018-10-18 10:43:52,583 INFO  DownloadService - Downloaded https://github.com/VictorAlbertos/SwipeCoordinator/archive/master.zip, attempt 3
2018-10-18 10:43:52,584 INFO  DownloadService - Size of file "/var/folders/bq/vtzpc5ns5sg2cthy61lqpg3dfzgbys/T/1539834231373-0/master.zip": 672 KB
2018-10-18 10:43:52,584 INFO  ArchiveUtils - Checking entries [.gradle] in ZIP file...
2018-10-18 10:43:52,584 INFO  ArchiveUtils - Has entries [.gradle] in ZIP file /var/folders/bq/vtzpc5ns5sg2cthy61lqpg3dfzgbys/T/1539834231373-0/master.zip: true
2018-10-18 10:43:52,584 DEBUG ZipUtil - Extracting '/var/folders/bq/vtzpc5ns5sg2cthy61lqpg3dfzgbys/T/1539834231373-0/master.zip' into '/var/folders/bq/vtzpc5ns5sg2cthy61lqpg3dfzgbys/T/1539834231373-0/src'.
2018-10-18 10:43:52,615 INFO  FullProcessService - Size of directory with sources: 781 KB
2018-10-18 10:43:52,616 INFO  SysUtils - Execute command: [git, init, /var/folders/bq/vtzpc5ns5sg2cthy61lqpg3dfzgbys/T/1539834231373-0/src]
2018-10-18 10:43:52,633 INFO  SysUtils - Initialized empty Git repository in /private/var/folders/bq/vtzpc5ns5sg2cthy61lqpg3dfzgbys/T/1539834231373-0/src/.git/

2018-10-18 10:43:52,637 INFO  ProjectBuildService - Gradle wrapper(s): /var/folders/bq/vtzpc5ns5sg2cthy61lqpg3dfzgbys/T/1539834231373-0/src/SwipeCoordinator-master/gradlew
2018-10-18 10:43:52,641 INFO  ProjectBuildService - Build script(s): /var/folders/bq/vtzpc5ns5sg2cthy61lqpg3dfzgbys/T/1539834231373-0/src/SwipeCoordinator-master/swipe-coordinator/build.gradle /var/folders/bq/vtzpc5ns5sg2cthy61lqpg3dfzgbys/T/1539834231373-0/src/SwipeCoordinator-master/test-sample/build.gradle /var/folders/bq/vtzpc5ns5sg2cthy61lqpg3dfzgbys/T/1539834231373-0/src/SwipeCoordinator-master/build.gradle
2018-10-18 10:43:52,644 INFO  ProjectBuildService - All script(s): /var/folders/bq/vtzpc5ns5sg2cthy61lqpg3dfzgbys/T/1539834231373-0/src/SwipeCoordinator-master/test-sample/build.gradle /var/folders/bq/vtzpc5ns5sg2cthy61lqpg3dfzgbys/T/1539834231373-0/src/SwipeCoordinator-master/swipe-coordinator/build.gradle /var/folders/bq/vtzpc5ns5sg2cthy61lqpg3dfzgbys/T/1539834231373-0/src/SwipeCoordinator-master/build.gradle /var/folders/bq/vtzpc5ns5sg2cthy61lqpg3dfzgbys/T/1539834231373-0/src/SwipeCoordinator-master/settings.gradle
2018-10-18 10:43:52,644 INFO  ProjectBuildService - Remote scripts: none
2018-10-18 10:43:52,644 INFO  ProjectFixService - Fixing project...
2018-10-18 10:43:52,654 INFO  LocalPropertiesFixService - Created fake /var/folders/bq/vtzpc5ns5sg2cthy61lqpg3dfzgbys/T/1539834231373-0/src/SwipeCoordinator-master/swipe-coordinator/local.properties
2018-10-18 10:43:52,654 INFO  ProjectFixService - Build info for "/var/folders/bq/vtzpc5ns5sg2cthy61lqpg3dfzgbys/T/1539834231373-0/src/SwipeCoordinator-master/swipe-coordinator/build.gradle": [buildToolsVersion=24.0.1,compileSdkVersion=24,minSdkVersion=16,targetSdkVersion=24]
2018-10-18 10:43:52,655 INFO  LocalPropertiesFixService - Created fake /var/folders/bq/vtzpc5ns5sg2cthy61lqpg3dfzgbys/T/1539834231373-0/src/SwipeCoordinator-master/test-sample/local.properties
2018-10-18 10:43:52,656 INFO  ProjectFixService - Build info for "/var/folders/bq/vtzpc5ns5sg2cthy61lqpg3dfzgbys/T/1539834231373-0/src/SwipeCoordinator-master/test-sample/build.gradle": [buildToolsVersion=24.0.1,compileSdkVersion=24,minSdkVersion=18,targetSdkVersion=24]
2018-10-18 10:43:52,657 INFO  LocalPropertiesFixService - Created fake /var/folders/bq/vtzpc5ns5sg2cthy61lqpg3dfzgbys/T/1539834231373-0/src/SwipeCoordinator-master/local.properties
2018-10-18 10:43:52,657 INFO  WrapperPropertiesFixService - Gradle wrapper: https://services.gradle.org/distributions/gradle-2.14.1-all.zip
2018-10-18 10:43:52,658 INFO  WrapperPropertiesFixService - Gradle wrapper was changed from "-all.zip" to "-bin.zip" (https://services.gradle.org/distributions/gradle-2.14.1-bin.zip)
2018-10-18 10:43:52,659 INFO  ProjectFixService - Build info for "/var/folders/bq/vtzpc5ns5sg2cthy61lqpg3dfzgbys/T/1539834231373-0/src/SwipeCoordinator-master/build.gradle": [buildToolsVersion=24.0.1,compileSdkVersion=24,minSdkVersion=18,targetSdkVersion=24]
2018-10-18 10:43:52,660 INFO  ProjectFixService - Project was maybe fixed
2018-10-18 10:43:52,660 INFO  ProjectTaskService - Detecting possible tasks...
2018-10-18 10:43:52,660 INFO  SysUtils - Execute command: [/var/folders/bq/vtzpc5ns5sg2cthy61lqpg3dfzgbys/T/1539834231373-0/src/SwipeCoordinator-master/gradlew, -b, /var/folders/bq/vtzpc5ns5sg2cthy61lqpg3dfzgbys/T/1539834231373-0/src/SwipeCoordinator-master/swipe-coordinator/build.gradle, -Dorg.gradle.daemon=false, -Dorg.gradle.daemon.performance.enable-monitoring=false, -Dorg.gradle.configureondemand=true, tasks]
2018-10-18 10:44:23,034 ERROR ProjectTaskService - Could not detect possible Gradle tasks: Process exited with an error: 1 (Exit value: 1)
2018-10-18 10:44:23,034 INFO  ProjectTaskService - Detected possible tasks: 0
2018-10-18 10:44:23,035 INFO  ProjectTaskService - Excluded tasks (0): none
2018-10-18 10:44:23,035 INFO  SysUtils - Execute command: [/var/folders/bq/vtzpc5ns5sg2cthy61lqpg3dfzgbys/T/1539834231373-0/src/SwipeCoordinator-master/gradlew, -b, /var/folders/bq/vtzpc5ns5sg2cthy61lqpg3dfzgbys/T/1539834231373-0/src/SwipeCoordinator-master/swipe-coordinator/build.gradle, -Dorg.gradle.daemon=false, -Dorg.gradle.daemon.performance.enable-monitoring=false, -Dorg.gradle.configureondemand=true, --stacktrace, build]
2018-10-18 10:44:31,358 ERROR SysUtils - Could not process external command
org.apache.commons.exec.ExecuteException: Process exited with an error: 1 (Exit value: 1)
	at org.apache.commons.exec.DefaultExecutor.executeInternal(DefaultExecutor.java:404)
	at org.apache.commons.exec.DefaultExecutor.execute(DefaultExecutor.java:166)
	at com.github.vbauer.apkmaster.util.SysUtils.execute(SysUtils.java:67)
	at com.github.vbauer.apkmaster.util.SysUtils.executeSimple(SysUtils.java:43)
	at com.github.vbauer.apkmaster.service.assembly.ProjectBuildService.buildProject(ProjectBuildService.java:78)
	at com.github.vbauer.apkmaster.service.assembly.ProjectBuildService.buildProject(ProjectBuildService.java:64)
	at com.github.vbauer.apkmaster.service.assembly.ProjectBuildService.buildProject(ProjectBuildService.java:43)
	at com.github.vbauer.apkmaster.service.FullProcessService.build(FullProcessService.java:84)
	at com.github.vbauer.apkmaster.service.FullProcessService.process(FullProcessService.java:34)
	at com.github.vbauer.apkmaster.app.MainApplication.process(MainApplication.java:38)
	at com.github.vbauer.apkmaster.app.MainApplication.main(MainApplication.java:20)
	at sun.reflect.NativeMethodAccessorImpl.invoke0(Native Method)
	at sun.reflect.NativeMethodAccessorImpl.invoke(NativeMethodAccessorImpl.java:62)
	at sun.reflect.DelegatingMethodAccessorImpl.invoke(DelegatingMethodAccessorImpl.java:43)
	at java.lang.reflect.Method.invoke(Method.java:498)
	at com.android.arsenal.util.ReflectionUtils.invoke(ReflectionUtils.java:52)
	at com.android.arsenal.util.ApkMasterUtils.main(ApkMasterUtils.java:30)
	at com.android.arsenal.service.processor.impl.BuildProcessorServiceImpl.buildProject(BuildProcessorServiceImpl.java:196)
	at com.android.arsenal.service.processor.impl.BuildProcessorServiceImpl.build(BuildProcessorServiceImpl.java:130)
	at com.android.arsenal.service.processor.impl.BuildProcessorServiceImpl.lambda$null$1(BuildProcessorServiceImpl.java:113)
	at java.util.concurrent.FutureTask.run(FutureTask.java:266)
	at java.util.concurrent.Executors$RunnableAdapter.call(Executors.java:511)
	at java.util.concurrent.FutureTask.run(FutureTask.java:266)
	at java.util.concurrent.ThreadPoolExecutor.runWorker(ThreadPoolExecutor.java:1149)
	at java.util.concurrent.ThreadPoolExecutor$Worker.run(ThreadPoolExecutor.java:624)
	at java.lang.Thread.run(Thread.java:748)
2018-10-18 10:44:31,358 INFO  SysUtils - Configuration on demand is an incubating feature.
Incremental java compilation is an incubating feature.
:swipe-coordinator:preBuild UP-TO-DATE
:swipe-coordinator:preDebugBuild UP-TO-DATE
:swipe-coordinator:compileDebugNdk UP-TO-DATE
:swipe-coordinator:compileLint
:swipe-coordinator:copyDebugLint UP-TO-DATE
:swipe-coordinator:mergeDebugProguardFiles
:swipe-coordinator:packageDebugRenderscript UP-TO-DATE
:swipe-coordinator:checkDebugManifest
:swipe-coordinator:prepareDebugDependencies
:swipe-coordinator:compileDebugRenderscript
:swipe-coordinator:generateDebugResValues
:swipe-coordinator:generateDebugResources
:swipe-coordinator:packageDebugResources
:swipe-coordinator:compileDebugAidl
:swipe-coordinator:generateDebugBuildConfig
:swipe-coordinator:mergeDebugShaders
:swipe-coordinator:compileDebugShaders
:swipe-coordinator:generateDebugAssets
:swipe-coordinator:mergeDebugAssets
:swipe-coordinator:processDebugManifest
:swipe-coordinator:processDebugResources
:swipe-coordinator:generateDebugSources
:swipe-coordinator:incrementalDebugJavaCompilationSafeguard
:swipe-coordinator:compileDebugJavaWithJavac
:swipe-coordinator:compileDebugJavaWithJavac - is not incremental (e.g. outputs have changed, no previous execution, etc.).
:swipe-coordinator:processDebugJavaRes UP-TO-DATE
:swipe-coordinator:transformResourcesWithMergeJavaResForDebug
:swipe-coordinator:transformClassesAndResourcesWithSyncLibJarsForDebug
:swipe-coordinator:mergeDebugJniLibFolders
:swipe-coordinator:transformNative_libsWithMergeJniLibsForDebug
:swipe-coordinator:transformNative_libsWithSyncJniLibsForDebug
:swipe-coordinator:bundleDebug
:swipe-coordinator:compileDebugSources
:swipe-coordinator:assembleDebug
:swipe-coordinator:preReleaseBuild UP-TO-DATE
:swipe-coordinator:compileReleaseNdk UP-TO-DATE
:swipe-coordinator:copyReleaseLint UP-TO-DATE
:swipe-coordinator:mergeReleaseProguardFiles
:swipe-coordinator:packageReleaseRenderscript UP-TO-DATE
:swipe-coordinator:checkReleaseManifest
:swipe-coordinator:prepareReleaseDependencies
:swipe-coordinator:compileReleaseRenderscript
:swipe-coordinator:generateReleaseResValues
:swipe-coordinator:generateReleaseResources
:swipe-coordinator:packageReleaseResources
:swipe-coordinator:compileReleaseAidl
:swipe-coordinator:generateReleaseBuildConfig
:swipe-coordinator:mergeReleaseShaders
:swipe-coordinator:compileReleaseShaders
:swipe-coordinator:generateReleaseAssets
:swipe-coordinator:mergeReleaseAssets
:swipe-coordinator:processReleaseManifest
:swipe-coordinator:processReleaseResources
:swipe-coordinator:generateReleaseSources
:swipe-coordinator:incrementalReleaseJavaCompilationSafeguard
:swipe-coordinator:compileReleaseJavaWithJavac
:swipe-coordinator:compileReleaseJavaWithJavac - is not incremental (e.g. outputs have changed, no previous execution, etc.).
:swipe-coordinator:processReleaseJavaRes UP-TO-DATE
:swipe-coordinator:transformResourcesWithMergeJavaResForRelease
:swipe-coordinator:transformClassesAndResourcesWithSyncLibJarsForRelease
:swipe-coordinator:mergeReleaseJniLibFolders
:swipe-coordinator:transformNative_libsWithMergeJniLibsForRelease
:swipe-coordinator:transformNative_libsWithSyncJniLibsForRelease
:swipe-coordinator:bundleRelease
:swipe-coordinator:compileReleaseSources
:swipe-coordinator:assembleRelease
:swipe-coordinator:javadoc/private/var/folders/bq/vtzpc5ns5sg2cthy61lqpg3dfzgbys/T/1539834231373-0/src/SwipeCoordinator-master/swipe-coordinator/src/main/java/io/victoralbertos/swipe_coordinator/SwipeCoordinator.java:75: error: unterminated signature
   * Set the {@link ProgressListener)
             ^
/private/var/folders/bq/vtzpc5ns5sg2cthy61lqpg3dfzgbys/T/1539834231373-0/src/SwipeCoordinator-master/swipe-coordinator/src/main/java/io/victoralbertos/swipe_coordinator/SwipeCoordinator.java:77: warning: no @param for progressListener
  public void setProgressListener(ProgressListener progressListener) {
              ^
/private/var/folders/bq/vtzpc5ns5sg2cthy61lqpg3dfzgbys/T/1539834231373-0/src/SwipeCoordinator-master/swipe-coordinator/src/main/java/io/victoralbertos/swipe_coordinator/SwipeCoordinator.java:82: error: unterminated inline tag
   * Set the {@link ActionUpSwipeListener )
                                          ^
/private/var/folders/bq/vtzpc5ns5sg2cthy61lqpg3dfzgbys/T/1539834231373-0/src/SwipeCoordinator-master/swipe-coordinator/src/main/java/io/victoralbertos/swipe_coordinator/SwipeCoordinator.java:84: warning: no @param for actionUpSwipeListener
  public void setOnActionUpSwipeListener(ActionUpSwipeListener actionUpSwipeListener) {
              ^
/private/var/folders/bq/vtzpc5ns5sg2cthy61lqpg3dfzgbys/T/1539834231373-0/src/SwipeCoordinator-master/swipe-coordinator/src/main/java/io/victoralbertos/swipe_coordinator/SwipeCoordinator.java:101: warning: no @param for variancePercentage
  public void setVariancePercentage(float variancePercentage) {
              ^

2 errors
3 warnings
:swipe-coordinator:javadocJar
:swipe-coordinator:sourcesJar
:swipe-coordinator:assemble
:swipe-coordinator:lint FAILED

FAILURE: Build failed with an exception.

* What went wrong:
Execution failed for task ':swipe-coordinator:lint'.
> No toolchains found in the NDK toolchains folder for ABI with prefix: mipsel-linux-android

* Try:
Run with --info or --debug option to get more log output.

* Exception is:
org.gradle.api.tasks.TaskExecutionException: Execution failed for task ':swipe-coordinator:lint'.
	at org.gradle.api.internal.tasks.execution.ExecuteActionsTaskExecuter.executeActions(ExecuteActionsTaskExecuter.java:69)
	at org.gradle.api.internal.tasks.execution.ExecuteActionsTaskExecuter.execute(ExecuteActionsTaskExecuter.java:46)
	at org.gradle.api.internal.tasks.execution.PostExecutionAnalysisTaskExecuter.execute(PostExecutionAnalysisTaskExecuter.java:35)
	at org.gradle.api.internal.tasks.execution.SkipUpToDateTaskExecuter.execute(SkipUpToDateTaskExecuter.java:66)
	at org.gradle.api.internal.tasks.execution.ValidatingTaskExecuter.execute(ValidatingTaskExecuter.java:58)
	at org.gradle.api.internal.tasks.execution.SkipEmptySourceFilesTaskExecuter.execute(SkipEmptySourceFilesTaskExecuter.java:52)
	at org.gradle.api.internal.tasks.execution.SkipTaskWithNoActionsExecuter.execute(SkipTaskWithNoActionsExecuter.java:52)
	at org.gradle.api.internal.tasks.execution.SkipOnlyIfTaskExecuter.execute(SkipOnlyIfTaskExecuter.java:53)
	at org.gradle.api.internal.tasks.execution.ExecuteAtMostOnceTaskExecuter.execute(ExecuteAtMostOnceTaskExecuter.java:43)
	at org.gradle.execution.taskgraph.DefaultTaskGraphExecuter$EventFiringTaskWorker.execute(DefaultTaskGraphExecuter.java:203)
	at org.gradle.execution.taskgraph.DefaultTaskGraphExecuter$EventFiringTaskWorker.execute(DefaultTaskGraphExecuter.java:185)
	at org.gradle.execution.taskgraph.AbstractTaskPlanExecutor$TaskExecutorWorker.processTask(AbstractTaskPlanExecutor.java:66)
	at org.gradle.execution.taskgraph.AbstractTaskPlanExecutor$TaskExecutorWorker.run(AbstractTaskPlanExecutor.java:50)
	at org.gradle.execution.taskgraph.DefaultTaskPlanExecutor.process(DefaultTaskPlanExecutor.java:25)
	at org.gradle.execution.taskgraph.DefaultTaskGraphExecuter.execute(DefaultTaskGraphExecuter.java:110)
	at org.gradle.execution.SelectedTaskExecutionAction.execute(SelectedTaskExecutionAction.java:37)
	at org.gradle.execution.DefaultBuildExecuter.execute(DefaultBuildExecuter.java:37)
	at org.gradle.execution.DefaultBuildExecuter.access$000(DefaultBuildExecuter.java:23)
	at org.gradle.execution.DefaultBuildExecuter$1.proceed(DefaultBuildExecuter.java:43)
	at org.gradle.execution.DryRunBuildExecutionAction.execute(DryRunBuildExecutionAction.java:32)
	at org.gradle.execution.DefaultBuildExecuter.execute(DefaultBuildExecuter.java:37)
	at org.gradle.execution.DefaultBuildExecuter.execute(DefaultBuildExecuter.java:30)
	at org.gradle.initialization.DefaultGradleLauncher$4.run(DefaultGradleLauncher.java:153)
	at org.gradle.internal.Factories$1.create(Factories.java:22)
	at org.gradle.internal.progress.DefaultBuildOperationExecutor.run(DefaultBuildOperationExecutor.java:91)
	at org.gradle.internal.progress.DefaultBuildOperationExecutor.run(DefaultBuildOperationExecutor.java:53)
	at org.gradle.initialization.DefaultGradleLauncher.doBuildStages(DefaultGradleLauncher.java:150)
	at org.gradle.initialization.DefaultGradleLauncher.access$200(DefaultGradleLauncher.java:32)
	at org.gradle.initialization.DefaultGradleLauncher$1.create(DefaultGradleLauncher.java:98)
	at org.gradle.initialization.DefaultGradleLauncher$1.create(DefaultGradleLauncher.java:92)
	at org.gradle.internal.progress.DefaultBuildOperationExecutor.run(DefaultBuildOperationExecutor.java:91)
	at org.gradle.internal.progress.DefaultBuildOperationExecutor.run(DefaultBuildOperationExecutor.java:63)
	at org.gradle.initialization.DefaultGradleLauncher.doBuild(DefaultGradleLauncher.java:92)
	at org.gradle.initialization.DefaultGradleLauncher.run(DefaultGradleLauncher.java:83)
	at org.gradle.launcher.exec.InProcessBuildActionExecuter$DefaultBuildController.run(InProcessBuildActionExecuter.java:99)
	at org.gradle.tooling.internal.provider.ExecuteBuildActionRunner.run(ExecuteBuildActionRunner.java:28)
	at org.gradle.launcher.exec.ChainingBuildActionRunner.run(ChainingBuildActionRunner.java:35)
	at org.gradle.launcher.exec.InProcessBuildActionExecuter.execute(InProcessBuildActionExecuter.java:48)
	at org.gradle.launcher.exec.InProcessBuildActionExecuter.execute(InProcessBuildActionExecuter.java:30)
	at org.gradle.launcher.exec.ContinuousBuildActionExecuter.execute(ContinuousBuildActionExecuter.java:81)
	at org.gradle.launcher.exec.ContinuousBuildActionExecuter.execute(ContinuousBuildActionExecuter.java:46)
	at org.gradle.launcher.exec.DaemonUsageSuggestingBuildActionExecuter.execute(DaemonUsageSuggestingBuildActionExecuter.java:51)
	at org.gradle.launcher.exec.DaemonUsageSuggestingBuildActionExecuter.execute(DaemonUsageSuggestingBuildActionExecuter.java:28)
	at org.gradle.launcher.cli.RunBuildAction.run(RunBuildAction.java:43)
	at org.gradle.internal.Actions$RunnableActionAdapter.execute(Actions.java:173)
	at org.gradle.launcher.cli.CommandLineActionFactory$ParseAndBuildAction.execute(CommandLineActionFactory.java:239)
	at org.gradle.launcher.cli.CommandLineActionFactory$ParseAndBuildAction.execute(CommandLineActionFactory.java:212)
	at org.gradle.launcher.cli.JavaRuntimeValidationAction.execute(JavaRuntimeValidationAction.java:35)
	at org.gradle.launcher.cli.JavaRuntimeValidationAction.execute(JavaRuntimeValidationAction.java:24)
	at org.gradle.launcher.cli.ExceptionReportingAction.execute(ExceptionReportingAction.java:33)
	at org.gradle.launcher.cli.ExceptionReportingAction.execute(ExceptionReportingAction.java:22)
	at org.gradle.launcher.cli.CommandLineActionFactory$WithLogging.execute(CommandLineActionFactory.java:205)
	at org.gradle.launcher.cli.CommandLineActionFactory$WithLogging.execute(CommandLineActionFactory.java:169)
	at org.gradle.launcher.Main.doAction(Main.java:33)
	at org.gradle.launcher.bootstrap.EntryPoint.run(EntryPoint.java:45)
	at org.gradle.launcher.bootstrap.ProcessBootstrap.runNoExit(ProcessBootstrap.java:55)
	at org.gradle.launcher.bootstrap.ProcessBootstrap.run(ProcessBootstrap.java:36)
	at org.gradle.launcher.GradleMain.main(GradleMain.java:23)
	at org.gradle.wrapper.BootstrapMainStarter.start(BootstrapMainStarter.java:30)
	at org.gradle.wrapper.WrapperExecutor.execute(WrapperExecutor.java:129)
	at org.gradle.wrapper.GradleWrapperMain.main(GradleWrapperMain.java:61)
Caused by: java.lang.RuntimeException: No toolchains found in the NDK toolchains folder for ABI with prefix: mipsel-linux-android
	at com.android.build.gradle.internal.NdkHandler.getDefaultToolchainVersion(NdkHandler.java:375)
	at com.android.build.gradle.internal.NdkHandler.getToolchainPath(NdkHandler.java:273)
	at com.android.build.gradle.internal.NdkHandler.getCCompiler(NdkHandler.java:461)
	at com.android.build.gradle.internal.model.ModelBuilder.createNativeToolchainModelMap(ModelBuilder.java:227)
	at com.android.build.gradle.internal.model.ModelBuilder.buildAll(ModelBuilder.java:166)
	at org.gradle.tooling.provider.model.ToolingModelBuilder$buildAll.call(Unknown Source)
	at com.android.build.gradle.tasks.Lint.createAndroidProject(Lint.groovy:256)
	at com.android.build.gradle.tasks.Lint.lint(Lint.groovy:73)
	at org.gradle.internal.reflect.JavaMethod.invoke(JavaMethod.java:75)
	at org.gradle.api.internal.project.taskfactory.AnnotationProcessingTaskFactory$StandardTaskAction.doExecute(AnnotationProcessingTaskFactory.java:228)
	at org.gradle.api.internal.project.taskfactory.AnnotationProcessingTaskFactory$StandardTaskAction.execute(AnnotationProcessingTaskFactory.java:221)
	at org.gradle.api.internal.project.taskfactory.AnnotationProcessingTaskFactory$StandardTaskAction.execute(AnnotationProcessingTaskFactory.java:210)
	at org.gradle.api.internal.AbstractTask$TaskActionWrapper.execute(AbstractTask.java:621)
	at org.gradle.api.internal.AbstractTask$TaskActionWrapper.execute(AbstractTask.java:604)
	at org.gradle.api.internal.tasks.execution.ExecuteActionsTaskExecuter.executeAction(ExecuteActionsTaskExecuter.java:80)
	at org.gradle.api.internal.tasks.execution.ExecuteActionsTaskExecuter.executeActions(ExecuteActionsTaskExecuter.java:61)
	... 60 more


BUILD FAILED

Total time: 7.812 secs

2018-10-18 10:44:31,369 INFO  ProjectTaskService - Detecting possible tasks...
2018-10-18 10:44:31,369 INFO  SysUtils - Execute command: [/var/folders/bq/vtzpc5ns5sg2cthy61lqpg3dfzgbys/T/1539834231373-0/src/SwipeCoordinator-master/gradlew, -b, /var/folders/bq/vtzpc5ns5sg2cthy61lqpg3dfzgbys/T/1539834231373-0/src/SwipeCoordinator-master/test-sample/build.gradle, -Dorg.gradle.daemon=false, -Dorg.gradle.daemon.performance.enable-monitoring=false, -Dorg.gradle.configureondemand=true, tasks]
2018-10-18 10:44:38,452 INFO  ProjectTaskService - Detected possible tasks: 69
2018-10-18 10:44:38,452 INFO  ProjectTaskService - Excluded tasks (19): lintDebug mockableAndroidJar deviceCheck lint testReleaseUnitTest uninstallRelease deviceAndroidTest uninstallDebugAndroidTest installDebugAndroidTest connectedCheck connectedDebugAndroidTest uninstallAll test check testDebugUnitTest connectedAndroidTest installDebug lintRelease uninstallDebug
2018-10-18 10:44:38,452 INFO  SysUtils - Execute command: [/var/folders/bq/vtzpc5ns5sg2cthy61lqpg3dfzgbys/T/1539834231373-0/src/SwipeCoordinator-master/gradlew, -b, /var/folders/bq/vtzpc5ns5sg2cthy61lqpg3dfzgbys/T/1539834231373-0/src/SwipeCoordinator-master/test-sample/build.gradle, -Dorg.gradle.daemon=false, -Dorg.gradle.daemon.performance.enable-monitoring=false, -Dorg.gradle.configureondemand=true, --stacktrace, -x, lintDebug, -x, mockableAndroidJar, -x, deviceCheck, -x, lint, -x, testReleaseUnitTest, -x, uninstallRelease, -x, deviceAndroidTest, -x, uninstallDebugAndroidTest, -x, installDebugAndroidTest, -x, connectedCheck, -x, connectedDebugAndroidTest, -x, uninstallAll, -x, test, -x, check, -x, testDebugUnitTest, -x, connectedAndroidTest, -x, installDebug, -x, lintRelease, -x, uninstallDebug, build]
2018-10-18 10:44:56,614 ERROR SysUtils - Could not process external command
org.apache.commons.exec.ExecuteException: Process exited with an error: 1 (Exit value: 1)
	at org.apache.commons.exec.DefaultExecutor.executeInternal(DefaultExecutor.java:404)
	at org.apache.commons.exec.DefaultExecutor.execute(DefaultExecutor.java:166)
	at com.github.vbauer.apkmaster.util.SysUtils.execute(SysUtils.java:67)
	at com.github.vbauer.apkmaster.util.SysUtils.executeSimple(SysUtils.java:43)
	at com.github.vbauer.apkmaster.service.assembly.ProjectBuildService.buildProject(ProjectBuildService.java:78)
	at com.github.vbauer.apkmaster.service.assembly.ProjectBuildService.buildProject(ProjectBuildService.java:64)
	at com.github.vbauer.apkmaster.service.assembly.ProjectBuildService.buildProject(ProjectBuildService.java:43)
	at com.github.vbauer.apkmaster.service.FullProcessService.build(FullProcessService.java:84)
	at com.github.vbauer.apkmaster.service.FullProcessService.process(FullProcessService.java:34)
	at com.github.vbauer.apkmaster.app.MainApplication.process(MainApplication.java:38)
	at com.github.vbauer.apkmaster.app.MainApplication.main(MainApplication.java:20)
	at sun.reflect.NativeMethodAccessorImpl.invoke0(Native Method)
	at sun.reflect.NativeMethodAccessorImpl.invoke(NativeMethodAccessorImpl.java:62)
	at sun.reflect.DelegatingMethodAccessorImpl.invoke(DelegatingMethodAccessorImpl.java:43)
	at java.lang.reflect.Method.invoke(Method.java:498)
	at com.android.arsenal.util.ReflectionUtils.invoke(ReflectionUtils.java:52)
	at com.android.arsenal.util.ApkMasterUtils.main(ApkMasterUtils.java:30)
	at com.android.arsenal.service.processor.impl.BuildProcessorServiceImpl.buildProject(BuildProcessorServiceImpl.java:196)
	at com.android.arsenal.service.processor.impl.BuildProcessorServiceImpl.build(BuildProcessorServiceImpl.java:130)
	at com.android.arsenal.service.processor.impl.BuildProcessorServiceImpl.lambda$null$1(BuildProcessorServiceImpl.java:113)
	at java.util.concurrent.FutureTask.run(FutureTask.java:266)
	at java.util.concurrent.Executors$RunnableAdapter.call(Executors.java:511)
	at java.util.concurrent.FutureTask.run(FutureTask.java:266)
	at java.util.concurrent.ThreadPoolExecutor.runWorker(ThreadPoolExecutor.java:1149)
	at java.util.concurrent.ThreadPoolExecutor$Worker.run(ThreadPoolExecutor.java:624)
	at java.lang.Thread.run(Thread.java:748)
2018-10-18 10:44:56,614 INFO  SysUtils - Configuration on demand is an incubating feature.
Incremental java compilation is an incubating feature.
:swipe-coordinator:preBuild UP-TO-DATE
:swipe-coordinator:preReleaseBuild UP-TO-DATE
:swipe-coordinator:compileReleaseNdk UP-TO-DATE
:swipe-coordinator:compileLint
:swipe-coordinator:copyReleaseLint UP-TO-DATE
:swipe-coordinator:mergeReleaseProguardFiles UP-TO-DATE
:swipe-coordinator:packageReleaseRenderscript UP-TO-DATE
:swipe-coordinator:checkReleaseManifest
:swipe-coordinator:prepareReleaseDependencies
:swipe-coordinator:compileReleaseRenderscript UP-TO-DATE
:swipe-coordinator:generateReleaseResValues UP-TO-DATE
:swipe-coordinator:generateReleaseResources UP-TO-DATE
:swipe-coordinator:packageReleaseResources UP-TO-DATE
:swipe-coordinator:compileReleaseAidl UP-TO-DATE
:swipe-coordinator:generateReleaseBuildConfig UP-TO-DATE
:swipe-coordinator:mergeReleaseShaders UP-TO-DATE
:swipe-coordinator:compileReleaseShaders UP-TO-DATE
:swipe-coordinator:generateReleaseAssets UP-TO-DATE
:swipe-coordinator:mergeReleaseAssets UP-TO-DATE
:swipe-coordinator:processReleaseManifest UP-TO-DATE
:swipe-coordinator:processReleaseResources UP-TO-DATE
:swipe-coordinator:generateReleaseSources UP-TO-DATE
:swipe-coordinator:incrementalReleaseJavaCompilationSafeguard UP-TO-DATE
:swipe-coordinator:compileReleaseJavaWithJavac UP-TO-DATE
:swipe-coordinator:processReleaseJavaRes UP-TO-DATE
:swipe-coordinator:transformResourcesWithMergeJavaResForRelease UP-TO-DATE
:swipe-coordinator:transformClassesAndResourcesWithSyncLibJarsForRelease UP-TO-DATE
:swipe-coordinator:mergeReleaseJniLibFolders UP-TO-DATE
:swipe-coordinator:transformNative_libsWithMergeJniLibsForRelease UP-TO-DATE
:swipe-coordinator:transformNative_libsWithSyncJniLibsForRelease UP-TO-DATE
:swipe-coordinator:bundleRelease UP-TO-DATE
:test-sample:preBuild UP-TO-DATE
:test-sample:preDebugBuild UP-TO-DATE
:test-sample:checkDebugManifest
:test-sample:preReleaseBuild UP-TO-DATE
:test-sample:prepareComAndroidSupportAnimatedVectorDrawable2421Library
:test-sample:prepareComAndroidSupportAppcompatV72421Library
:test-sample:prepareComAndroidSupportSupportCompat2421Library
:test-sample:prepareComAndroidSupportSupportCoreUi2421Library
:test-sample:prepareComAndroidSupportSupportCoreUtils2421Library
:test-sample:prepareComAndroidSupportSupportFragment2421Library
:test-sample:prepareComAndroidSupportSupportMediaCompat2421Library
:test-sample:prepareComAndroidSupportSupportV42421Library
:test-sample:prepareComAndroidSupportSupportVectorDrawable2421Library
:test-sample:prepareComGithubVictorAlbertosSwipeCoordinatorUnspecifiedLibrary
:test-sample:prepareDebugDependencies
:test-sample:compileDebugAidl
:test-sample:compileDebugRenderscript
:test-sample:generateDebugBuildConfig
:test-sample:mergeDebugShaders
:test-sample:compileDebugShaders
:test-sample:generateDebugAssets
:test-sample:mergeDebugAssets
:test-sample:generateDebugResValues
:test-sample:generateDebugResources
:test-sample:mergeDebugResources
:test-sample:processDebugManifest
:test-sample:processDebugResources
:test-sample:generateDebugSources
:test-sample:incrementalDebugJavaCompilationSafeguard
:test-sample:compileDebugJavaWithJavac
:test-sample:compileDebugJavaWithJavac - is not incremental (e.g. outputs have changed, no previous execution, etc.).
:test-sample:compileDebugNdk UP-TO-DATE
:test-sample:compileDebugSources
:test-sample:prePackageMarkerForDebug
:test-sample:transformClassesWithDexForDebug
Merged dex #1 (5 defs/15.1KiB)
Merged dex #2 (348 defs/566.3KiB)
Merged dex #3 (434 defs/465.5KiB)
Merged dex #4 (130 defs/242.7KiB)
Merged dex #5 (53 defs/75.9KiB)
Merged dex #6 (56 defs/147.0KiB)
Merged dex #7 (141 defs/172.0KiB)
Merged dex #8 (1 defs/0.7KiB)
Merged dex #9 (15 defs/47.5KiB)
Merged dex #10 (17 defs/12.7KiB)
Merged dex #11 (39 defs/97.6KiB)
Merged dex #12 (10 defs/15.2KiB)
Merged dex #13 (249 defs/186.4KiB)
Merged dex #14 (73 defs/58.2KiB)
Merged dex #15 (17 defs/28.5KiB)
Merged dex #16 (8 defs/8.3KiB)
Merged dex #17 (46 defs/7.4KiB)
Result is 1642 defs/2570.0KiB. Took 0.3s
:test-sample:mergeDebugJniLibFolders
:test-sample:transformNative_libsWithMergeJniLibsForDebug
:test-sample:processDebugJavaRes UP-TO-DATE
:test-sample:transformResourcesWithMergeJavaResForDebug
:test-sample:validateDebugSigning
:test-sample:packageDebug
:test-sample:zipalignDebug
:test-sample:assembleDebug
:test-sample:checkReleaseManifest
:test-sample:prepareReleaseDependencies
:test-sample:compileReleaseAidl
:test-sample:compileReleaseRenderscript
:test-sample:generateReleaseBuildConfig
:test-sample:mergeReleaseShaders
:test-sample:compileReleaseShaders
:test-sample:generateReleaseAssets
:test-sample:mergeReleaseAssets
:test-sample:generateReleaseResValues
:test-sample:generateReleaseResources
:test-sample:mergeReleaseResources
:test-sample:processReleaseManifest
:test-sample:processReleaseResources
:test-sample:generateReleaseSources
:test-sample:incrementalReleaseJavaCompilationSafeguard
:test-sample:compileReleaseJavaWithJavac
:test-sample:compileReleaseJavaWithJavac - is not incremental (e.g. outputs have changed, no previous execution, etc.).
:test-sample:compileReleaseNdk UP-TO-DATE
:test-sample:compileReleaseSources
:test-sample:lintVitalRelease FAILED

FAILURE: Build failed with an exception.

* What went wrong:
Execution failed for task ':test-sample:lintVitalRelease'.
> No toolchains found in the NDK toolchains folder for ABI with prefix: mipsel-linux-android

* Try:
Run with --info or --debug option to get more log output.

* Exception is:
org.gradle.api.tasks.TaskExecutionException: Execution failed for task ':test-sample:lintVitalRelease'.
	at org.gradle.api.internal.tasks.execution.ExecuteActionsTaskExecuter.executeActions(ExecuteActionsTaskExecuter.java:69)
	at org.gradle.api.internal.tasks.execution.ExecuteActionsTaskExecuter.execute(ExecuteActionsTaskExecuter.java:46)
	at org.gradle.api.internal.tasks.execution.PostExecutionAnalysisTaskExecuter.execute(PostExecutionAnalysisTaskExecuter.java:35)
	at org.gradle.api.internal.tasks.execution.SkipUpToDateTaskExecuter.execute(SkipUpToDateTaskExecuter.java:66)
	at org.gradle.api.internal.tasks.execution.ValidatingTaskExecuter.execute(ValidatingTaskExecuter.java:58)
	at org.gradle.api.internal.tasks.execution.SkipEmptySourceFilesTaskExecuter.execute(SkipEmptySourceFilesTaskExecuter.java:52)
	at org.gradle.api.internal.tasks.execution.SkipTaskWithNoActionsExecuter.execute(SkipTaskWithNoActionsExecuter.java:52)
	at org.gradle.api.internal.tasks.execution.SkipOnlyIfTaskExecuter.execute(SkipOnlyIfTaskExecuter.java:53)
	at org.gradle.api.internal.tasks.execution.ExecuteAtMostOnceTaskExecuter.execute(ExecuteAtMostOnceTaskExecuter.java:43)
	at org.gradle.execution.taskgraph.DefaultTaskGraphExecuter$EventFiringTaskWorker.execute(DefaultTaskGraphExecuter.java:203)
	at org.gradle.execution.taskgraph.DefaultTaskGraphExecuter$EventFiringTaskWorker.execute(DefaultTaskGraphExecuter.java:185)
	at org.gradle.execution.taskgraph.AbstractTaskPlanExecutor$TaskExecutorWorker.processTask(AbstractTaskPlanExecutor.java:66)
	at org.gradle.execution.taskgraph.AbstractTaskPlanExecutor$TaskExecutorWorker.run(AbstractTaskPlanExecutor.java:50)
	at org.gradle.execution.taskgraph.DefaultTaskPlanExecutor.process(DefaultTaskPlanExecutor.java:25)
	at org.gradle.execution.taskgraph.DefaultTaskGraphExecuter.execute(DefaultTaskGraphExecuter.java:110)
	at org.gradle.execution.SelectedTaskExecutionAction.execute(SelectedTaskExecutionAction.java:37)
	at org.gradle.execution.DefaultBuildExecuter.execute(DefaultBuildExecuter.java:37)
	at org.gradle.execution.DefaultBuildExecuter.access$000(DefaultBuildExecuter.java:23)
	at org.gradle.execution.DefaultBuildExecuter$1.proceed(DefaultBuildExecuter.java:43)
	at org.gradle.execution.DryRunBuildExecutionAction.execute(DryRunBuildExecutionAction.java:32)
	at org.gradle.execution.DefaultBuildExecuter.execute(DefaultBuildExecuter.java:37)
	at org.gradle.execution.DefaultBuildExecuter.execute(DefaultBuildExecuter.java:30)
	at org.gradle.initialization.DefaultGradleLauncher$4.run(DefaultGradleLauncher.java:153)
	at org.gradle.internal.Factories$1.create(Factories.java:22)
	at org.gradle.internal.progress.DefaultBuildOperationExecutor.run(DefaultBuildOperationExecutor.java:91)
	at org.gradle.internal.progress.DefaultBuildOperationExecutor.run(DefaultBuildOperationExecutor.java:53)
	at org.gradle.initialization.DefaultGradleLauncher.doBuildStages(DefaultGradleLauncher.java:150)
	at org.gradle.initialization.DefaultGradleLauncher.access$200(DefaultGradleLauncher.java:32)
	at org.gradle.initialization.DefaultGradleLauncher$1.create(DefaultGradleLauncher.java:98)
	at org.gradle.initialization.DefaultGradleLauncher$1.create(DefaultGradleLauncher.java:92)
	at org.gradle.internal.progress.DefaultBuildOperationExecutor.run(DefaultBuildOperationExecutor.java:91)
	at org.gradle.internal.progress.DefaultBuildOperationExecutor.run(DefaultBuildOperationExecutor.java:63)
	at org.gradle.initialization.DefaultGradleLauncher.doBuild(DefaultGradleLauncher.java:92)
	at org.gradle.initialization.DefaultGradleLauncher.run(DefaultGradleLauncher.java:83)
	at org.gradle.launcher.exec.InProcessBuildActionExecuter$DefaultBuildController.run(InProcessBuildActionExecuter.java:99)
	at org.gradle.tooling.internal.provider.ExecuteBuildActionRunner.run(ExecuteBuildActionRunner.java:28)
	at org.gradle.launcher.exec.ChainingBuildActionRunner.run(ChainingBuildActionRunner.java:35)
	at org.gradle.launcher.exec.InProcessBuildActionExecuter.execute(InProcessBuildActionExecuter.java:48)
	at org.gradle.launcher.exec.InProcessBuildActionExecuter.execute(InProcessBuildActionExecuter.java:30)
	at org.gradle.launcher.exec.ContinuousBuildActionExecuter.execute(ContinuousBuildActionExecuter.java:81)
	at org.gradle.launcher.exec.ContinuousBuildActionExecuter.execute(ContinuousBuildActionExecuter.java:46)
	at org.gradle.launcher.exec.DaemonUsageSuggestingBuildActionExecuter.execute(DaemonUsageSuggestingBuildActionExecuter.java:51)
	at org.gradle.launcher.exec.DaemonUsageSuggestingBuildActionExecuter.execute(DaemonUsageSuggestingBuildActionExecuter.java:28)
	at org.gradle.launcher.cli.RunBuildAction.run(RunBuildAction.java:43)
	at org.gradle.internal.Actions$RunnableActionAdapter.execute(Actions.java:173)
	at org.gradle.launcher.cli.CommandLineActionFactory$ParseAndBuildAction.execute(CommandLineActionFactory.java:239)
	at org.gradle.launcher.cli.CommandLineActionFactory$ParseAndBuildAction.execute(CommandLineActionFactory.java:212)
	at org.gradle.launcher.cli.JavaRuntimeValidationAction.execute(JavaRuntimeValidationAction.java:35)
	at org.gradle.launcher.cli.JavaRuntimeValidationAction.execute(JavaRuntimeValidationAction.java:24)
	at org.gradle.launcher.cli.ExceptionReportingAction.execute(ExceptionReportingAction.java:33)
	at org.gradle.launcher.cli.ExceptionReportingAction.execute(ExceptionReportingAction.java:22)
	at org.gradle.launcher.cli.CommandLineActionFactory$WithLogging.execute(CommandLineActionFactory.java:205)
	at org.gradle.launcher.cli.CommandLineActionFactory$WithLogging.execute(CommandLineActionFactory.java:169)
	at org.gradle.launcher.Main.doAction(Main.java:33)
	at org.gradle.launcher.bootstrap.EntryPoint.run(EntryPoint.java:45)
	at org.gradle.launcher.bootstrap.ProcessBootstrap.runNoExit(ProcessBootstrap.java:55)
	at org.gradle.launcher.bootstrap.ProcessBootstrap.run(ProcessBootstrap.java:36)
	at org.gradle.launcher.GradleMain.main(GradleMain.java:23)
	at org.gradle.wrapper.BootstrapMainStarter.start(BootstrapMainStarter.java:30)
	at org.gradle.wrapper.WrapperExecutor.execute(WrapperExecutor.java:129)
	at org.gradle.wrapper.GradleWrapperMain.main(GradleWrapperMain.java:61)
Caused by: java.lang.RuntimeException: No toolchains found in the NDK toolchains folder for ABI with prefix: mipsel-linux-android
	at com.android.build.gradle.internal.NdkHandler.getDefaultToolchainVersion(NdkHandler.java:375)
	at com.android.build.gradle.internal.NdkHandler.getToolchainPath(NdkHandler.java:273)
	at com.android.build.gradle.internal.NdkHandler.getCCompiler(NdkHandler.java:461)
	at com.android.build.gradle.internal.model.ModelBuilder.createNativeToolchainModelMap(ModelBuilder.java:227)
	at com.android.build.gradle.internal.model.ModelBuilder.buildAll(ModelBuilder.java:166)
	at org.gradle.tooling.provider.model.ToolingModelBuilder$buildAll.call(Unknown Source)
	at com.android.build.gradle.tasks.Lint.createAndroidProject(Lint.groovy:256)
	at com.android.build.gradle.tasks.Lint.lint(Lint.groovy:73)
	at org.gradle.internal.reflect.JavaMethod.invoke(JavaMethod.java:75)
	at org.gradle.api.internal.project.taskfactory.AnnotationProcessingTaskFactory$StandardTaskAction.doExecute(AnnotationProcessingTaskFactory.java:228)
	at org.gradle.api.internal.project.taskfactory.AnnotationProcessingTaskFactory$StandardTaskAction.execute(AnnotationProcessingTaskFactory.java:221)
	at org.gradle.api.internal.project.taskfactory.AnnotationProcessingTaskFactory$StandardTaskAction.execute(AnnotationProcessingTaskFactory.java:210)
	at org.gradle.api.internal.AbstractTask$TaskActionWrapper.execute(AbstractTask.java:621)
	at org.gradle.api.internal.AbstractTask$TaskActionWrapper.execute(AbstractTask.java:604)
	at org.gradle.api.internal.tasks.execution.ExecuteActionsTaskExecuter.executeAction(ExecuteActionsTaskExecuter.java:80)
	at org.gradle.api.internal.tasks.execution.ExecuteActionsTaskExecuter.executeActions(ExecuteActionsTaskExecuter.java:61)
	... 60 more


BUILD FAILED

Total time: 17.583 secs

2018-10-18 10:44:56,701 INFO  FullProcessService - Found APK file: /var/folders/bq/vtzpc5ns5sg2cthy61lqpg3dfzgbys/T/1539834231373-0/src/SwipeCoordinator-master/test-sample/build/outputs/apk/test-sample-debug.apk
