2019-04-18 17:57:05,899 INFO  DownloadService - Downloading "https://github.com/Rudresh-JR/DoughnutChart/archive/master.zip", attempt 3
2019-04-18 17:58:06,767 INFO  GithubDownloadService - Could not find ZIP archive for master branch
2019-04-18 17:58:07,935 INFO  GithubDownloadService - Default branch of this repository: master
2019-04-18 17:58:07,935 INFO  DownloadService - Downloading "https://github.com/Rudresh-JR/DoughnutChart/archive/master.zip", attempt 3
2019-04-18 17:59:09,805 DEBUG FullProcessService - Repository https://github.com/Rudresh-JR/DoughnutChart available: true
2019-04-18 17:59:09,805 INFO  FullProcessService - Could not download ZIP file from Github, lets clone it
2019-04-18 17:59:09,805 INFO  SysUtils - Execute command: [git, clone, -q, --single-branch, --depth, 1, https://github.com/Rudresh-JR/DoughnutChart, /var/folders/bq/vtzpc5ns5sg2cthy61lqpg3dfzgbys/T/1555585025897-0/src]
2019-04-18 17:59:11,367 INFO  SysUtils - 
2019-04-18 17:59:11,399 INFO  GitService - Deleted "/var/folders/bq/vtzpc5ns5sg2cthy61lqpg3dfzgbys/T/1555585025897-0/src/.git": true
2019-04-18 17:59:11,402 INFO  FullProcessService - Size of directory with sources: 115 KB
2019-04-18 17:59:11,402 INFO  SysUtils - Execute command: [git, init, /var/folders/bq/vtzpc5ns5sg2cthy61lqpg3dfzgbys/T/1555585025897-0/src]
2019-04-18 17:59:11,418 INFO  SysUtils - Initialized empty Git repository in /private/var/folders/bq/vtzpc5ns5sg2cthy61lqpg3dfzgbys/T/1555585025897-0/src/.git/

2019-04-18 17:59:11,421 INFO  ProjectBuildService - Gradle wrapper(s): /var/folders/bq/vtzpc5ns5sg2cthy61lqpg3dfzgbys/T/1555585025897-0/src/fitdoughnut/FitDoughnut-master/gradlew
2019-04-18 17:59:11,424 INFO  ProjectBuildService - Build script(s): /var/folders/bq/vtzpc5ns5sg2cthy61lqpg3dfzgbys/T/1555585025897-0/src/fitdoughnut/FitDoughnut-master/fitdoughnut/build.gradle /var/folders/bq/vtzpc5ns5sg2cthy61lqpg3dfzgbys/T/1555585025897-0/src/fitdoughnut/FitDoughnut-master/fitdoughnutsampleapp/build.gradle /var/folders/bq/vtzpc5ns5sg2cthy61lqpg3dfzgbys/T/1555585025897-0/src/fitdoughnut/FitDoughnut-master/build.gradle
2019-04-18 17:59:11,427 INFO  ProjectBuildService - All script(s): /var/folders/bq/vtzpc5ns5sg2cthy61lqpg3dfzgbys/T/1555585025897-0/src/fitdoughnut/FitDoughnut-master/fitdoughnut/build.gradle /var/folders/bq/vtzpc5ns5sg2cthy61lqpg3dfzgbys/T/1555585025897-0/src/fitdoughnut/FitDoughnut-master/fitdoughnutsampleapp/build.gradle /var/folders/bq/vtzpc5ns5sg2cthy61lqpg3dfzgbys/T/1555585025897-0/src/fitdoughnut/FitDoughnut-master/build.gradle /var/folders/bq/vtzpc5ns5sg2cthy61lqpg3dfzgbys/T/1555585025897-0/src/fitdoughnut/FitDoughnut-master/settings.gradle
2019-04-18 17:59:11,427 INFO  ProjectBuildService - Remote scripts: none
2019-04-18 17:59:11,427 INFO  ProjectFixService - Fixing project...
2019-04-18 17:59:11,433 INFO  LocalPropertiesFixService - Created fake /var/folders/bq/vtzpc5ns5sg2cthy61lqpg3dfzgbys/T/1555585025897-0/src/fitdoughnut/FitDoughnut-master/fitdoughnut/local.properties
2019-04-18 17:59:11,434 INFO  ProjectFixService - Build info for "/var/folders/bq/vtzpc5ns5sg2cthy61lqpg3dfzgbys/T/1555585025897-0/src/fitdoughnut/FitDoughnut-master/fitdoughnut/build.gradle": [buildToolsVersion=22.0.1,compileSdkVersion=22,minSdkVersion=14,targetSdkVersion=22]
2019-04-18 17:59:11,434 INFO  LocalPropertiesFixService - Created fake /var/folders/bq/vtzpc5ns5sg2cthy61lqpg3dfzgbys/T/1555585025897-0/src/fitdoughnut/FitDoughnut-master/fitdoughnutsampleapp/local.properties
2019-04-18 17:59:11,434 INFO  ProjectFixService - Build info for "/var/folders/bq/vtzpc5ns5sg2cthy61lqpg3dfzgbys/T/1555585025897-0/src/fitdoughnut/FitDoughnut-master/fitdoughnutsampleapp/build.gradle": [buildToolsVersion=22.0.1,compileSdkVersion=22,minSdkVersion=14,targetSdkVersion=22]
2019-04-18 17:59:11,434 INFO  LocalPropertiesFixService - Created fake /var/folders/bq/vtzpc5ns5sg2cthy61lqpg3dfzgbys/T/1555585025897-0/src/fitdoughnut/FitDoughnut-master/local.properties
2019-04-18 17:59:11,434 INFO  WrapperPropertiesFixService - Gradle wrapper: https://services.gradle.org/distributions/gradle-2.2.1-all.zip
2019-04-18 17:59:11,435 INFO  WrapperPropertiesFixService - Gradle wrapper was changed from "-all.zip" to "-bin.zip" (https://services.gradle.org/distributions/gradle-2.2.1-bin.zip)
2019-04-18 17:59:11,435 INFO  ProjectFixService - Build info for "/var/folders/bq/vtzpc5ns5sg2cthy61lqpg3dfzgbys/T/1555585025897-0/src/fitdoughnut/FitDoughnut-master/build.gradle": [buildToolsVersion=22.0.1,compileSdkVersion=22,minSdkVersion=14,targetSdkVersion=22]
2019-04-18 17:59:11,435 INFO  ProjectFixService - Project was maybe fixed
2019-04-18 17:59:11,435 INFO  ProjectTaskService - Detecting possible tasks...
2019-04-18 17:59:11,435 INFO  SysUtils - Execute command: [/var/folders/bq/vtzpc5ns5sg2cthy61lqpg3dfzgbys/T/1555585025897-0/src/fitdoughnut/FitDoughnut-master/gradlew, -b, /var/folders/bq/vtzpc5ns5sg2cthy61lqpg3dfzgbys/T/1555585025897-0/src/fitdoughnut/FitDoughnut-master/fitdoughnut/build.gradle, -Dorg.gradle.daemon=false, -Dorg.gradle.daemon.performance.enable-monitoring=false, -Dorg.gradle.configureondemand=true, tasks]
2019-04-18 17:59:25,082 ERROR ProjectTaskService - Could not detect possible Gradle tasks: Process exited with an error: 1 (Exit value: 1)
2019-04-18 17:59:25,084 INFO  ProjectTaskService - Detected possible tasks: 0
2019-04-18 17:59:25,084 INFO  ProjectTaskService - Excluded tasks (0): none
2019-04-18 17:59:25,084 INFO  SysUtils - Execute command: [/var/folders/bq/vtzpc5ns5sg2cthy61lqpg3dfzgbys/T/1555585025897-0/src/fitdoughnut/FitDoughnut-master/gradlew, -b, /var/folders/bq/vtzpc5ns5sg2cthy61lqpg3dfzgbys/T/1555585025897-0/src/fitdoughnut/FitDoughnut-master/fitdoughnut/build.gradle, -Dorg.gradle.daemon=false, -Dorg.gradle.daemon.performance.enable-monitoring=false, -Dorg.gradle.configureondemand=true, --stacktrace, build]
2019-04-18 17:59:34,602 ERROR SysUtils - Could not process external command
org.apache.commons.exec.ExecuteException: Process exited with an error: 1 (Exit value: 1)
	at org.apache.commons.exec.DefaultExecutor.executeInternal(DefaultExecutor.java:404)
	at org.apache.commons.exec.DefaultExecutor.execute(DefaultExecutor.java:166)
	at com.github.vbauer.apkmaster.util.SysUtils.execute(SysUtils.java:67)
	at com.github.vbauer.apkmaster.util.SysUtils.executeSimple(SysUtils.java:43)
	at com.github.vbauer.apkmaster.service.assembly.ProjectBuildService.buildProject(ProjectBuildService.java:78)
	at com.github.vbauer.apkmaster.service.assembly.ProjectBuildService.buildProject(ProjectBuildService.java:64)
	at com.github.vbauer.apkmaster.service.assembly.ProjectBuildService.buildProject(ProjectBuildService.java:43)
	at com.github.vbauer.apkmaster.service.FullProcessService.build(FullProcessService.java:84)
	at com.github.vbauer.apkmaster.service.FullProcessService.process(FullProcessService.java:34)
	at com.github.vbauer.apkmaster.app.MainApplication.process(MainApplication.java:38)
	at com.github.vbauer.apkmaster.app.MainApplication.main(MainApplication.java:20)
	at sun.reflect.GeneratedMethodAccessor8.invoke(Unknown Source)
	at sun.reflect.DelegatingMethodAccessorImpl.invoke(DelegatingMethodAccessorImpl.java:43)
	at java.lang.reflect.Method.invoke(Method.java:498)
	at com.android.arsenal.util.ReflectionUtils.invoke(ReflectionUtils.java:52)
	at com.android.arsenal.util.ApkMasterUtils.main(ApkMasterUtils.java:30)
	at com.android.arsenal.service.processor.impl.BuildProcessorServiceImpl.buildProject(BuildProcessorServiceImpl.java:196)
	at com.android.arsenal.service.processor.impl.BuildProcessorServiceImpl.build(BuildProcessorServiceImpl.java:130)
	at com.android.arsenal.service.processor.impl.BuildProcessorServiceImpl.lambda$null$1(BuildProcessorServiceImpl.java:113)
	at java.util.concurrent.FutureTask.run(FutureTask.java:266)
	at java.util.concurrent.Executors$RunnableAdapter.call(Executors.java:511)
	at java.util.concurrent.FutureTask.run(FutureTask.java:266)
	at java.util.concurrent.ThreadPoolExecutor.runWorker(ThreadPoolExecutor.java:1149)
	at java.util.concurrent.ThreadPoolExecutor$Worker.run(ThreadPoolExecutor.java:624)
	at java.lang.Thread.run(Thread.java:748)
2019-04-18 17:59:34,602 INFO  SysUtils - Configuration on demand is an incubating feature.
:fitdoughnut:compileLint
:fitdoughnut:copyDebugLint UP-TO-DATE
:fitdoughnut:preBuild UP-TO-DATE
:fitdoughnut:preDebugBuild UP-TO-DATE
:fitdoughnut:checkDebugManifest
:fitdoughnut:preDebugAndroidTestBuild UP-TO-DATE
:fitdoughnut:preDebugUnitTestBuild UP-TO-DATE
:fitdoughnut:preReleaseBuild UP-TO-DATE
:fitdoughnut:preReleaseUnitTestBuild UP-TO-DATE
:fitdoughnut:prepareComAndroidSupportAppcompatV72200Library
:fitdoughnut:prepareComAndroidSupportSupportV42200Library
:fitdoughnut:prepareDebugDependencies
:fitdoughnut:compileDebugAidl
:fitdoughnut:compileDebugRenderscript
:fitdoughnut:generateDebugBuildConfig
:fitdoughnut:generateDebugAssets UP-TO-DATE
:fitdoughnut:mergeDebugAssets
:fitdoughnut:generateDebugResValues
:fitdoughnut:generateDebugResources
:fitdoughnut:mergeDebugResources
AAPT: /private/var/folders/bq/vtzpc5ns5sg2cthy61lqpg3dfzgbys/T/1555585025897-0/src/fitdoughnut/FitDoughnut-master/fitdoughnut/build/intermediates/exploded-aar/com.android.support/appcompat-v7/22.0.0/res/drawable-hdpi-v4/abc_spinner_mtrl_am_alpha.9.png: libpng warning: iCCP: Not recognizing known sRGB profile that has been edited
:fitdoughnut:processDebugManifest
:fitdoughnut:processDebugResources
:fitdoughnut:generateDebugSources
:fitdoughnut:processDebugJavaRes UP-TO-DATE
:fitdoughnut:compileDebugJavaWithJavac
:fitdoughnut:extractDebugAnnotations
:fitdoughnut:mergeDebugProguardFiles
:fitdoughnut:packageDebugJar
:fitdoughnut:compileDebugNdk UP-TO-DATE
:fitdoughnut:packageDebugJniLibs UP-TO-DATE
:fitdoughnut:packageDebugLocalJar UP-TO-DATE
:fitdoughnut:packageDebugRenderscript UP-TO-DATE
:fitdoughnut:packageDebugResources
:fitdoughnut:bundleDebug
:fitdoughnut:compileDebugSources
:fitdoughnut:assembleDebug
:fitdoughnut:copyReleaseLint UP-TO-DATE
:fitdoughnut:checkReleaseManifest
:fitdoughnut:prepareReleaseDependencies
:fitdoughnut:compileReleaseAidl
:fitdoughnut:compileReleaseRenderscript
:fitdoughnut:generateReleaseBuildConfig
:fitdoughnut:generateReleaseAssets UP-TO-DATE
:fitdoughnut:mergeReleaseAssets
:fitdoughnut:generateReleaseResValues
:fitdoughnut:generateReleaseResources
:fitdoughnut:mergeReleaseResources
AAPT: /private/var/folders/bq/vtzpc5ns5sg2cthy61lqpg3dfzgbys/T/1555585025897-0/src/fitdoughnut/FitDoughnut-master/fitdoughnut/build/intermediates/exploded-aar/com.android.support/appcompat-v7/22.0.0/res/drawable-hdpi-v4/abc_spinner_mtrl_am_alpha.9.png: libpng warning: iCCP: Not recognizing known sRGB profile that has been edited
:fitdoughnut:processReleaseManifest
:fitdoughnut:processReleaseResources
:fitdoughnut:generateReleaseSources
:fitdoughnut:processReleaseJavaRes UP-TO-DATE
:fitdoughnut:compileReleaseJavaWithJavac
:fitdoughnut:extractReleaseAnnotations
:fitdoughnut:mergeReleaseProguardFiles
:fitdoughnut:packageReleaseJar
:fitdoughnut:compileReleaseNdk UP-TO-DATE
:fitdoughnut:packageReleaseJniLibs UP-TO-DATE
:fitdoughnut:packageReleaseLocalJar UP-TO-DATE
:fitdoughnut:packageReleaseRenderscript UP-TO-DATE
:fitdoughnut:packageReleaseResources
:fitdoughnut:bundleRelease
:fitdoughnut:compileReleaseSources
:fitdoughnut:assembleRelease
:fitdoughnut:assemble
:fitdoughnut:lint FAILED

FAILURE: Build failed with an exception.

* What went wrong:
Execution failed for task ':fitdoughnut:lint'.
> No toolchains found in the NDK toolchains folder for ABI with prefix: mipsel-linux-android

* Try:
Run with --info or --debug option to get more log output.

* Exception is:
org.gradle.api.tasks.TaskExecutionException: Execution failed for task ':fitdoughnut:lint'.
	at org.gradle.api.internal.tasks.execution.ExecuteActionsTaskExecuter.executeActions(ExecuteActionsTaskExecuter.java:69)
	at org.gradle.api.internal.tasks.execution.ExecuteActionsTaskExecuter.execute(ExecuteActionsTaskExecuter.java:46)
	at org.gradle.api.internal.tasks.execution.PostExecutionAnalysisTaskExecuter.execute(PostExecutionAnalysisTaskExecuter.java:35)
	at org.gradle.api.internal.tasks.execution.SkipUpToDateTaskExecuter.execute(SkipUpToDateTaskExecuter.java:64)
	at org.gradle.api.internal.tasks.execution.ValidatingTaskExecuter.execute(ValidatingTaskExecuter.java:58)
	at org.gradle.api.internal.tasks.execution.SkipEmptySourceFilesTaskExecuter.execute(SkipEmptySourceFilesTaskExecuter.java:42)
	at org.gradle.api.internal.tasks.execution.SkipTaskWithNoActionsExecuter.execute(SkipTaskWithNoActionsExecuter.java:52)
	at org.gradle.api.internal.tasks.execution.SkipOnlyIfTaskExecuter.execute(SkipOnlyIfTaskExecuter.java:53)
	at org.gradle.api.internal.tasks.execution.ExecuteAtMostOnceTaskExecuter.execute(ExecuteAtMostOnceTaskExecuter.java:43)
	at org.gradle.api.internal.AbstractTask.executeWithoutThrowingTaskFailure(AbstractTask.java:305)
	at org.gradle.execution.taskgraph.AbstractTaskPlanExecutor$TaskExecutorWorker.executeTask(AbstractTaskPlanExecutor.java:79)
	at org.gradle.execution.taskgraph.AbstractTaskPlanExecutor$TaskExecutorWorker.processTask(AbstractTaskPlanExecutor.java:63)
	at org.gradle.execution.taskgraph.AbstractTaskPlanExecutor$TaskExecutorWorker.run(AbstractTaskPlanExecutor.java:51)
	at org.gradle.execution.taskgraph.DefaultTaskPlanExecutor.process(DefaultTaskPlanExecutor.java:23)
	at org.gradle.execution.taskgraph.DefaultTaskGraphExecuter.execute(DefaultTaskGraphExecuter.java:88)
	at org.gradle.execution.SelectedTaskExecutionAction.execute(SelectedTaskExecutionAction.java:29)
	at org.gradle.execution.DefaultBuildExecuter.execute(DefaultBuildExecuter.java:62)
	at org.gradle.execution.DefaultBuildExecuter.access$200(DefaultBuildExecuter.java:23)
	at org.gradle.execution.DefaultBuildExecuter$2.proceed(DefaultBuildExecuter.java:68)
	at org.gradle.execution.DryRunBuildExecutionAction.execute(DryRunBuildExecutionAction.java:32)
	at org.gradle.execution.DefaultBuildExecuter.execute(DefaultBuildExecuter.java:62)
	at org.gradle.execution.DefaultBuildExecuter.execute(DefaultBuildExecuter.java:55)
	at org.gradle.initialization.DefaultGradleLauncher.doBuildStages(DefaultGradleLauncher.java:149)
	at org.gradle.initialization.DefaultGradleLauncher.doBuild(DefaultGradleLauncher.java:106)
	at org.gradle.initialization.DefaultGradleLauncher.run(DefaultGradleLauncher.java:86)
	at org.gradle.launcher.exec.InProcessBuildActionExecuter$DefaultBuildController.run(InProcessBuildActionExecuter.java:80)
	at org.gradle.launcher.cli.ExecuteBuildAction.run(ExecuteBuildAction.java:33)
	at org.gradle.launcher.cli.ExecuteBuildAction.run(ExecuteBuildAction.java:24)
	at org.gradle.launcher.exec.InProcessBuildActionExecuter.execute(InProcessBuildActionExecuter.java:36)
	at org.gradle.launcher.exec.InProcessBuildActionExecuter.execute(InProcessBuildActionExecuter.java:26)
	at org.gradle.launcher.cli.RunBuildAction.run(RunBuildAction.java:51)
	at org.gradle.internal.Actions$RunnableActionAdapter.execute(Actions.java:171)
	at org.gradle.launcher.cli.CommandLineActionFactory$ParseAndBuildAction.execute(CommandLineActionFactory.java:237)
	at org.gradle.launcher.cli.CommandLineActionFactory$ParseAndBuildAction.execute(CommandLineActionFactory.java:210)
	at org.gradle.launcher.cli.JavaRuntimeValidationAction.execute(JavaRuntimeValidationAction.java:35)
	at org.gradle.launcher.cli.JavaRuntimeValidationAction.execute(JavaRuntimeValidationAction.java:24)
	at org.gradle.launcher.cli.CommandLineActionFactory$WithLogging.execute(CommandLineActionFactory.java:206)
	at org.gradle.launcher.cli.CommandLineActionFactory$WithLogging.execute(CommandLineActionFactory.java:169)
	at org.gradle.launcher.cli.ExceptionReportingAction.execute(ExceptionReportingAction.java:33)
	at org.gradle.launcher.cli.ExceptionReportingAction.execute(ExceptionReportingAction.java:22)
	at org.gradle.launcher.Main.doAction(Main.java:33)
	at org.gradle.launcher.bootstrap.EntryPoint.run(EntryPoint.java:45)
	at org.gradle.launcher.bootstrap.ProcessBootstrap.runNoExit(ProcessBootstrap.java:54)
	at org.gradle.launcher.bootstrap.ProcessBootstrap.run(ProcessBootstrap.java:35)
	at org.gradle.launcher.GradleMain.main(GradleMain.java:23)
	at org.gradle.wrapper.BootstrapMainStarter.start(BootstrapMainStarter.java:33)
	at org.gradle.wrapper.WrapperExecutor.execute(WrapperExecutor.java:130)
	at org.gradle.wrapper.GradleWrapperMain.main(GradleWrapperMain.java:48)
Caused by: java.lang.RuntimeException: No toolchains found in the NDK toolchains folder for ABI with prefix: mipsel-linux-android
	at com.android.build.gradle.internal.NdkHandler.getDefaultToolchainVersion(NdkHandler.java:339)
	at com.android.build.gradle.internal.NdkHandler.getToolchainPath(NdkHandler.java:231)
	at com.android.build.gradle.internal.NdkHandler.getCCompiler(NdkHandler.java:417)
	at com.android.build.gradle.internal.model.ModelBuilder.createNativeToolchainModelMap(ModelBuilder.java:221)
	at com.android.build.gradle.internal.model.ModelBuilder.buildAll(ModelBuilder.java:162)
	at org.gradle.tooling.provider.model.ToolingModelBuilder$buildAll.call(Unknown Source)
	at com.android.build.gradle.tasks.Lint.createAndroidProject(Lint.groovy:236)
	at com.android.build.gradle.tasks.Lint.this$5$createAndroidProject(Lint.groovy)
	at com.android.build.gradle.tasks.Lint$this$5$createAndroidProject$3.callCurrent(Unknown Source)
	at com.android.build.gradle.tasks.Lint.lint(Lint.groovy:78)
	at org.gradle.internal.reflect.JavaMethod.invoke(JavaMethod.java:63)
	at org.gradle.api.internal.project.taskfactory.AnnotationProcessingTaskFactory$StandardTaskAction.doExecute(AnnotationProcessingTaskFactory.java:218)
	at org.gradle.api.internal.project.taskfactory.AnnotationProcessingTaskFactory$StandardTaskAction.execute(AnnotationProcessingTaskFactory.java:211)
	at org.gradle.api.internal.project.taskfactory.AnnotationProcessingTaskFactory$StandardTaskAction.execute(AnnotationProcessingTaskFactory.java:200)
	at org.gradle.api.internal.AbstractTask$TaskActionWrapper.execute(AbstractTask.java:579)
	at org.gradle.api.internal.AbstractTask$TaskActionWrapper.execute(AbstractTask.java:562)
	at org.gradle.api.internal.tasks.execution.ExecuteActionsTaskExecuter.executeAction(ExecuteActionsTaskExecuter.java:80)
	at org.gradle.api.internal.tasks.execution.ExecuteActionsTaskExecuter.executeActions(ExecuteActionsTaskExecuter.java:61)
	... 47 more


BUILD FAILED

Total time: 8.969 secs

2019-04-18 17:59:34,646 INFO  ProjectTaskService - Detecting possible tasks...
2019-04-18 17:59:34,646 INFO  SysUtils - Execute command: [/var/folders/bq/vtzpc5ns5sg2cthy61lqpg3dfzgbys/T/1555585025897-0/src/fitdoughnut/FitDoughnut-master/gradlew, -b, /var/folders/bq/vtzpc5ns5sg2cthy61lqpg3dfzgbys/T/1555585025897-0/src/fitdoughnut/FitDoughnut-master/fitdoughnutsampleapp/build.gradle, -Dorg.gradle.daemon=false, -Dorg.gradle.daemon.performance.enable-monitoring=false, -Dorg.gradle.configureondemand=true, tasks]
2019-04-18 17:59:40,053 INFO  ProjectTaskService - Detected possible tasks: 65
2019-04-18 17:59:40,053 INFO  ProjectTaskService - Excluded tasks (19): lintDebug mockableAndroidJar deviceCheck lint testReleaseUnitTest uninstallRelease deviceAndroidTest uninstallDebugAndroidTest installDebugAndroidTest connectedCheck connectedDebugAndroidTest uninstallAll test check testDebugUnitTest connectedAndroidTest installDebug lintRelease uninstallDebug
2019-04-18 17:59:40,053 INFO  SysUtils - Execute command: [/var/folders/bq/vtzpc5ns5sg2cthy61lqpg3dfzgbys/T/1555585025897-0/src/fitdoughnut/FitDoughnut-master/gradlew, -b, /var/folders/bq/vtzpc5ns5sg2cthy61lqpg3dfzgbys/T/1555585025897-0/src/fitdoughnut/FitDoughnut-master/fitdoughnutsampleapp/build.gradle, -Dorg.gradle.daemon=false, -Dorg.gradle.daemon.performance.enable-monitoring=false, -Dorg.gradle.configureondemand=true, --stacktrace, -x, lintDebug, -x, mockableAndroidJar, -x, deviceCheck, -x, lint, -x, testReleaseUnitTest, -x, uninstallRelease, -x, deviceAndroidTest, -x, uninstallDebugAndroidTest, -x, installDebugAndroidTest, -x, connectedCheck, -x, connectedDebugAndroidTest, -x, uninstallAll, -x, test, -x, check, -x, testDebugUnitTest, -x, connectedAndroidTest, -x, installDebug, -x, lintRelease, -x, uninstallDebug, build]
2019-04-18 17:59:57,001 INFO  SysUtils - Configuration on demand is an incubating feature.
:fitdoughnut:compileLint
:fitdoughnut:copyReleaseLint UP-TO-DATE
:fitdoughnut:preBuild UP-TO-DATE
:fitdoughnut:preReleaseBuild UP-TO-DATE
:fitdoughnut:checkReleaseManifest
:fitdoughnut:preDebugAndroidTestBuild UP-TO-DATE
:fitdoughnut:preDebugBuild UP-TO-DATE
:fitdoughnut:preDebugUnitTestBuild UP-TO-DATE
:fitdoughnut:preReleaseUnitTestBuild UP-TO-DATE
:fitdoughnut:prepareComAndroidSupportAppcompatV72200Library UP-TO-DATE
:fitdoughnut:prepareComAndroidSupportSupportV42200Library UP-TO-DATE
:fitdoughnut:prepareReleaseDependencies
:fitdoughnut:compileReleaseAidl UP-TO-DATE
:fitdoughnut:compileReleaseRenderscript UP-TO-DATE
:fitdoughnut:generateReleaseBuildConfig UP-TO-DATE
:fitdoughnut:generateReleaseAssets UP-TO-DATE
:fitdoughnut:mergeReleaseAssets UP-TO-DATE
:fitdoughnut:generateReleaseResValues UP-TO-DATE
:fitdoughnut:generateReleaseResources UP-TO-DATE
:fitdoughnut:mergeReleaseResources UP-TO-DATE
:fitdoughnut:processReleaseManifest UP-TO-DATE
:fitdoughnut:processReleaseResources UP-TO-DATE
:fitdoughnut:generateReleaseSources UP-TO-DATE
:fitdoughnut:processReleaseJavaRes UP-TO-DATE
:fitdoughnut:compileReleaseJavaWithJavac UP-TO-DATE
:fitdoughnut:extractReleaseAnnotations UP-TO-DATE
:fitdoughnut:mergeReleaseProguardFiles UP-TO-DATE
:fitdoughnut:packageReleaseJar UP-TO-DATE
:fitdoughnut:compileReleaseNdk UP-TO-DATE
:fitdoughnut:packageReleaseJniLibs UP-TO-DATE
:fitdoughnut:packageReleaseLocalJar UP-TO-DATE
:fitdoughnut:packageReleaseRenderscript UP-TO-DATE
:fitdoughnut:packageReleaseResources UP-TO-DATE
:fitdoughnut:bundleRelease UP-TO-DATE
:fitdoughnutsampleapp:preBuild UP-TO-DATE
:fitdoughnutsampleapp:preDebugBuild UP-TO-DATE
:fitdoughnutsampleapp:checkDebugManifest
:fitdoughnutsampleapp:preReleaseBuild UP-TO-DATE
:fitdoughnutsampleapp:prepareComAndroidSupportAppcompatV72221Library
:fitdoughnutsampleapp:prepareComAndroidSupportSupportV42221Library
:fitdoughnutsampleapp:prepareFitDoughnutMasterFitdoughnutUnspecifiedLibrary
:fitdoughnutsampleapp:prepareDebugDependencies
:fitdoughnutsampleapp:compileDebugAidl
:fitdoughnutsampleapp:compileDebugRenderscript
:fitdoughnutsampleapp:generateDebugBuildConfig
:fitdoughnutsampleapp:generateDebugAssets UP-TO-DATE
:fitdoughnutsampleapp:mergeDebugAssets
:fitdoughnutsampleapp:generateDebugResValues
:fitdoughnutsampleapp:generateDebugResources
:fitdoughnutsampleapp:mergeDebugResources
:fitdoughnutsampleapp:processDebugManifest
:fitdoughnutsampleapp:processDebugResources
:fitdoughnutsampleapp:generateDebugSources
:fitdoughnutsampleapp:processDebugJavaRes UP-TO-DATE
:fitdoughnutsampleapp:compileDebugJavaWithJavacNote: /private/var/folders/bq/vtzpc5ns5sg2cthy61lqpg3dfzgbys/T/1555585025897-0/src/fitdoughnut/FitDoughnut-master/fitdoughnutsampleapp/src/main/java/me/mwild/fitdoughnutsampleapp/MainActivity.java uses or overrides a deprecated API.
Note: Recompile with -Xlint:deprecation for details.

:fitdoughnutsampleapp:compileDebugNdk UP-TO-DATE
:fitdoughnutsampleapp:compileDebugSources
:fitdoughnutsampleapp:preDexDebug
:fitdoughnutsampleapp:dexDebug
:fitdoughnutsampleapp:validateDebugSigning
:fitdoughnutsampleapp:packageDebug
:fitdoughnutsampleapp:zipalignDebug
:fitdoughnutsampleapp:assembleDebug
:fitdoughnutsampleapp:checkReleaseManifest
:fitdoughnutsampleapp:prepareReleaseDependencies
:fitdoughnutsampleapp:compileReleaseAidl
:fitdoughnutsampleapp:compileReleaseRenderscript
:fitdoughnutsampleapp:generateReleaseBuildConfig
:fitdoughnutsampleapp:generateReleaseAssets UP-TO-DATE
:fitdoughnutsampleapp:mergeReleaseAssets
:fitdoughnutsampleapp:generateReleaseResValues
:fitdoughnutsampleapp:generateReleaseResources
:fitdoughnutsampleapp:mergeReleaseResources
:fitdoughnutsampleapp:processReleaseManifest
:fitdoughnutsampleapp:processReleaseResources
:fitdoughnutsampleapp:generateReleaseSources
:fitdoughnutsampleapp:processReleaseJavaRes UP-TO-DATE
:fitdoughnutsampleapp:compileReleaseJavaWithJavacNote: /private/var/folders/bq/vtzpc5ns5sg2cthy61lqpg3dfzgbys/T/1555585025897-0/src/fitdoughnut/FitDoughnut-master/fitdoughnutsampleapp/src/main/java/me/mwild/fitdoughnutsampleapp/MainActivity.java uses or overrides a deprecated API.
Note: Recompile with -Xlint:deprecation for details.

:fitdoughnutsampleapp:compileReleaseNdk UP-TO-DATE
:fitdoughnutsampleapp:compileReleaseSources
:fitdoughnutsampleapp:preDexRelease
:fitdoughnutsampleapp:dexRelease
:fitdoughnutsampleapp:packageRelease
:fitdoughnutsampleapp:assembleRelease
:fitdoughnutsampleapp:assemble
:fitdoughnutsampleapp:build

BUILD SUCCESSFUL

Total time: 16.411 secs

2019-04-18 17:59:57,087 INFO  FullProcessService - Found APK file: /var/folders/bq/vtzpc5ns5sg2cthy61lqpg3dfzgbys/T/1555585025897-0/src/fitdoughnut/FitDoughnut-master/fitdoughnutsampleapp/build/outputs/apk/fitdoughnutsampleapp-release-unsigned.apk
