2019-04-13 21:38:07,912 INFO  DownloadService - Downloading "https://github.com/florent37/ArcLayout/archive/master.zip", attempt 3
2019-04-13 21:38:15,102 INFO  DownloadService - Downloaded https://github.com/florent37/ArcLayout/archive/master.zip, attempt 3
2019-04-13 21:38:15,102 INFO  DownloadService - Size of file "/var/folders/bq/vtzpc5ns5sg2cthy61lqpg3dfzgbys/T/1555166287908-0/master.zip": 17 MB
2019-04-13 21:38:15,102 INFO  ArchiveUtils - Checking entries [.gradle] in ZIP file...
2019-04-13 21:38:15,108 INFO  ArchiveUtils - Has entries [.gradle] in ZIP file /var/folders/bq/vtzpc5ns5sg2cthy61lqpg3dfzgbys/T/1555166287908-0/master.zip: true
2019-04-13 21:38:15,108 DEBUG ZipUtil - Extracting '/var/folders/bq/vtzpc5ns5sg2cthy61lqpg3dfzgbys/T/1555166287908-0/master.zip' into '/var/folders/bq/vtzpc5ns5sg2cthy61lqpg3dfzgbys/T/1555166287908-0/src'.
2019-04-13 21:38:15,263 INFO  FullProcessService - Size of directory with sources: 18 MB
2019-04-13 21:38:15,263 INFO  SysUtils - Execute command: [git, init, /var/folders/bq/vtzpc5ns5sg2cthy61lqpg3dfzgbys/T/1555166287908-0/src]
2019-04-13 21:38:15,281 INFO  SysUtils - Initialized empty Git repository in /private/var/folders/bq/vtzpc5ns5sg2cthy61lqpg3dfzgbys/T/1555166287908-0/src/.git/

2019-04-13 21:38:15,285 INFO  ProjectBuildService - Gradle wrapper(s): /var/folders/bq/vtzpc5ns5sg2cthy61lqpg3dfzgbys/T/1555166287908-0/src/ArcLayout-master/gradlew
2019-04-13 21:38:15,290 INFO  ProjectBuildService - Build script(s): /var/folders/bq/vtzpc5ns5sg2cthy61lqpg3dfzgbys/T/1555166287908-0/src/ArcLayout-master/app/build.gradle /var/folders/bq/vtzpc5ns5sg2cthy61lqpg3dfzgbys/T/1555166287908-0/src/ArcLayout-master/arclayout/build.gradle /var/folders/bq/vtzpc5ns5sg2cthy61lqpg3dfzgbys/T/1555166287908-0/src/ArcLayout-master/build.gradle
2019-04-13 21:38:15,294 INFO  ProjectBuildService - All script(s): /var/folders/bq/vtzpc5ns5sg2cthy61lqpg3dfzgbys/T/1555166287908-0/src/ArcLayout-master/arclayout/build.gradle /var/folders/bq/vtzpc5ns5sg2cthy61lqpg3dfzgbys/T/1555166287908-0/src/ArcLayout-master/app/build.gradle /var/folders/bq/vtzpc5ns5sg2cthy61lqpg3dfzgbys/T/1555166287908-0/src/ArcLayout-master/gradle/install-v1.gradle /var/folders/bq/vtzpc5ns5sg2cthy61lqpg3dfzgbys/T/1555166287908-0/src/ArcLayout-master/gradle/bintray-java-v1.gradle /var/folders/bq/vtzpc5ns5sg2cthy61lqpg3dfzgbys/T/1555166287908-0/src/ArcLayout-master/gradle/bintray-android-v1.gradle /var/folders/bq/vtzpc5ns5sg2cthy61lqpg3dfzgbys/T/1555166287908-0/src/ArcLayout-master/build.gradle /var/folders/bq/vtzpc5ns5sg2cthy61lqpg3dfzgbys/T/1555166287908-0/src/ArcLayout-master/settings.gradle
2019-04-13 21:38:15,295 INFO  ProjectBuildService - Remote scripts: none
2019-04-13 21:38:15,295 INFO  ProjectFixService - Fixing project...
2019-04-13 21:38:15,304 INFO  LocalPropertiesFixService - Created fake /var/folders/bq/vtzpc5ns5sg2cthy61lqpg3dfzgbys/T/1555166287908-0/src/ArcLayout-master/app/local.properties
2019-04-13 21:38:15,308 INFO  ProjectFixService - Build info for "/var/folders/bq/vtzpc5ns5sg2cthy61lqpg3dfzgbys/T/1555166287908-0/src/ArcLayout-master/app/build.gradle": [buildToolsVersion=<null>,compileSdkVersion=<null>,minSdkVersion=14,targetSdkVersion=<null>]
2019-04-13 21:38:15,309 INFO  ProjectFixService - Fixed build info for "/var/folders/bq/vtzpc5ns5sg2cthy61lqpg3dfzgbys/T/1555166287908-0/src/ArcLayout-master/app/build.gradle": [buildToolsVersion=28.0.0-rc2,compileSdkVersion=28,minSdkVersion=14,targetSdkVersion=28]
2019-04-13 21:38:15,309 INFO  LocalPropertiesFixService - Created fake /var/folders/bq/vtzpc5ns5sg2cthy61lqpg3dfzgbys/T/1555166287908-0/src/ArcLayout-master/arclayout/local.properties
2019-04-13 21:38:15,313 INFO  ProjectFixService - Build info for "/var/folders/bq/vtzpc5ns5sg2cthy61lqpg3dfzgbys/T/1555166287908-0/src/ArcLayout-master/arclayout/build.gradle": [buildToolsVersion=<null>,compileSdkVersion=<null>,minSdkVersion=14,targetSdkVersion=<null>]
2019-04-13 21:38:15,313 INFO  ProjectFixService - Fixed build info for "/var/folders/bq/vtzpc5ns5sg2cthy61lqpg3dfzgbys/T/1555166287908-0/src/ArcLayout-master/arclayout/build.gradle": [buildToolsVersion=28.0.0-rc2,compileSdkVersion=28,minSdkVersion=14,targetSdkVersion=28]
2019-04-13 21:38:15,314 INFO  LocalPropertiesFixService - Created fake /var/folders/bq/vtzpc5ns5sg2cthy61lqpg3dfzgbys/T/1555166287908-0/src/ArcLayout-master/local.properties
2019-04-13 21:38:15,314 INFO  WrapperPropertiesFixService - Gradle wrapper: https://services.gradle.org/distributions/gradle-4.6-all.zip
2019-04-13 21:38:15,314 INFO  WrapperPropertiesFixService - Gradle wrapper was changed from "-all.zip" to "-bin.zip" (https://services.gradle.org/distributions/gradle-4.6-bin.zip)
2019-04-13 21:38:15,317 INFO  ProjectFixService - Build info for "/var/folders/bq/vtzpc5ns5sg2cthy61lqpg3dfzgbys/T/1555166287908-0/src/ArcLayout-master/build.gradle": [buildToolsVersion=<null>,compileSdkVersion=<null>,minSdkVersion=14,targetSdkVersion=<null>]
2019-04-13 21:38:15,317 INFO  ProjectFixService - Fixed build info for "/var/folders/bq/vtzpc5ns5sg2cthy61lqpg3dfzgbys/T/1555166287908-0/src/ArcLayout-master/build.gradle": [buildToolsVersion=28.0.0-rc2,compileSdkVersion=28,minSdkVersion=14,targetSdkVersion=28]
2019-04-13 21:38:15,317 INFO  ProjectFixService - Project was maybe fixed
2019-04-13 21:38:15,317 INFO  ProjectTaskService - Detecting possible tasks...
2019-04-13 21:38:15,317 INFO  SysUtils - Execute command: [/var/folders/bq/vtzpc5ns5sg2cthy61lqpg3dfzgbys/T/1555166287908-0/src/ArcLayout-master/gradlew, -b, /var/folders/bq/vtzpc5ns5sg2cthy61lqpg3dfzgbys/T/1555166287908-0/src/ArcLayout-master/app/build.gradle, -Dorg.gradle.daemon=false, -Dorg.gradle.daemon.performance.enable-monitoring=false, -Dorg.gradle.configureondemand=true, tasks]
2019-04-13 21:38:22,939 INFO  ProjectTaskService - Detected possible tasks: 69
2019-04-13 21:38:22,939 INFO  ProjectTaskService - Excluded tasks (18): lintDebug deviceCheck lint testReleaseUnitTest uninstallRelease deviceAndroidTest uninstallDebugAndroidTest installDebugAndroidTest connectedCheck connectedDebugAndroidTest uninstallAll test check testDebugUnitTest connectedAndroidTest installDebug lintRelease uninstallDebug
2019-04-13 21:38:22,940 INFO  SysUtils - Execute command: [/var/folders/bq/vtzpc5ns5sg2cthy61lqpg3dfzgbys/T/1555166287908-0/src/ArcLayout-master/gradlew, -b, /var/folders/bq/vtzpc5ns5sg2cthy61lqpg3dfzgbys/T/1555166287908-0/src/ArcLayout-master/app/build.gradle, -Dorg.gradle.daemon=false, -Dorg.gradle.daemon.performance.enable-monitoring=false, -Dorg.gradle.configureondemand=true, --stacktrace, -x, lintDebug, -x, deviceCheck, -x, lint, -x, testReleaseUnitTest, -x, uninstallRelease, -x, deviceAndroidTest, -x, uninstallDebugAndroidTest, -x, installDebugAndroidTest, -x, connectedCheck, -x, connectedDebugAndroidTest, -x, uninstallAll, -x, test, -x, check, -x, testDebugUnitTest, -x, connectedAndroidTest, -x, installDebug, -x, lintRelease, -x, uninstallDebug, build]
2019-04-13 21:38:55,413 ERROR SysUtils - Could not process external command
org.apache.commons.exec.ExecuteException: Process exited with an error: 1 (Exit value: 1)
	at org.apache.commons.exec.DefaultExecutor.executeInternal(DefaultExecutor.java:404)
	at org.apache.commons.exec.DefaultExecutor.execute(DefaultExecutor.java:166)
	at com.github.vbauer.apkmaster.util.SysUtils.execute(SysUtils.java:67)
	at com.github.vbauer.apkmaster.util.SysUtils.executeSimple(SysUtils.java:43)
	at com.github.vbauer.apkmaster.service.assembly.ProjectBuildService.buildProject(ProjectBuildService.java:78)
	at com.github.vbauer.apkmaster.service.assembly.ProjectBuildService.buildProject(ProjectBuildService.java:64)
	at com.github.vbauer.apkmaster.service.assembly.ProjectBuildService.buildProject(ProjectBuildService.java:43)
	at com.github.vbauer.apkmaster.service.FullProcessService.build(FullProcessService.java:84)
	at com.github.vbauer.apkmaster.service.FullProcessService.process(FullProcessService.java:34)
	at com.github.vbauer.apkmaster.app.MainApplication.process(MainApplication.java:38)
	at com.github.vbauer.apkmaster.app.MainApplication.main(MainApplication.java:20)
	at sun.reflect.GeneratedMethodAccessor9.invoke(Unknown Source)
	at sun.reflect.DelegatingMethodAccessorImpl.invoke(DelegatingMethodAccessorImpl.java:43)
	at java.lang.reflect.Method.invoke(Method.java:498)
	at com.android.arsenal.util.ReflectionUtils.invoke(ReflectionUtils.java:52)
	at com.android.arsenal.util.ApkMasterUtils.main(ApkMasterUtils.java:30)
	at com.android.arsenal.service.processor.impl.BuildProcessorServiceImpl.buildProject(BuildProcessorServiceImpl.java:196)
	at com.android.arsenal.service.processor.impl.BuildProcessorServiceImpl.build(BuildProcessorServiceImpl.java:130)
	at com.android.arsenal.service.processor.impl.BuildProcessorServiceImpl.lambda$null$1(BuildProcessorServiceImpl.java:113)
	at java.util.concurrent.FutureTask.run(FutureTask.java:266)
	at java.util.concurrent.Executors$RunnableAdapter.call(Executors.java:511)
	at java.util.concurrent.FutureTask.run(FutureTask.java:266)
	at java.util.concurrent.ThreadPoolExecutor.runWorker(ThreadPoolExecutor.java:1149)
	at java.util.concurrent.ThreadPoolExecutor$Worker.run(ThreadPoolExecutor.java:624)
	at java.lang.Thread.run(Thread.java:748)
2019-04-13 21:38:55,413 INFO  SysUtils - Configuration on demand is an incubating feature.
:app:checkDebugClasspath
Download https://jcenter.bintray.com/com/flaviofaria/kenburnsview/1.0.7/kenburnsview-1.0.7.jar
:app:preBuild UP-TO-DATE
:arclayout:preBuild UP-TO-DATE
:arclayout:preDebugBuild UP-TO-DATE
:arclayout:checkDebugManifest
:arclayout:processDebugManifest
:app:preDebugBuild
:arclayout:compileDebugAidl NO-SOURCE
:app:compileDebugAidl NO-SOURCE
:arclayout:packageDebugRenderscript NO-SOURCE
:app:compileDebugRenderscript
:app:checkDebugManifest
:app:generateDebugBuildConfig
:app:prepareLintJar
:app:mainApkListPersistenceDebug
:app:generateDebugResValues
:app:generateDebugResources
:arclayout:compileDebugRenderscript
:arclayout:generateDebugResValues
:arclayout:generateDebugResources
:arclayout:packageDebugResources
:app:mergeDebugResources
:app:createDebugCompatibleScreenManifests
:app:processDebugManifest
:app:splitsDiscoveryTaskDebug
:arclayout:generateDebugRFile
:app:processDebugResources
:app:generateDebugSources
:arclayout:generateDebugBuildConfig
:arclayout:prepareLintJar
:arclayout:generateDebugSources
:arclayout:javaPreCompileDebug
:arclayout:compileDebugJavaWithJavacNote: /private/var/folders/bq/vtzpc5ns5sg2cthy61lqpg3dfzgbys/T/1555166287908-0/src/ArcLayout-master/arclayout/src/main/java/com/github/florent37/arclayout/ShapeOfView.java uses or overrides a deprecated API.
Note: Recompile with -Xlint:deprecation for details.

:arclayout:processDebugJavaRes NO-SOURCE
:arclayout:transformClassesAndResourcesWithPrepareIntermediateJarsForDebug
:app:javaPreCompileDebug
:app:compileDebugJavaWithJavac
:app:compileDebugNdk NO-SOURCE
:app:compileDebugSources
:app:mergeDebugShaders
:app:compileDebugShaders
:app:generateDebugAssets
:arclayout:mergeDebugShaders
:arclayout:compileDebugShaders
:arclayout:generateDebugAssets
:arclayout:packageDebugAssets
:app:mergeDebugAssets
:app:transformClassesWithDexBuilderForDebug
:app:transformDexArchiveWithExternalLibsDexMergerForDebug
:app:transformDexArchiveWithDexMergerForDebug
:app:mergeDebugJniLibFolders
:arclayout:compileDebugNdk NO-SOURCE
:arclayout:mergeDebugJniLibFolders
:arclayout:transformNativeLibsWithMergeJniLibsForDebug
:arclayout:transformNativeLibsWithStripDebugSymbolForDebug
:arclayout:transformNativeLibsWithIntermediateJniLibsForDebug
:app:transformNativeLibsWithMergeJniLibsForDebug
:app:transformNativeLibsWithStripDebugSymbolForDebug
:app:checkDebugLibraries
:app:processDebugJavaRes NO-SOURCE
:app:transformResourcesWithMergeJavaResForDebug
:app:validateSigningDebug
:app:packageDebug
:app:assembleDebug
:app:checkReleaseClasspath
:arclayout:preReleaseBuild UP-TO-DATE
:arclayout:checkReleaseManifest
:arclayout:processReleaseManifest
:app:preReleaseBuild
:arclayout:compileReleaseAidl NO-SOURCE
:app:compileReleaseAidl NO-SOURCE
:arclayout:packageReleaseRenderscript NO-SOURCE
:app:compileReleaseRenderscript
:app:checkReleaseManifest
:app:generateReleaseBuildConfig
:app:mainApkListPersistenceRelease
:app:generateReleaseResValues
:app:generateReleaseResources
:arclayout:compileReleaseRenderscript
:arclayout:generateReleaseResValues
:arclayout:generateReleaseResources
:arclayout:packageReleaseResources
:app:mergeReleaseResources
:app:createReleaseCompatibleScreenManifests
:app:processReleaseManifest
:app:splitsDiscoveryTaskRelease
:arclayout:generateReleaseRFile
:app:processReleaseResources
:app:generateReleaseSources
:arclayout:generateReleaseBuildConfig
:arclayout:generateReleaseSources
:arclayout:javaPreCompileRelease
:arclayout:compileReleaseJavaWithJavacNote: /private/var/folders/bq/vtzpc5ns5sg2cthy61lqpg3dfzgbys/T/1555166287908-0/src/ArcLayout-master/arclayout/src/main/java/com/github/florent37/arclayout/ShapeOfView.java uses or overrides a deprecated API.
Note: Recompile with -Xlint:deprecation for details.

:arclayout:processReleaseJavaRes NO-SOURCE
:arclayout:transformClassesAndResourcesWithPrepareIntermediateJarsForRelease
:app:javaPreCompileRelease
:app:compileReleaseJavaWithJavac
:app:compileReleaseNdk NO-SOURCE
:app:compileReleaseSources
:app:lintVitalRelease
Calling mockable JAR artifact transform to create file: /Users/vbauer/.gradle/caches/transforms-1/files-1.1/android.jar/d0253a91e77238aa2eae34a5f26e3ec0/android.jar with input /Users/vbauer/Library/Android/sdk/platforms/android-28/android.jar
/private/var/folders/bq/vtzpc5ns5sg2cthy61lqpg3dfzgbys/T/1555166287908-0/src/ArcLayout-master/app/src/main/res/values-w820dp/dimens.xml:5: Error: The dimen "activity_horizontal_margin" in values-w820dp has no declaration in the base values folder; this can lead to crashes when the resource is queried in a configuration that does not match this qualifier [MissingDefaultResource]
    <dimen name="activity_horizontal_margin">64dp</dimen>
           ~~~~~~~~~~~~~~~~~~~~~~~~~~~~~~~~~

   Explanation for issues of type "MissingDefaultResource":
   If a resource is only defined in folders with qualifiers like -land or -en,
   and there is no default declaration in the base folder (layout or values
   etc), then the app will crash if that resource is accessed on a device
   where the device is in a configuration missing the given qualifier.

   As a special case, drawables do not have to be specified in the base
   folder; if there is a match in a density folder (such as drawable-mdpi)
   that image will be used and scaled. Note however that if you  only specify
   a drawable in a folder like drawable-en-hdpi, the app will crash in
   non-English locales.

   There may be scenarios where you have a resource, such as a -fr drawable,
   which is only referenced from some other resource with the same qualifiers
   (such as a -fr style), which itself has safe fallbacks. However, this still
   makes it possible for somebody to accidentally reference the drawable and
   crash, so it is safer to create a default dummy fallback in the base
   folder. Alternatively, you can suppress the issue by adding
   tools:ignore="MissingDefaultResource" on the element.

   (This scenario frequently happens with string translations, where you might
   delete code and the corresponding resources, but forget to delete a
   translation. There is a dedicated issue id for that scenario, with the id
   ExtraTranslation.)

1 errors, 0 warnings
:app:lintVitalRelease FAILED

FAILURE: Build failed with an exception.

* What went wrong:
Execution failed for task ':app:lintVitalRelease'.
> Lint found fatal errors while assembling a release target.
  
  To proceed, either fix the issues identified by lint, or modify your build script as follows:
  ...
  android {
      lintOptions {
          checkReleaseBuilds false
          // Or, if you prefer, you can continue to check for errors in release builds,
          // but continue the build even when errors are found:
          abortOnError false
      }
  }
  ...

* Try:
Run with --info or --debug option to get more log output. Run with --scan to get full insights.

* Exception is:
org.gradle.api.tasks.TaskExecutionException: Execution failed for task ':app:lintVitalRelease'.
	at org.gradle.api.internal.tasks.execution.ExecuteActionsTaskExecuter.executeActions(ExecuteActionsTaskExecuter.java:103)
	at org.gradle.api.internal.tasks.execution.ExecuteActionsTaskExecuter.execute(ExecuteActionsTaskExecuter.java:73)
	at org.gradle.api.internal.tasks.execution.OutputDirectoryCreatingTaskExecuter.execute(OutputDirectoryCreatingTaskExecuter.java:51)
	at org.gradle.api.internal.tasks.execution.SkipUpToDateTaskExecuter.execute(SkipUpToDateTaskExecuter.java:59)
	at org.gradle.api.internal.tasks.execution.ResolveTaskOutputCachingStateExecuter.execute(ResolveTaskOutputCachingStateExecuter.java:54)
	at org.gradle.api.internal.tasks.execution.ValidatingTaskExecuter.execute(ValidatingTaskExecuter.java:59)
	at org.gradle.api.internal.tasks.execution.SkipEmptySourceFilesTaskExecuter.execute(SkipEmptySourceFilesTaskExecuter.java:101)
	at org.gradle.api.internal.tasks.execution.FinalizeInputFilePropertiesTaskExecuter.execute(FinalizeInputFilePropertiesTaskExecuter.java:44)
	at org.gradle.api.internal.tasks.execution.CleanupStaleOutputsExecuter.execute(CleanupStaleOutputsExecuter.java:91)
	at org.gradle.api.internal.tasks.execution.ResolveTaskArtifactStateTaskExecuter.execute(ResolveTaskArtifactStateTaskExecuter.java:62)
	at org.gradle.api.internal.tasks.execution.SkipTaskWithNoActionsExecuter.execute(SkipTaskWithNoActionsExecuter.java:59)
	at org.gradle.api.internal.tasks.execution.SkipOnlyIfTaskExecuter.execute(SkipOnlyIfTaskExecuter.java:54)
	at org.gradle.api.internal.tasks.execution.ExecuteAtMostOnceTaskExecuter.execute(ExecuteAtMostOnceTaskExecuter.java:43)
	at org.gradle.api.internal.tasks.execution.CatchExceptionTaskExecuter.execute(CatchExceptionTaskExecuter.java:34)
	at org.gradle.execution.taskgraph.DefaultTaskGraphExecuter$EventFiringTaskWorker$1.run(DefaultTaskGraphExecuter.java:256)
	at org.gradle.internal.progress.DefaultBuildOperationExecutor$RunnableBuildOperationWorker.execute(DefaultBuildOperationExecutor.java:336)
	at org.gradle.internal.progress.DefaultBuildOperationExecutor$RunnableBuildOperationWorker.execute(DefaultBuildOperationExecutor.java:328)
	at org.gradle.internal.progress.DefaultBuildOperationExecutor.execute(DefaultBuildOperationExecutor.java:199)
	at org.gradle.internal.progress.DefaultBuildOperationExecutor.run(DefaultBuildOperationExecutor.java:110)
	at org.gradle.execution.taskgraph.DefaultTaskGraphExecuter$EventFiringTaskWorker.execute(DefaultTaskGraphExecuter.java:249)
	at org.gradle.execution.taskgraph.DefaultTaskGraphExecuter$EventFiringTaskWorker.execute(DefaultTaskGraphExecuter.java:238)
	at org.gradle.execution.taskgraph.DefaultTaskPlanExecutor$TaskExecutorWorker.processTask(DefaultTaskPlanExecutor.java:123)
	at org.gradle.execution.taskgraph.DefaultTaskPlanExecutor$TaskExecutorWorker.access$200(DefaultTaskPlanExecutor.java:79)
	at org.gradle.execution.taskgraph.DefaultTaskPlanExecutor$TaskExecutorWorker$1.execute(DefaultTaskPlanExecutor.java:104)
	at org.gradle.execution.taskgraph.DefaultTaskPlanExecutor$TaskExecutorWorker$1.execute(DefaultTaskPlanExecutor.java:98)
	at org.gradle.execution.taskgraph.DefaultTaskExecutionPlan.execute(DefaultTaskExecutionPlan.java:663)
	at org.gradle.execution.taskgraph.DefaultTaskExecutionPlan.executeWithTask(DefaultTaskExecutionPlan.java:597)
	at org.gradle.execution.taskgraph.DefaultTaskPlanExecutor$TaskExecutorWorker.run(DefaultTaskPlanExecutor.java:98)
	at org.gradle.internal.concurrent.ExecutorPolicy$CatchAndRecordFailures.onExecute(ExecutorPolicy.java:63)
	at org.gradle.internal.concurrent.ManagedExecutorImpl$1.run(ManagedExecutorImpl.java:46)
	at org.gradle.internal.concurrent.ThreadFactoryImpl$ManagedThreadRunnable.run(ThreadFactoryImpl.java:55)
Caused by: org.gradle.api.GradleException: Lint found fatal errors while assembling a release target.

To proceed, either fix the issues identified by lint, or modify your build script as follows:
...
android {
    lintOptions {
        checkReleaseBuilds false
        // Or, if you prefer, you can continue to check for errors in release builds,
        // but continue the build even when errors are found:
        abortOnError false
    }
}
...
	at com.android.tools.lint.gradle.LintGradleExecution.abort(LintGradleExecution.java:206)
	at com.android.tools.lint.gradle.LintGradleExecution.runLint(LintGradleExecution.java:297)
	at com.android.tools.lint.gradle.LintGradleExecution.lintSingleVariant(LintGradleExecution.java:368)
	at com.android.tools.lint.gradle.LintGradleExecution.analyze(LintGradleExecution.java:91)
	at com.android.tools.lint.gradle.api.ReflectiveLintRunner.runLint(ReflectiveLintRunner.kt:38)
	at com.android.build.gradle.tasks.LintBaseTask.runLint(LintBaseTask.java:88)
	at com.android.build.gradle.tasks.LintPerVariantTask.lint(LintPerVariantTask.java:41)
	at org.gradle.internal.reflect.JavaMethod.invoke(JavaMethod.java:73)
	at org.gradle.api.internal.project.taskfactory.StandardTaskAction.doExecute(StandardTaskAction.java:46)
	at org.gradle.api.internal.project.taskfactory.StandardTaskAction.execute(StandardTaskAction.java:39)
	at org.gradle.api.internal.project.taskfactory.StandardTaskAction.execute(StandardTaskAction.java:26)
	at org.gradle.api.internal.AbstractTask$TaskActionWrapper.execute(AbstractTask.java:788)
	at org.gradle.api.internal.AbstractTask$TaskActionWrapper.execute(AbstractTask.java:755)
	at org.gradle.api.internal.tasks.execution.ExecuteActionsTaskExecuter$1.run(ExecuteActionsTaskExecuter.java:124)
	at org.gradle.internal.progress.DefaultBuildOperationExecutor$RunnableBuildOperationWorker.execute(DefaultBuildOperationExecutor.java:336)
	at org.gradle.internal.progress.DefaultBuildOperationExecutor$RunnableBuildOperationWorker.execute(DefaultBuildOperationExecutor.java:328)
	at org.gradle.internal.progress.DefaultBuildOperationExecutor.execute(DefaultBuildOperationExecutor.java:199)
	at org.gradle.internal.progress.DefaultBuildOperationExecutor.run(DefaultBuildOperationExecutor.java:110)
	at org.gradle.api.internal.tasks.execution.ExecuteActionsTaskExecuter.executeAction(ExecuteActionsTaskExecuter.java:113)
	at org.gradle.api.internal.tasks.execution.ExecuteActionsTaskExecuter.executeActions(ExecuteActionsTaskExecuter.java:95)
	... 30 more


* Get more help at https://help.gradle.org

BUILD FAILED in 31s
71 actionable tasks: 71 executed

2019-04-13 21:38:55,530 INFO  FullProcessService - Found APK file: /var/folders/bq/vtzpc5ns5sg2cthy61lqpg3dfzgbys/T/1555166287908-0/src/ArcLayout-master/app/build/outputs/apk/debug/app-debug.apk
