2018-12-13 11:47:06,524 INFO  DownloadService - Downloading "https://github.com/florent37/FiftyShadesOf/archive/master.zip", attempt 3
2018-12-13 11:47:09,621 INFO  DownloadService - Downloaded https://github.com/florent37/FiftyShadesOf/archive/master.zip, attempt 3
2018-12-13 11:47:09,622 INFO  DownloadService - Size of file "/var/folders/bq/vtzpc5ns5sg2cthy61lqpg3dfzgbys/T/1544676426520-0/master.zip": 1 MB
2018-12-13 11:47:09,622 INFO  ArchiveUtils - Checking entries [.gradle] in ZIP file...
2018-12-13 11:47:09,622 INFO  ArchiveUtils - Has entries [.gradle] in ZIP file /var/folders/bq/vtzpc5ns5sg2cthy61lqpg3dfzgbys/T/1544676426520-0/master.zip: true
2018-12-13 11:47:09,622 DEBUG ZipUtil - Extracting '/var/folders/bq/vtzpc5ns5sg2cthy61lqpg3dfzgbys/T/1544676426520-0/master.zip' into '/var/folders/bq/vtzpc5ns5sg2cthy61lqpg3dfzgbys/T/1544676426520-0/src'.
2018-12-13 11:47:09,672 INFO  FullProcessService - Size of directory with sources: 2 MB
2018-12-13 11:47:09,672 INFO  SysUtils - Execute command: [git, init, /var/folders/bq/vtzpc5ns5sg2cthy61lqpg3dfzgbys/T/1544676426520-0/src]
2018-12-13 11:47:09,696 INFO  SysUtils - Initialized empty Git repository in /private/var/folders/bq/vtzpc5ns5sg2cthy61lqpg3dfzgbys/T/1544676426520-0/src/.git/

2018-12-13 11:47:09,700 INFO  ProjectBuildService - Gradle wrapper(s): /var/folders/bq/vtzpc5ns5sg2cthy61lqpg3dfzgbys/T/1544676426520-0/src/FiftyShadesOf-master/gradlew
2018-12-13 11:47:09,704 INFO  ProjectBuildService - Build script(s): /var/folders/bq/vtzpc5ns5sg2cthy61lqpg3dfzgbys/T/1544676426520-0/src/FiftyShadesOf-master/app/build.gradle /var/folders/bq/vtzpc5ns5sg2cthy61lqpg3dfzgbys/T/1544676426520-0/src/FiftyShadesOf-master/fiftyshadesof/build.gradle /var/folders/bq/vtzpc5ns5sg2cthy61lqpg3dfzgbys/T/1544676426520-0/src/FiftyShadesOf-master/build.gradle
2018-12-13 11:47:09,708 INFO  ProjectBuildService - All script(s): /var/folders/bq/vtzpc5ns5sg2cthy61lqpg3dfzgbys/T/1544676426520-0/src/FiftyShadesOf-master/app/build.gradle /var/folders/bq/vtzpc5ns5sg2cthy61lqpg3dfzgbys/T/1544676426520-0/src/FiftyShadesOf-master/gradle/install-v1.gradle /var/folders/bq/vtzpc5ns5sg2cthy61lqpg3dfzgbys/T/1544676426520-0/src/FiftyShadesOf-master/gradle/bintray-java-v1.gradle /var/folders/bq/vtzpc5ns5sg2cthy61lqpg3dfzgbys/T/1544676426520-0/src/FiftyShadesOf-master/gradle/bintray-android-v1.gradle /var/folders/bq/vtzpc5ns5sg2cthy61lqpg3dfzgbys/T/1544676426520-0/src/FiftyShadesOf-master/build.gradle /var/folders/bq/vtzpc5ns5sg2cthy61lqpg3dfzgbys/T/1544676426520-0/src/FiftyShadesOf-master/settings.gradle /var/folders/bq/vtzpc5ns5sg2cthy61lqpg3dfzgbys/T/1544676426520-0/src/FiftyShadesOf-master/fiftyshadesof/build.gradle
2018-12-13 11:47:09,709 INFO  ProjectBuildService - Remote scripts: none
2018-12-13 11:47:09,709 INFO  ProjectFixService - Fixing project...
2018-12-13 11:47:09,721 INFO  LocalPropertiesFixService - Created fake /var/folders/bq/vtzpc5ns5sg2cthy61lqpg3dfzgbys/T/1544676426520-0/src/FiftyShadesOf-master/app/local.properties
2018-12-13 11:47:09,726 INFO  ProjectFixService - Build info for "/var/folders/bq/vtzpc5ns5sg2cthy61lqpg3dfzgbys/T/1544676426520-0/src/FiftyShadesOf-master/app/build.gradle": [buildToolsVersion=24.0.1,compileSdkVersion=24,minSdkVersion=15,targetSdkVersion=24]
2018-12-13 11:47:09,727 INFO  LocalPropertiesFixService - Created fake /var/folders/bq/vtzpc5ns5sg2cthy61lqpg3dfzgbys/T/1544676426520-0/src/FiftyShadesOf-master/fiftyshadesof/local.properties
2018-12-13 11:47:09,728 INFO  ProjectFixService - Build info for "/var/folders/bq/vtzpc5ns5sg2cthy61lqpg3dfzgbys/T/1544676426520-0/src/FiftyShadesOf-master/fiftyshadesof/build.gradle": [buildToolsVersion=24.0.2,compileSdkVersion=24,minSdkVersion=15,targetSdkVersion=24]
2018-12-13 11:47:09,729 INFO  LocalPropertiesFixService - Created fake /var/folders/bq/vtzpc5ns5sg2cthy61lqpg3dfzgbys/T/1544676426520-0/src/FiftyShadesOf-master/local.properties
2018-12-13 11:47:09,730 INFO  WrapperPropertiesFixService - Gradle wrapper: https://services.gradle.org/distributions/gradle-2.14.1-all.zip
2018-12-13 11:47:09,731 INFO  WrapperPropertiesFixService - Gradle wrapper was changed from "-all.zip" to "-bin.zip" (https://services.gradle.org/distributions/gradle-2.14.1-bin.zip)
2018-12-13 11:47:09,735 INFO  ProjectFixService - Build info for "/var/folders/bq/vtzpc5ns5sg2cthy61lqpg3dfzgbys/T/1544676426520-0/src/FiftyShadesOf-master/build.gradle": [buildToolsVersion=24.0.1,compileSdkVersion=24,minSdkVersion=15,targetSdkVersion=24]
2018-12-13 11:47:09,735 INFO  ProjectFixService - Project was maybe fixed
2018-12-13 11:47:09,735 INFO  ProjectTaskService - Detecting possible tasks...
2018-12-13 11:47:09,735 INFO  SysUtils - Execute command: [/var/folders/bq/vtzpc5ns5sg2cthy61lqpg3dfzgbys/T/1544676426520-0/src/FiftyShadesOf-master/gradlew, -b, /var/folders/bq/vtzpc5ns5sg2cthy61lqpg3dfzgbys/T/1544676426520-0/src/FiftyShadesOf-master/app/build.gradle, -Dorg.gradle.daemon=false, -Dorg.gradle.daemon.performance.enable-monitoring=false, -Dorg.gradle.configureondemand=true, tasks]
2018-12-13 11:47:43,994 ERROR ProjectTaskService - Could not detect possible Gradle tasks: Process exited with an error: 1 (Exit value: 1)
2018-12-13 11:47:43,994 INFO  ProjectTaskService - Detected possible tasks: 0
2018-12-13 11:47:43,994 INFO  ProjectTaskService - Excluded tasks (0): none
2018-12-13 11:47:43,994 INFO  SysUtils - Execute command: [/var/folders/bq/vtzpc5ns5sg2cthy61lqpg3dfzgbys/T/1544676426520-0/src/FiftyShadesOf-master/gradlew, -b, /var/folders/bq/vtzpc5ns5sg2cthy61lqpg3dfzgbys/T/1544676426520-0/src/FiftyShadesOf-master/app/build.gradle, -Dorg.gradle.daemon=false, -Dorg.gradle.daemon.performance.enable-monitoring=false, -Dorg.gradle.configureondemand=true, --stacktrace, build]
2018-12-13 11:47:53,310 ERROR SysUtils - Could not process external command
org.apache.commons.exec.ExecuteException: Process exited with an error: 1 (Exit value: 1)
	at org.apache.commons.exec.DefaultExecutor.executeInternal(DefaultExecutor.java:404)
	at org.apache.commons.exec.DefaultExecutor.execute(DefaultExecutor.java:166)
	at com.github.vbauer.apkmaster.util.SysUtils.execute(SysUtils.java:67)
	at com.github.vbauer.apkmaster.util.SysUtils.executeSimple(SysUtils.java:43)
	at com.github.vbauer.apkmaster.service.assembly.ProjectBuildService.buildProject(ProjectBuildService.java:78)
	at com.github.vbauer.apkmaster.service.assembly.ProjectBuildService.buildProject(ProjectBuildService.java:64)
	at com.github.vbauer.apkmaster.service.assembly.ProjectBuildService.buildProject(ProjectBuildService.java:43)
	at com.github.vbauer.apkmaster.service.FullProcessService.build(FullProcessService.java:84)
	at com.github.vbauer.apkmaster.service.FullProcessService.process(FullProcessService.java:34)
	at com.github.vbauer.apkmaster.app.MainApplication.process(MainApplication.java:38)
	at com.github.vbauer.apkmaster.app.MainApplication.main(MainApplication.java:20)
	at sun.reflect.NativeMethodAccessorImpl.invoke0(Native Method)
	at sun.reflect.NativeMethodAccessorImpl.invoke(NativeMethodAccessorImpl.java:62)
	at sun.reflect.DelegatingMethodAccessorImpl.invoke(DelegatingMethodAccessorImpl.java:43)
	at java.lang.reflect.Method.invoke(Method.java:498)
	at com.android.arsenal.util.ReflectionUtils.invoke(ReflectionUtils.java:52)
	at com.android.arsenal.util.ApkMasterUtils.main(ApkMasterUtils.java:30)
	at com.android.arsenal.service.processor.impl.BuildProcessorServiceImpl.buildProject(BuildProcessorServiceImpl.java:196)
	at com.android.arsenal.service.processor.impl.BuildProcessorServiceImpl.build(BuildProcessorServiceImpl.java:130)
	at com.android.arsenal.service.processor.impl.BuildProcessorServiceImpl.lambda$createTasks$1(BuildProcessorServiceImpl.java:113)
	at java.util.concurrent.FutureTask.run(FutureTask.java:266)
	at java.util.concurrent.Executors$RunnableAdapter.call(Executors.java:511)
	at java.util.concurrent.FutureTask.run(FutureTask.java:266)
	at java.util.concurrent.ThreadPoolExecutor.runWorker(ThreadPoolExecutor.java:1149)
	at java.util.concurrent.ThreadPoolExecutor$Worker.run(ThreadPoolExecutor.java:624)
	at java.lang.Thread.run(Thread.java:748)
2018-12-13 11:47:53,311 INFO  SysUtils - Configuration on demand is an incubating feature.
Incremental java compilation is an incubating feature.

FAILURE: Build failed with an exception.

* What went wrong:
A problem occurred configuring project ':app'.
> No toolchains found in the NDK toolchains folder for ABI with prefix: mipsel-linux-android

* Try:
Run with --info or --debug option to get more log output.

* Exception is:
org.gradle.api.ProjectConfigurationException: A problem occurred configuring project ':app'.
	at org.gradle.configuration.project.LifecycleProjectEvaluator.addConfigurationFailure(LifecycleProjectEvaluator.java:79)
	at org.gradle.configuration.project.LifecycleProjectEvaluator.notifyAfterEvaluate(LifecycleProjectEvaluator.java:74)
	at org.gradle.configuration.project.LifecycleProjectEvaluator.evaluate(LifecycleProjectEvaluator.java:61)
	at org.gradle.api.internal.project.AbstractProject.evaluate(AbstractProject.java:540)
	at org.gradle.api.internal.project.AbstractProject.evaluate(AbstractProject.java:93)
	at org.gradle.execution.TaskPathProjectEvaluator.configureHierarchy(TaskPathProjectEvaluator.java:42)
	at org.gradle.execution.TaskSelector.getSelection(TaskSelector.java:84)
	at org.gradle.execution.TaskSelector.getSelection(TaskSelector.java:75)
	at org.gradle.execution.commandline.CommandLineTaskParser.parseTasks(CommandLineTaskParser.java:42)
	at org.gradle.execution.TaskNameResolvingBuildConfigurationAction.configure(TaskNameResolvingBuildConfigurationAction.java:44)
	at org.gradle.execution.DefaultBuildConfigurationActionExecuter.configure(DefaultBuildConfigurationActionExecuter.java:48)
	at org.gradle.execution.DefaultBuildConfigurationActionExecuter.access$000(DefaultBuildConfigurationActionExecuter.java:25)
	at org.gradle.execution.DefaultBuildConfigurationActionExecuter$1.proceed(DefaultBuildConfigurationActionExecuter.java:54)
	at org.gradle.execution.DefaultTasksBuildExecutionAction.configure(DefaultTasksBuildExecutionAction.java:44)
	at org.gradle.execution.DefaultBuildConfigurationActionExecuter.configure(DefaultBuildConfigurationActionExecuter.java:48)
	at org.gradle.execution.DefaultBuildConfigurationActionExecuter.access$000(DefaultBuildConfigurationActionExecuter.java:25)
	at org.gradle.execution.DefaultBuildConfigurationActionExecuter$1.proceed(DefaultBuildConfigurationActionExecuter.java:54)
	at org.gradle.execution.ExcludedTaskFilteringBuildConfigurationAction.configure(ExcludedTaskFilteringBuildConfigurationAction.java:47)
	at org.gradle.execution.DefaultBuildConfigurationActionExecuter.configure(DefaultBuildConfigurationActionExecuter.java:48)
	at org.gradle.execution.DefaultBuildConfigurationActionExecuter.select(DefaultBuildConfigurationActionExecuter.java:36)
	at org.gradle.initialization.DefaultGradleLauncher$3.run(DefaultGradleLauncher.java:142)
	at org.gradle.internal.Factories$1.create(Factories.java:22)
	at org.gradle.internal.progress.DefaultBuildOperationExecutor.run(DefaultBuildOperationExecutor.java:91)
	at org.gradle.internal.progress.DefaultBuildOperationExecutor.run(DefaultBuildOperationExecutor.java:53)
	at org.gradle.initialization.DefaultGradleLauncher.doBuildStages(DefaultGradleLauncher.java:139)
	at org.gradle.initialization.DefaultGradleLauncher.access$200(DefaultGradleLauncher.java:32)
	at org.gradle.initialization.DefaultGradleLauncher$1.create(DefaultGradleLauncher.java:98)
	at org.gradle.initialization.DefaultGradleLauncher$1.create(DefaultGradleLauncher.java:92)
	at org.gradle.internal.progress.DefaultBuildOperationExecutor.run(DefaultBuildOperationExecutor.java:91)
	at org.gradle.internal.progress.DefaultBuildOperationExecutor.run(DefaultBuildOperationExecutor.java:63)
	at org.gradle.initialization.DefaultGradleLauncher.doBuild(DefaultGradleLauncher.java:92)
	at org.gradle.initialization.DefaultGradleLauncher.run(DefaultGradleLauncher.java:83)
	at org.gradle.launcher.exec.InProcessBuildActionExecuter$DefaultBuildController.run(InProcessBuildActionExecuter.java:99)
	at org.gradle.tooling.internal.provider.ExecuteBuildActionRunner.run(ExecuteBuildActionRunner.java:28)
	at org.gradle.launcher.exec.ChainingBuildActionRunner.run(ChainingBuildActionRunner.java:35)
	at org.gradle.launcher.exec.InProcessBuildActionExecuter.execute(InProcessBuildActionExecuter.java:48)
	at org.gradle.launcher.exec.InProcessBuildActionExecuter.execute(InProcessBuildActionExecuter.java:30)
	at org.gradle.launcher.exec.ContinuousBuildActionExecuter.execute(ContinuousBuildActionExecuter.java:81)
	at org.gradle.launcher.exec.ContinuousBuildActionExecuter.execute(ContinuousBuildActionExecuter.java:46)
	at org.gradle.launcher.exec.DaemonUsageSuggestingBuildActionExecuter.execute(DaemonUsageSuggestingBuildActionExecuter.java:51)
	at org.gradle.launcher.exec.DaemonUsageSuggestingBuildActionExecuter.execute(DaemonUsageSuggestingBuildActionExecuter.java:28)
	at org.gradle.launcher.cli.RunBuildAction.run(RunBuildAction.java:43)
	at org.gradle.internal.Actions$RunnableActionAdapter.execute(Actions.java:173)
	at org.gradle.launcher.cli.CommandLineActionFactory$ParseAndBuildAction.execute(CommandLineActionFactory.java:239)
	at org.gradle.launcher.cli.CommandLineActionFactory$ParseAndBuildAction.execute(CommandLineActionFactory.java:212)
	at org.gradle.launcher.cli.JavaRuntimeValidationAction.execute(JavaRuntimeValidationAction.java:35)
	at org.gradle.launcher.cli.JavaRuntimeValidationAction.execute(JavaRuntimeValidationAction.java:24)
	at org.gradle.launcher.cli.ExceptionReportingAction.execute(ExceptionReportingAction.java:33)
	at org.gradle.launcher.cli.ExceptionReportingAction.execute(ExceptionReportingAction.java:22)
	at org.gradle.launcher.cli.CommandLineActionFactory$WithLogging.execute(CommandLineActionFactory.java:205)
	at org.gradle.launcher.cli.CommandLineActionFactory$WithLogging.execute(CommandLineActionFactory.java:169)
	at org.gradle.launcher.Main.doAction(Main.java:33)
	at org.gradle.launcher.bootstrap.EntryPoint.run(EntryPoint.java:45)
	at org.gradle.launcher.bootstrap.ProcessBootstrap.runNoExit(ProcessBootstrap.java:55)
	at org.gradle.launcher.bootstrap.ProcessBootstrap.run(ProcessBootstrap.java:36)
	at org.gradle.launcher.GradleMain.main(GradleMain.java:23)
	at org.gradle.wrapper.BootstrapMainStarter.start(BootstrapMainStarter.java:30)
	at org.gradle.wrapper.WrapperExecutor.execute(WrapperExecutor.java:129)
	at org.gradle.wrapper.GradleWrapperMain.main(GradleWrapperMain.java:61)
Caused by: java.lang.RuntimeException: No toolchains found in the NDK toolchains folder for ABI with prefix: mipsel-linux-android
	at com.android.build.gradle.internal.ndk.DefaultNdkInfo.getDefaultToolchainVersion(DefaultNdkInfo.java:330)
	at com.android.build.gradle.internal.ndk.DefaultNdkInfo.getToolchainPath(DefaultNdkInfo.java:207)
	at com.android.build.gradle.internal.ndk.DefaultNdkInfo.getStripExecutable(DefaultNdkInfo.java:300)
	at com.android.build.gradle.internal.ndk.NdkHandler.getStripExecutable(NdkHandler.java:333)
	at com.android.build.gradle.internal.transforms.StripDebugSymbolTransform.<init>(StripDebugSymbolTransform.java:87)
	at com.android.build.gradle.internal.TaskManager.createStripNativeLibraryTask(TaskManager.java:1342)
	at com.android.build.gradle.internal.ApplicationTaskManager.createTasksForVariantData(ApplicationTaskManager.java:289)
	at com.android.build.gradle.internal.VariantManager.createTasksForVariantData(VariantManager.java:485)
	at com.android.build.gradle.internal.VariantManager$3.call(VariantManager.java:293)
	at com.android.build.gradle.internal.VariantManager$3.call(VariantManager.java:290)
	at com.android.builder.profile.ThreadRecorder.record(ThreadRecorder.java:156)
	at com.android.builder.profile.ThreadRecorder.record(ThreadRecorder.java:120)
	at com.android.build.gradle.internal.profile.SpanRecorders.record(SpanRecorders.java:44)
	at com.android.build.gradle.internal.VariantManager.createAndroidTasks(VariantManager.java:286)
	at com.android.build.gradle.BasePlugin$11.call(BasePlugin.java:688)
	at com.android.build.gradle.BasePlugin$11.call(BasePlugin.java:685)
	at com.android.builder.profile.ThreadRecorder.record(ThreadRecorder.java:156)
	at com.android.builder.profile.ThreadRecorder.record(ThreadRecorder.java:120)
	at com.android.build.gradle.BasePlugin.createAndroidTasks(BasePlugin.java:683)
	at com.android.build.gradle.BasePlugin$10.call(BasePlugin.java:608)
	at com.android.build.gradle.BasePlugin$10.call(BasePlugin.java:605)
	at com.android.builder.profile.ThreadRecorder.record(ThreadRecorder.java:156)
	at com.android.builder.profile.ThreadRecorder.record(ThreadRecorder.java:120)
	at com.android.build.gradle.BasePlugin.lambda$createTasks$1(BasePlugin.java:603)
	at org.gradle.internal.event.BroadcastDispatch$ActionInvocationHandler.dispatch(BroadcastDispatch.java:93)
	at org.gradle.internal.event.BroadcastDispatch$ActionInvocationHandler.dispatch(BroadcastDispatch.java:82)
	at org.gradle.internal.event.AbstractBroadcastDispatch.dispatch(AbstractBroadcastDispatch.java:44)
	at org.gradle.internal.event.BroadcastDispatch.dispatch(BroadcastDispatch.java:79)
	at org.gradle.internal.event.BroadcastDispatch.dispatch(BroadcastDispatch.java:30)
	at org.gradle.internal.dispatch.ProxyDispatchAdapter$DispatchingInvocationHandler.invoke(ProxyDispatchAdapter.java:93)
	at com.sun.proxy.$Proxy10.afterEvaluate(Unknown Source)
	at org.gradle.configuration.project.LifecycleProjectEvaluator.notifyAfterEvaluate(LifecycleProjectEvaluator.java:67)
	... 57 more


BUILD FAILED

Total time: 8.634 secs

2018-12-13 11:47:53,317 INFO  ProjectTaskService - Detecting possible tasks...
2018-12-13 11:47:53,317 INFO  SysUtils - Execute command: [/var/folders/bq/vtzpc5ns5sg2cthy61lqpg3dfzgbys/T/1544676426520-0/src/FiftyShadesOf-master/gradlew, -b, /var/folders/bq/vtzpc5ns5sg2cthy61lqpg3dfzgbys/T/1544676426520-0/src/FiftyShadesOf-master/fiftyshadesof/build.gradle, -Dorg.gradle.daemon=false, -Dorg.gradle.daemon.performance.enable-monitoring=false, -Dorg.gradle.configureondemand=true, tasks]
2018-12-13 11:48:03,609 ERROR ProjectTaskService - Could not detect possible Gradle tasks: Process exited with an error: 1 (Exit value: 1)
2018-12-13 11:48:03,609 INFO  ProjectTaskService - Detected possible tasks: 0
2018-12-13 11:48:03,609 INFO  ProjectTaskService - Excluded tasks (0): none
2018-12-13 11:48:03,609 INFO  SysUtils - Execute command: [/var/folders/bq/vtzpc5ns5sg2cthy61lqpg3dfzgbys/T/1544676426520-0/src/FiftyShadesOf-master/gradlew, -b, /var/folders/bq/vtzpc5ns5sg2cthy61lqpg3dfzgbys/T/1544676426520-0/src/FiftyShadesOf-master/fiftyshadesof/build.gradle, -Dorg.gradle.daemon=false, -Dorg.gradle.daemon.performance.enable-monitoring=false, -Dorg.gradle.configureondemand=true, --stacktrace, build]
2018-12-13 11:48:19,917 ERROR SysUtils - Could not process external command
org.apache.commons.exec.ExecuteException: Process exited with an error: 1 (Exit value: 1)
	at org.apache.commons.exec.DefaultExecutor.executeInternal(DefaultExecutor.java:404)
	at org.apache.commons.exec.DefaultExecutor.execute(DefaultExecutor.java:166)
	at com.github.vbauer.apkmaster.util.SysUtils.execute(SysUtils.java:67)
	at com.github.vbauer.apkmaster.util.SysUtils.executeSimple(SysUtils.java:43)
	at com.github.vbauer.apkmaster.service.assembly.ProjectBuildService.buildProject(ProjectBuildService.java:78)
	at com.github.vbauer.apkmaster.service.assembly.ProjectBuildService.buildProject(ProjectBuildService.java:64)
	at com.github.vbauer.apkmaster.service.assembly.ProjectBuildService.buildProject(ProjectBuildService.java:43)
	at com.github.vbauer.apkmaster.service.FullProcessService.build(FullProcessService.java:84)
	at com.github.vbauer.apkmaster.service.FullProcessService.process(FullProcessService.java:34)
	at com.github.vbauer.apkmaster.app.MainApplication.process(MainApplication.java:38)
	at com.github.vbauer.apkmaster.app.MainApplication.main(MainApplication.java:20)
	at sun.reflect.NativeMethodAccessorImpl.invoke0(Native Method)
	at sun.reflect.NativeMethodAccessorImpl.invoke(NativeMethodAccessorImpl.java:62)
	at sun.reflect.DelegatingMethodAccessorImpl.invoke(DelegatingMethodAccessorImpl.java:43)
	at java.lang.reflect.Method.invoke(Method.java:498)
	at com.android.arsenal.util.ReflectionUtils.invoke(ReflectionUtils.java:52)
	at com.android.arsenal.util.ApkMasterUtils.main(ApkMasterUtils.java:30)
	at com.android.arsenal.service.processor.impl.BuildProcessorServiceImpl.buildProject(BuildProcessorServiceImpl.java:196)
	at com.android.arsenal.service.processor.impl.BuildProcessorServiceImpl.build(BuildProcessorServiceImpl.java:130)
	at com.android.arsenal.service.processor.impl.BuildProcessorServiceImpl.lambda$createTasks$1(BuildProcessorServiceImpl.java:113)
	at java.util.concurrent.FutureTask.run(FutureTask.java:266)
	at java.util.concurrent.Executors$RunnableAdapter.call(Executors.java:511)
	at java.util.concurrent.FutureTask.run(FutureTask.java:266)
	at java.util.concurrent.ThreadPoolExecutor.runWorker(ThreadPoolExecutor.java:1149)
	at java.util.concurrent.ThreadPoolExecutor$Worker.run(ThreadPoolExecutor.java:624)
	at java.lang.Thread.run(Thread.java:748)
2018-12-13 11:48:19,919 INFO  SysUtils - Configuration on demand is an incubating feature.
Incremental java compilation is an incubating feature.
:fiftyshadesof:preBuild UP-TO-DATE
:fiftyshadesof:preDebugBuild UP-TO-DATE
:fiftyshadesof:checkDebugManifest
:fiftyshadesof:preDebugAndroidTestBuild UP-TO-DATE
:fiftyshadesof:preDebugUnitTestBuild UP-TO-DATE
:fiftyshadesof:preReleaseBuild UP-TO-DATE
:fiftyshadesof:preReleaseUnitTestBuild UP-TO-DATE
:fiftyshadesof:prepareComAndroidSupportAnimatedVectorDrawable2421Library
:fiftyshadesof:prepareComAndroidSupportAppcompatV72421Library
:fiftyshadesof:prepareComAndroidSupportSupportCompat2421Library
:fiftyshadesof:prepareComAndroidSupportSupportCoreUi2421Library
:fiftyshadesof:prepareComAndroidSupportSupportCoreUtils2421Library
:fiftyshadesof:prepareComAndroidSupportSupportFragment2421Library
:fiftyshadesof:prepareComAndroidSupportSupportMediaCompat2421Library
:fiftyshadesof:prepareComAndroidSupportSupportV42421Library
:fiftyshadesof:prepareComAndroidSupportSupportVectorDrawable2421Library
:fiftyshadesof:prepareDebugDependencies
:fiftyshadesof:compileDebugAidl
:fiftyshadesof:compileDebugNdk UP-TO-DATE
:fiftyshadesof:compileLint
:fiftyshadesof:copyDebugLint UP-TO-DATE
:fiftyshadesof:compileDebugRenderscript
:fiftyshadesof:generateDebugBuildConfig
:fiftyshadesof:generateDebugResValues
:fiftyshadesof:generateDebugResources
:fiftyshadesof:mergeDebugResources
:fiftyshadesof:processDebugManifest
:fiftyshadesof:processDebugResources
:fiftyshadesof:generateDebugSources
:fiftyshadesof:incrementalDebugJavaCompilationSafeguard
:fiftyshadesof:compileDebugJavaWithJavac
:fiftyshadesof:compileDebugJavaWithJavac - is not incremental (e.g. outputs have changed, no previous execution, etc.).
Note: /private/var/folders/bq/vtzpc5ns5sg2cthy61lqpg3dfzgbys/T/1544676426520-0/src/FiftyShadesOf-master/fiftyshadesof/src/main/java/com/github/florent37/fiftyshadesof/viewstate/ViewState.java uses or overrides a deprecated API.
Note: Recompile with -Xlint:deprecation for details.
:fiftyshadesof:extractDebugAnnotations
:fiftyshadesof:mergeDebugShaders
:fiftyshadesof:compileDebugShaders
:fiftyshadesof:generateDebugAssets
:fiftyshadesof:mergeDebugAssets
:fiftyshadesof:mergeDebugProguardFiles
:fiftyshadesof:packageDebugRenderscript UP-TO-DATE
:fiftyshadesof:packageDebugResources
:fiftyshadesof:processDebugJavaRes UP-TO-DATE
:fiftyshadesof:transformResourcesWithMergeJavaResForDebug
:fiftyshadesof:transformClassesAndResourcesWithSyncLibJarsForDebug
:fiftyshadesof:mergeDebugJniLibFolders
:fiftyshadesof:transformNative_libsWithMergeJniLibsForDebug
:fiftyshadesof:transformNative_libsWithSyncJniLibsForDebug
:fiftyshadesof:bundleDebug
:fiftyshadesof:compileDebugSources
:fiftyshadesof:assembleDebug
:fiftyshadesof:checkReleaseManifest
:fiftyshadesof:prepareReleaseDependencies
:fiftyshadesof:compileReleaseAidl
:fiftyshadesof:compileReleaseNdk UP-TO-DATE
:fiftyshadesof:copyReleaseLint UP-TO-DATE
:fiftyshadesof:compileReleaseRenderscript
:fiftyshadesof:generateReleaseBuildConfig
:fiftyshadesof:generateReleaseResValues
:fiftyshadesof:generateReleaseResources
:fiftyshadesof:mergeReleaseResources
:fiftyshadesof:processReleaseManifest
:fiftyshadesof:processReleaseResources
:fiftyshadesof:generateReleaseSources
:fiftyshadesof:incrementalReleaseJavaCompilationSafeguard
:fiftyshadesof:compileReleaseJavaWithJavac
:fiftyshadesof:compileReleaseJavaWithJavac - is not incremental (e.g. outputs have changed, no previous execution, etc.).
Note: /private/var/folders/bq/vtzpc5ns5sg2cthy61lqpg3dfzgbys/T/1544676426520-0/src/FiftyShadesOf-master/fiftyshadesof/src/main/java/com/github/florent37/fiftyshadesof/viewstate/ViewState.java uses or overrides a deprecated API.
Note: Recompile with -Xlint:deprecation for details.
:fiftyshadesof:extractReleaseAnnotations
:fiftyshadesof:mergeReleaseShaders
:fiftyshadesof:compileReleaseShaders
:fiftyshadesof:generateReleaseAssets
:fiftyshadesof:mergeReleaseAssets
:fiftyshadesof:mergeReleaseProguardFiles
:fiftyshadesof:packageReleaseRenderscript UP-TO-DATE
:fiftyshadesof:packageReleaseResources
:fiftyshadesof:processReleaseJavaRes UP-TO-DATE
:fiftyshadesof:transformResourcesWithMergeJavaResForRelease
:fiftyshadesof:transformClassesAndResourcesWithSyncLibJarsForRelease
:fiftyshadesof:mergeReleaseJniLibFolders
:fiftyshadesof:transformNative_libsWithMergeJniLibsForRelease
:fiftyshadesof:transformNative_libsWithSyncJniLibsForRelease
:fiftyshadesof:bundleRelease
:fiftyshadesof:compileReleaseSources
:fiftyshadesof:assembleRelease
:fiftyshadesof:javadoc/private/var/folders/bq/vtzpc5ns5sg2cthy61lqpg3dfzgbys/T/1544676426520-0/src/FiftyShadesOf-master/fiftyshadesof/src/main/java/com/github/florent37/fiftyshadesof/GreyDrawable.java:13: error: package android.support.annotation does not exist
import android.support.annotation.Nullable;
                                 ^
/private/var/folders/bq/vtzpc5ns5sg2cthy61lqpg3dfzgbys/T/1544676426520-0/src/FiftyShadesOf-master/fiftyshadesof/src/main/java/com/github/florent37/fiftyshadesof/GreyDrawable.java:103: error: cannot find symbol
    public void stop(@Nullable final Callback callback) {
                      ^
  symbol:   class Nullable
  location: class GreyDrawable
/private/var/folders/bq/vtzpc5ns5sg2cthy61lqpg3dfzgbys/T/1544676426520-0/src/FiftyShadesOf-master/fiftyshadesof/src/main/java/com/github/florent37/fiftyshadesof/GreyDrawable.java:113: error: cannot find symbol
    public void stopFadeIn(@Nullable final Callback callback) {
                            ^
  symbol:   class Nullable
  location: class GreyDrawable
/private/var/folders/bq/vtzpc5ns5sg2cthy61lqpg3dfzgbys/T/1544676426520-0/src/FiftyShadesOf-master/fiftyshadesof/src/main/java/com/github/florent37/fiftyshadesof/GreyDrawable.java:140: error: cannot find symbol
    public void stopGray(@Nullable final Callback callback) {
                          ^
  symbol:   class Nullable
  location: class GreyDrawable
javadoc: warning - Class Nullable not found.
javadoc: warning - Class Nullable not found.
javadoc: warning - Class Nullable not found.

7 warnings
:fiftyshadesof:javadocJar
:fiftyshadesof:sourcesJar
:fiftyshadesof:assemble
:fiftyshadesof:lint FAILED

FAILURE: Build failed with an exception.

* What went wrong:
Execution failed for task ':fiftyshadesof:lint'.
> No toolchains found in the NDK toolchains folder for ABI with prefix: mipsel-linux-android

* Try:
Run with --info or --debug option to get more log output.

* Exception is:
org.gradle.api.tasks.TaskExecutionException: Execution failed for task ':fiftyshadesof:lint'.
	at org.gradle.api.internal.tasks.execution.ExecuteActionsTaskExecuter.executeActions(ExecuteActionsTaskExecuter.java:69)
	at org.gradle.api.internal.tasks.execution.ExecuteActionsTaskExecuter.execute(ExecuteActionsTaskExecuter.java:46)
	at org.gradle.api.internal.tasks.execution.PostExecutionAnalysisTaskExecuter.execute(PostExecutionAnalysisTaskExecuter.java:35)
	at org.gradle.api.internal.tasks.execution.SkipUpToDateTaskExecuter.execute(SkipUpToDateTaskExecuter.java:66)
	at org.gradle.api.internal.tasks.execution.ValidatingTaskExecuter.execute(ValidatingTaskExecuter.java:58)
	at org.gradle.api.internal.tasks.execution.SkipEmptySourceFilesTaskExecuter.execute(SkipEmptySourceFilesTaskExecuter.java:52)
	at org.gradle.api.internal.tasks.execution.SkipTaskWithNoActionsExecuter.execute(SkipTaskWithNoActionsExecuter.java:52)
	at org.gradle.api.internal.tasks.execution.SkipOnlyIfTaskExecuter.execute(SkipOnlyIfTaskExecuter.java:53)
	at org.gradle.api.internal.tasks.execution.ExecuteAtMostOnceTaskExecuter.execute(ExecuteAtMostOnceTaskExecuter.java:43)
	at org.gradle.execution.taskgraph.DefaultTaskGraphExecuter$EventFiringTaskWorker.execute(DefaultTaskGraphExecuter.java:203)
	at org.gradle.execution.taskgraph.DefaultTaskGraphExecuter$EventFiringTaskWorker.execute(DefaultTaskGraphExecuter.java:185)
	at org.gradle.execution.taskgraph.AbstractTaskPlanExecutor$TaskExecutorWorker.processTask(AbstractTaskPlanExecutor.java:66)
	at org.gradle.execution.taskgraph.AbstractTaskPlanExecutor$TaskExecutorWorker.run(AbstractTaskPlanExecutor.java:50)
	at org.gradle.execution.taskgraph.DefaultTaskPlanExecutor.process(DefaultTaskPlanExecutor.java:25)
	at org.gradle.execution.taskgraph.DefaultTaskGraphExecuter.execute(DefaultTaskGraphExecuter.java:110)
	at org.gradle.execution.SelectedTaskExecutionAction.execute(SelectedTaskExecutionAction.java:37)
	at org.gradle.execution.DefaultBuildExecuter.execute(DefaultBuildExecuter.java:37)
	at org.gradle.execution.DefaultBuildExecuter.access$000(DefaultBuildExecuter.java:23)
	at org.gradle.execution.DefaultBuildExecuter$1.proceed(DefaultBuildExecuter.java:43)
	at org.gradle.execution.DryRunBuildExecutionAction.execute(DryRunBuildExecutionAction.java:32)
	at org.gradle.execution.DefaultBuildExecuter.execute(DefaultBuildExecuter.java:37)
	at org.gradle.execution.DefaultBuildExecuter.execute(DefaultBuildExecuter.java:30)
	at org.gradle.initialization.DefaultGradleLauncher$4.run(DefaultGradleLauncher.java:153)
	at org.gradle.internal.Factories$1.create(Factories.java:22)
	at org.gradle.internal.progress.DefaultBuildOperationExecutor.run(DefaultBuildOperationExecutor.java:91)
	at org.gradle.internal.progress.DefaultBuildOperationExecutor.run(DefaultBuildOperationExecutor.java:53)
	at org.gradle.initialization.DefaultGradleLauncher.doBuildStages(DefaultGradleLauncher.java:150)
	at org.gradle.initialization.DefaultGradleLauncher.access$200(DefaultGradleLauncher.java:32)
	at org.gradle.initialization.DefaultGradleLauncher$1.create(DefaultGradleLauncher.java:98)
	at org.gradle.initialization.DefaultGradleLauncher$1.create(DefaultGradleLauncher.java:92)
	at org.gradle.internal.progress.DefaultBuildOperationExecutor.run(DefaultBuildOperationExecutor.java:91)
	at org.gradle.internal.progress.DefaultBuildOperationExecutor.run(DefaultBuildOperationExecutor.java:63)
	at org.gradle.initialization.DefaultGradleLauncher.doBuild(DefaultGradleLauncher.java:92)
	at org.gradle.initialization.DefaultGradleLauncher.run(DefaultGradleLauncher.java:83)
	at org.gradle.launcher.exec.InProcessBuildActionExecuter$DefaultBuildController.run(InProcessBuildActionExecuter.java:99)
	at org.gradle.tooling.internal.provider.ExecuteBuildActionRunner.run(ExecuteBuildActionRunner.java:28)
	at org.gradle.launcher.exec.ChainingBuildActionRunner.run(ChainingBuildActionRunner.java:35)
	at org.gradle.launcher.exec.InProcessBuildActionExecuter.execute(InProcessBuildActionExecuter.java:48)
	at org.gradle.launcher.exec.InProcessBuildActionExecuter.execute(InProcessBuildActionExecuter.java:30)
	at org.gradle.launcher.exec.ContinuousBuildActionExecuter.execute(ContinuousBuildActionExecuter.java:81)
	at org.gradle.launcher.exec.ContinuousBuildActionExecuter.execute(ContinuousBuildActionExecuter.java:46)
	at org.gradle.launcher.exec.DaemonUsageSuggestingBuildActionExecuter.execute(DaemonUsageSuggestingBuildActionExecuter.java:51)
	at org.gradle.launcher.exec.DaemonUsageSuggestingBuildActionExecuter.execute(DaemonUsageSuggestingBuildActionExecuter.java:28)
	at org.gradle.launcher.cli.RunBuildAction.run(RunBuildAction.java:43)
	at org.gradle.internal.Actions$RunnableActionAdapter.execute(Actions.java:173)
	at org.gradle.launcher.cli.CommandLineActionFactory$ParseAndBuildAction.execute(CommandLineActionFactory.java:239)
	at org.gradle.launcher.cli.CommandLineActionFactory$ParseAndBuildAction.execute(CommandLineActionFactory.java:212)
	at org.gradle.launcher.cli.JavaRuntimeValidationAction.execute(JavaRuntimeValidationAction.java:35)
	at org.gradle.launcher.cli.JavaRuntimeValidationAction.execute(JavaRuntimeValidationAction.java:24)
	at org.gradle.launcher.cli.ExceptionReportingAction.execute(ExceptionReportingAction.java:33)
	at org.gradle.launcher.cli.ExceptionReportingAction.execute(ExceptionReportingAction.java:22)
	at org.gradle.launcher.cli.CommandLineActionFactory$WithLogging.execute(CommandLineActionFactory.java:205)
	at org.gradle.launcher.cli.CommandLineActionFactory$WithLogging.execute(CommandLineActionFactory.java:169)
	at org.gradle.launcher.Main.doAction(Main.java:33)
	at org.gradle.launcher.bootstrap.EntryPoint.run(EntryPoint.java:45)
	at org.gradle.launcher.bootstrap.ProcessBootstrap.runNoExit(ProcessBootstrap.java:55)
	at org.gradle.launcher.bootstrap.ProcessBootstrap.run(ProcessBootstrap.java:36)
	at org.gradle.launcher.GradleMain.main(GradleMain.java:23)
	at org.gradle.wrapper.BootstrapMainStarter.start(BootstrapMainStarter.java:30)
	at org.gradle.wrapper.WrapperExecutor.execute(WrapperExecutor.java:129)
	at org.gradle.wrapper.GradleWrapperMain.main(GradleWrapperMain.java:61)
Caused by: java.lang.RuntimeException: No toolchains found in the NDK toolchains folder for ABI with prefix: mipsel-linux-android
	at com.android.build.gradle.internal.ndk.DefaultNdkInfo.getDefaultToolchainVersion(DefaultNdkInfo.java:330)
	at com.android.build.gradle.internal.ndk.DefaultNdkInfo.getToolchainPath(DefaultNdkInfo.java:207)
	at com.android.build.gradle.internal.ndk.DefaultNdkInfo.getCCompiler(DefaultNdkInfo.java:263)
	at com.android.build.gradle.internal.ndk.NdkHandler.getCCompiler(NdkHandler.java:306)
	at com.android.build.gradle.internal.model.ModelBuilder.createNativeToolchainModelMap(ModelBuilder.java:240)
	at com.android.build.gradle.internal.model.ModelBuilder.buildAll(ModelBuilder.java:175)
	at com.android.build.gradle.tasks.Lint.createAndroidProject(Lint.java:288)
	at com.android.build.gradle.tasks.Lint.lint(Lint.java:105)
	at org.gradle.internal.reflect.JavaMethod.invoke(JavaMethod.java:75)
	at org.gradle.api.internal.project.taskfactory.AnnotationProcessingTaskFactory$StandardTaskAction.doExecute(AnnotationProcessingTaskFactory.java:228)
	at org.gradle.api.internal.project.taskfactory.AnnotationProcessingTaskFactory$StandardTaskAction.execute(AnnotationProcessingTaskFactory.java:221)
	at org.gradle.api.internal.project.taskfactory.AnnotationProcessingTaskFactory$StandardTaskAction.execute(AnnotationProcessingTaskFactory.java:210)
	at org.gradle.api.internal.AbstractTask$TaskActionWrapper.execute(AbstractTask.java:621)
	at org.gradle.api.internal.AbstractTask$TaskActionWrapper.execute(AbstractTask.java:604)
	at org.gradle.api.internal.tasks.execution.ExecuteActionsTaskExecuter.executeAction(ExecuteActionsTaskExecuter.java:80)
	at org.gradle.api.internal.tasks.execution.ExecuteActionsTaskExecuter.executeActions(ExecuteActionsTaskExecuter.java:61)
	... 60 more


BUILD FAILED

Total time: 15.652 secs

2018-12-13 11:48:20,013 INFO  ProjectTaskService - Detecting possible tasks...
2018-12-13 11:48:20,014 INFO  SysUtils - Execute command: [/var/folders/bq/vtzpc5ns5sg2cthy61lqpg3dfzgbys/T/1544676426520-0/src/FiftyShadesOf-master/gradlew, -b, /var/folders/bq/vtzpc5ns5sg2cthy61lqpg3dfzgbys/T/1544676426520-0/src/FiftyShadesOf-master/build.gradle, -Dorg.gradle.daemon=false, -Dorg.gradle.daemon.performance.enable-monitoring=false, -Dorg.gradle.configureondemand=true, tasks]
2018-12-13 11:48:29,009 ERROR ProjectTaskService - Could not detect possible Gradle tasks: Process exited with an error: 1 (Exit value: 1)
2018-12-13 11:48:29,009 INFO  ProjectTaskService - Detected possible tasks: 0
2018-12-13 11:48:29,009 INFO  ProjectTaskService - Excluded tasks (0): none
2018-12-13 11:48:29,010 INFO  SysUtils - Execute command: [/var/folders/bq/vtzpc5ns5sg2cthy61lqpg3dfzgbys/T/1544676426520-0/src/FiftyShadesOf-master/gradlew, -b, /var/folders/bq/vtzpc5ns5sg2cthy61lqpg3dfzgbys/T/1544676426520-0/src/FiftyShadesOf-master/build.gradle, -Dorg.gradle.daemon=false, -Dorg.gradle.daemon.performance.enable-monitoring=false, -Dorg.gradle.configureondemand=true, --stacktrace, build]
2018-12-13 11:48:38,348 ERROR SysUtils - Could not process external command
org.apache.commons.exec.ExecuteException: Process exited with an error: 1 (Exit value: 1)
	at org.apache.commons.exec.DefaultExecutor.executeInternal(DefaultExecutor.java:404)
	at org.apache.commons.exec.DefaultExecutor.execute(DefaultExecutor.java:166)
	at com.github.vbauer.apkmaster.util.SysUtils.execute(SysUtils.java:67)
	at com.github.vbauer.apkmaster.util.SysUtils.executeSimple(SysUtils.java:43)
	at com.github.vbauer.apkmaster.service.assembly.ProjectBuildService.buildProject(ProjectBuildService.java:78)
	at com.github.vbauer.apkmaster.service.assembly.ProjectBuildService.buildProject(ProjectBuildService.java:64)
	at com.github.vbauer.apkmaster.service.assembly.ProjectBuildService.buildProject(ProjectBuildService.java:43)
	at com.github.vbauer.apkmaster.service.FullProcessService.build(FullProcessService.java:84)
	at com.github.vbauer.apkmaster.service.FullProcessService.process(FullProcessService.java:34)
	at com.github.vbauer.apkmaster.app.MainApplication.process(MainApplication.java:38)
	at com.github.vbauer.apkmaster.app.MainApplication.main(MainApplication.java:20)
	at sun.reflect.NativeMethodAccessorImpl.invoke0(Native Method)
	at sun.reflect.NativeMethodAccessorImpl.invoke(NativeMethodAccessorImpl.java:62)
	at sun.reflect.DelegatingMethodAccessorImpl.invoke(DelegatingMethodAccessorImpl.java:43)
	at java.lang.reflect.Method.invoke(Method.java:498)
	at com.android.arsenal.util.ReflectionUtils.invoke(ReflectionUtils.java:52)
	at com.android.arsenal.util.ApkMasterUtils.main(ApkMasterUtils.java:30)
	at com.android.arsenal.service.processor.impl.BuildProcessorServiceImpl.buildProject(BuildProcessorServiceImpl.java:196)
	at com.android.arsenal.service.processor.impl.BuildProcessorServiceImpl.build(BuildProcessorServiceImpl.java:130)
	at com.android.arsenal.service.processor.impl.BuildProcessorServiceImpl.lambda$createTasks$1(BuildProcessorServiceImpl.java:113)
	at java.util.concurrent.FutureTask.run(FutureTask.java:266)
	at java.util.concurrent.Executors$RunnableAdapter.call(Executors.java:511)
	at java.util.concurrent.FutureTask.run(FutureTask.java:266)
	at java.util.concurrent.ThreadPoolExecutor.runWorker(ThreadPoolExecutor.java:1149)
	at java.util.concurrent.ThreadPoolExecutor$Worker.run(ThreadPoolExecutor.java:624)
	at java.lang.Thread.run(Thread.java:748)
2018-12-13 11:48:38,348 INFO  SysUtils - Configuration on demand is an incubating feature.
Incremental java compilation is an incubating feature.

FAILURE: Build failed with an exception.

* What went wrong:
A problem occurred configuring project ':app'.
> No toolchains found in the NDK toolchains folder for ABI with prefix: mipsel-linux-android

* Try:
Run with --info or --debug option to get more log output.

* Exception is:
org.gradle.api.ProjectConfigurationException: A problem occurred configuring project ':app'.
	at org.gradle.configuration.project.LifecycleProjectEvaluator.addConfigurationFailure(LifecycleProjectEvaluator.java:79)
	at org.gradle.configuration.project.LifecycleProjectEvaluator.notifyAfterEvaluate(LifecycleProjectEvaluator.java:74)
	at org.gradle.configuration.project.LifecycleProjectEvaluator.evaluate(LifecycleProjectEvaluator.java:61)
	at org.gradle.api.internal.project.AbstractProject.evaluate(AbstractProject.java:540)
	at org.gradle.api.internal.project.AbstractProject.evaluate(AbstractProject.java:93)
	at org.gradle.execution.TaskPathProjectEvaluator.configureHierarchy(TaskPathProjectEvaluator.java:47)
	at org.gradle.execution.TaskSelector.getSelection(TaskSelector.java:84)
	at org.gradle.execution.TaskSelector.getSelection(TaskSelector.java:75)
	at org.gradle.execution.commandline.CommandLineTaskParser.parseTasks(CommandLineTaskParser.java:42)
	at org.gradle.execution.TaskNameResolvingBuildConfigurationAction.configure(TaskNameResolvingBuildConfigurationAction.java:44)
	at org.gradle.execution.DefaultBuildConfigurationActionExecuter.configure(DefaultBuildConfigurationActionExecuter.java:48)
	at org.gradle.execution.DefaultBuildConfigurationActionExecuter.access$000(DefaultBuildConfigurationActionExecuter.java:25)
	at org.gradle.execution.DefaultBuildConfigurationActionExecuter$1.proceed(DefaultBuildConfigurationActionExecuter.java:54)
	at org.gradle.execution.DefaultTasksBuildExecutionAction.configure(DefaultTasksBuildExecutionAction.java:44)
	at org.gradle.execution.DefaultBuildConfigurationActionExecuter.configure(DefaultBuildConfigurationActionExecuter.java:48)
	at org.gradle.execution.DefaultBuildConfigurationActionExecuter.access$000(DefaultBuildConfigurationActionExecuter.java:25)
	at org.gradle.execution.DefaultBuildConfigurationActionExecuter$1.proceed(DefaultBuildConfigurationActionExecuter.java:54)
	at org.gradle.execution.ExcludedTaskFilteringBuildConfigurationAction.configure(ExcludedTaskFilteringBuildConfigurationAction.java:47)
	at org.gradle.execution.DefaultBuildConfigurationActionExecuter.configure(DefaultBuildConfigurationActionExecuter.java:48)
	at org.gradle.execution.DefaultBuildConfigurationActionExecuter.select(DefaultBuildConfigurationActionExecuter.java:36)
	at org.gradle.initialization.DefaultGradleLauncher$3.run(DefaultGradleLauncher.java:142)
	at org.gradle.internal.Factories$1.create(Factories.java:22)
	at org.gradle.internal.progress.DefaultBuildOperationExecutor.run(DefaultBuildOperationExecutor.java:91)
	at org.gradle.internal.progress.DefaultBuildOperationExecutor.run(DefaultBuildOperationExecutor.java:53)
	at org.gradle.initialization.DefaultGradleLauncher.doBuildStages(DefaultGradleLauncher.java:139)
	at org.gradle.initialization.DefaultGradleLauncher.access$200(DefaultGradleLauncher.java:32)
	at org.gradle.initialization.DefaultGradleLauncher$1.create(DefaultGradleLauncher.java:98)
	at org.gradle.initialization.DefaultGradleLauncher$1.create(DefaultGradleLauncher.java:92)
	at org.gradle.internal.progress.DefaultBuildOperationExecutor.run(DefaultBuildOperationExecutor.java:91)
	at org.gradle.internal.progress.DefaultBuildOperationExecutor.run(DefaultBuildOperationExecutor.java:63)
	at org.gradle.initialization.DefaultGradleLauncher.doBuild(DefaultGradleLauncher.java:92)
	at org.gradle.initialization.DefaultGradleLauncher.run(DefaultGradleLauncher.java:83)
	at org.gradle.launcher.exec.InProcessBuildActionExecuter$DefaultBuildController.run(InProcessBuildActionExecuter.java:99)
	at org.gradle.tooling.internal.provider.ExecuteBuildActionRunner.run(ExecuteBuildActionRunner.java:28)
	at org.gradle.launcher.exec.ChainingBuildActionRunner.run(ChainingBuildActionRunner.java:35)
	at org.gradle.launcher.exec.InProcessBuildActionExecuter.execute(InProcessBuildActionExecuter.java:48)
	at org.gradle.launcher.exec.InProcessBuildActionExecuter.execute(InProcessBuildActionExecuter.java:30)
	at org.gradle.launcher.exec.ContinuousBuildActionExecuter.execute(ContinuousBuildActionExecuter.java:81)
	at org.gradle.launcher.exec.ContinuousBuildActionExecuter.execute(ContinuousBuildActionExecuter.java:46)
	at org.gradle.launcher.exec.DaemonUsageSuggestingBuildActionExecuter.execute(DaemonUsageSuggestingBuildActionExecuter.java:51)
	at org.gradle.launcher.exec.DaemonUsageSuggestingBuildActionExecuter.execute(DaemonUsageSuggestingBuildActionExecuter.java:28)
	at org.gradle.launcher.cli.RunBuildAction.run(RunBuildAction.java:43)
	at org.gradle.internal.Actions$RunnableActionAdapter.execute(Actions.java:173)
	at org.gradle.launcher.cli.CommandLineActionFactory$ParseAndBuildAction.execute(CommandLineActionFactory.java:239)
	at org.gradle.launcher.cli.CommandLineActionFactory$ParseAndBuildAction.execute(CommandLineActionFactory.java:212)
	at org.gradle.launcher.cli.JavaRuntimeValidationAction.execute(JavaRuntimeValidationAction.java:35)
	at org.gradle.launcher.cli.JavaRuntimeValidationAction.execute(JavaRuntimeValidationAction.java:24)
	at org.gradle.launcher.cli.ExceptionReportingAction.execute(ExceptionReportingAction.java:33)
	at org.gradle.launcher.cli.ExceptionReportingAction.execute(ExceptionReportingAction.java:22)
	at org.gradle.launcher.cli.CommandLineActionFactory$WithLogging.execute(CommandLineActionFactory.java:205)
	at org.gradle.launcher.cli.CommandLineActionFactory$WithLogging.execute(CommandLineActionFactory.java:169)
	at org.gradle.launcher.Main.doAction(Main.java:33)
	at org.gradle.launcher.bootstrap.EntryPoint.run(EntryPoint.java:45)
	at org.gradle.launcher.bootstrap.ProcessBootstrap.runNoExit(ProcessBootstrap.java:55)
	at org.gradle.launcher.bootstrap.ProcessBootstrap.run(ProcessBootstrap.java:36)
	at org.gradle.launcher.GradleMain.main(GradleMain.java:23)
	at org.gradle.wrapper.BootstrapMainStarter.start(BootstrapMainStarter.java:30)
	at org.gradle.wrapper.WrapperExecutor.execute(WrapperExecutor.java:129)
	at org.gradle.wrapper.GradleWrapperMain.main(GradleWrapperMain.java:61)
Caused by: java.lang.RuntimeException: No toolchains found in the NDK toolchains folder for ABI with prefix: mipsel-linux-android
	at com.android.build.gradle.internal.ndk.DefaultNdkInfo.getDefaultToolchainVersion(DefaultNdkInfo.java:330)
	at com.android.build.gradle.internal.ndk.DefaultNdkInfo.getToolchainPath(DefaultNdkInfo.java:207)
	at com.android.build.gradle.internal.ndk.DefaultNdkInfo.getStripExecutable(DefaultNdkInfo.java:300)
	at com.android.build.gradle.internal.ndk.NdkHandler.getStripExecutable(NdkHandler.java:333)
	at com.android.build.gradle.internal.transforms.StripDebugSymbolTransform.<init>(StripDebugSymbolTransform.java:87)
	at com.android.build.gradle.internal.TaskManager.createStripNativeLibraryTask(TaskManager.java:1342)
	at com.android.build.gradle.internal.ApplicationTaskManager.createTasksForVariantData(ApplicationTaskManager.java:289)
	at com.android.build.gradle.internal.VariantManager.createTasksForVariantData(VariantManager.java:485)
	at com.android.build.gradle.internal.VariantManager$3.call(VariantManager.java:293)
	at com.android.build.gradle.internal.VariantManager$3.call(VariantManager.java:290)
	at com.android.builder.profile.ThreadRecorder.record(ThreadRecorder.java:156)
	at com.android.builder.profile.ThreadRecorder.record(ThreadRecorder.java:120)
	at com.android.build.gradle.internal.profile.SpanRecorders.record(SpanRecorders.java:44)
	at com.android.build.gradle.internal.VariantManager.createAndroidTasks(VariantManager.java:286)
	at com.android.build.gradle.BasePlugin$11.call(BasePlugin.java:688)
	at com.android.build.gradle.BasePlugin$11.call(BasePlugin.java:685)
	at com.android.builder.profile.ThreadRecorder.record(ThreadRecorder.java:156)
	at com.android.builder.profile.ThreadRecorder.record(ThreadRecorder.java:120)
	at com.android.build.gradle.BasePlugin.createAndroidTasks(BasePlugin.java:683)
	at com.android.build.gradle.BasePlugin$10.call(BasePlugin.java:608)
	at com.android.build.gradle.BasePlugin$10.call(BasePlugin.java:605)
	at com.android.builder.profile.ThreadRecorder.record(ThreadRecorder.java:156)
	at com.android.builder.profile.ThreadRecorder.record(ThreadRecorder.java:120)
	at com.android.build.gradle.BasePlugin.lambda$createTasks$1(BasePlugin.java:603)
	at org.gradle.internal.event.BroadcastDispatch$ActionInvocationHandler.dispatch(BroadcastDispatch.java:93)
	at org.gradle.internal.event.BroadcastDispatch$ActionInvocationHandler.dispatch(BroadcastDispatch.java:82)
	at org.gradle.internal.event.AbstractBroadcastDispatch.dispatch(AbstractBroadcastDispatch.java:44)
	at org.gradle.internal.event.BroadcastDispatch.dispatch(BroadcastDispatch.java:79)
	at org.gradle.internal.event.BroadcastDispatch.dispatch(BroadcastDispatch.java:30)
	at org.gradle.internal.dispatch.ProxyDispatchAdapter$DispatchingInvocationHandler.invoke(ProxyDispatchAdapter.java:93)
	at com.sun.proxy.$Proxy10.afterEvaluate(Unknown Source)
	at org.gradle.configuration.project.LifecycleProjectEvaluator.notifyAfterEvaluate(LifecycleProjectEvaluator.java:67)
	... 57 more


BUILD FAILED

Total time: 8.76 secs

2018-12-13 11:48:38,421 ERROR FullProcessService - Project build has not produced APK file
2018-12-13 11:48:38,493 ERROR FullProcessService - Could not find generated or existed APK file
