2019-06-16 16:02:43,152 INFO  DownloadService - Downloading "https://github.com/xyzxqs/XLowPoly/archive/master.zip", attempt 3
2019-06-16 16:03:43,744 INFO  GithubDownloadService - Could not find ZIP archive for master branch
2019-06-16 16:03:44,910 INFO  GithubDownloadService - Default branch of this repository: master
2019-06-16 16:03:44,910 INFO  DownloadService - Downloading "https://github.com/xyzxqs/XLowPoly/archive/master.zip", attempt 3
2019-06-16 16:04:46,336 DEBUG FullProcessService - Repository https://github.com/xyzxqs/XLowPoly available: true
2019-06-16 16:04:46,336 INFO  FullProcessService - Could not download ZIP file from Github, lets clone it
2019-06-16 16:04:46,336 INFO  SysUtils - Execute command: [git, clone, -q, --single-branch, --depth, 1, https://github.com/xyzxqs/XLowPoly, /var/folders/bq/vtzpc5ns5sg2cthy61lqpg3dfzgbys/T/1560675763144-0/src]
2019-06-16 16:04:49,083 INFO  SysUtils - 
2019-06-16 16:04:49,091 INFO  GitService - Deleted "/var/folders/bq/vtzpc5ns5sg2cthy61lqpg3dfzgbys/T/1560675763144-0/src/.git": true
2019-06-16 16:04:49,094 INFO  FullProcessService - Size of directory with sources: 2 MB
2019-06-16 16:04:49,095 INFO  SysUtils - Execute command: [git, init, /var/folders/bq/vtzpc5ns5sg2cthy61lqpg3dfzgbys/T/1560675763144-0/src]
2019-06-16 16:04:49,111 INFO  SysUtils - Initialized empty Git repository in /private/var/folders/bq/vtzpc5ns5sg2cthy61lqpg3dfzgbys/T/1560675763144-0/src/.git/

2019-06-16 16:04:49,115 INFO  ProjectBuildService - Gradle wrapper(s): /var/folders/bq/vtzpc5ns5sg2cthy61lqpg3dfzgbys/T/1560675763144-0/src/gradlew
2019-06-16 16:04:49,118 INFO  ProjectBuildService - Build script(s): /var/folders/bq/vtzpc5ns5sg2cthy61lqpg3dfzgbys/T/1560675763144-0/src/app/build.gradle /var/folders/bq/vtzpc5ns5sg2cthy61lqpg3dfzgbys/T/1560675763144-0/src/xlowpoly/build.gradle /var/folders/bq/vtzpc5ns5sg2cthy61lqpg3dfzgbys/T/1560675763144-0/src/build.gradle
2019-06-16 16:04:49,121 INFO  ProjectBuildService - All script(s): /var/folders/bq/vtzpc5ns5sg2cthy61lqpg3dfzgbys/T/1560675763144-0/src/xlowpoly/build.gradle /var/folders/bq/vtzpc5ns5sg2cthy61lqpg3dfzgbys/T/1560675763144-0/src/app/build.gradle /var/folders/bq/vtzpc5ns5sg2cthy61lqpg3dfzgbys/T/1560675763144-0/src/build.gradle /var/folders/bq/vtzpc5ns5sg2cthy61lqpg3dfzgbys/T/1560675763144-0/src/settings.gradle
2019-06-16 16:04:49,121 INFO  ProjectBuildService - Remote scripts: none
2019-06-16 16:04:49,121 INFO  ProjectFixService - Fixing project...
2019-06-16 16:04:49,129 INFO  LocalPropertiesFixService - Created fake /var/folders/bq/vtzpc5ns5sg2cthy61lqpg3dfzgbys/T/1560675763144-0/src/app/local.properties
2019-06-16 16:04:49,130 INFO  ProjectFixService - Build info for "/var/folders/bq/vtzpc5ns5sg2cthy61lqpg3dfzgbys/T/1560675763144-0/src/app/build.gradle": [buildToolsVersion=<null>,compileSdkVersion=27,minSdkVersion=17,targetSdkVersion=25]
2019-06-16 16:04:49,130 INFO  ProjectFixService - Fixed build info for "/var/folders/bq/vtzpc5ns5sg2cthy61lqpg3dfzgbys/T/1560675763144-0/src/app/build.gradle": [buildToolsVersion=28.0.0-rc2,compileSdkVersion=27,minSdkVersion=17,targetSdkVersion=25]
2019-06-16 16:04:49,131 INFO  LocalPropertiesFixService - Created fake /var/folders/bq/vtzpc5ns5sg2cthy61lqpg3dfzgbys/T/1560675763144-0/src/xlowpoly/local.properties
2019-06-16 16:04:49,132 INFO  ProjectFixService - Build info for "/var/folders/bq/vtzpc5ns5sg2cthy61lqpg3dfzgbys/T/1560675763144-0/src/xlowpoly/build.gradle": [buildToolsVersion=<null>,compileSdkVersion=27,minSdkVersion=16,targetSdkVersion=25]
2019-06-16 16:04:49,132 INFO  ProjectFixService - Fixed build info for "/var/folders/bq/vtzpc5ns5sg2cthy61lqpg3dfzgbys/T/1560675763144-0/src/xlowpoly/build.gradle": [buildToolsVersion=28.0.0-rc2,compileSdkVersion=27,minSdkVersion=16,targetSdkVersion=25]
2019-06-16 16:04:49,133 INFO  LocalPropertiesFixService - Created fake /var/folders/bq/vtzpc5ns5sg2cthy61lqpg3dfzgbys/T/1560675763144-0/src/local.properties
2019-06-16 16:04:49,134 INFO  WrapperPropertiesFixService - Gradle wrapper: https://services.gradle.org/distributions/gradle-4.6-all.zip
2019-06-16 16:04:49,135 INFO  WrapperPropertiesFixService - Gradle wrapper was changed from "-all.zip" to "-bin.zip" (https://services.gradle.org/distributions/gradle-4.6-bin.zip)
2019-06-16 16:04:49,136 INFO  ProjectFixService - Build info for "/var/folders/bq/vtzpc5ns5sg2cthy61lqpg3dfzgbys/T/1560675763144-0/src/build.gradle": [buildToolsVersion=<null>,compileSdkVersion=27,minSdkVersion=16,targetSdkVersion=25]
2019-06-16 16:04:49,137 INFO  ProjectFixService - Fixed build info for "/var/folders/bq/vtzpc5ns5sg2cthy61lqpg3dfzgbys/T/1560675763144-0/src/build.gradle": [buildToolsVersion=28.0.0-rc2,compileSdkVersion=27,minSdkVersion=16,targetSdkVersion=25]
2019-06-16 16:04:49,137 INFO  ProjectFixService - Project was maybe fixed
2019-06-16 16:04:49,138 INFO  ProjectTaskService - Detecting possible tasks...
2019-06-16 16:04:49,138 INFO  SysUtils - Execute command: [/var/folders/bq/vtzpc5ns5sg2cthy61lqpg3dfzgbys/T/1560675763144-0/src/gradlew, -b, /var/folders/bq/vtzpc5ns5sg2cthy61lqpg3dfzgbys/T/1560675763144-0/src/app/build.gradle, -Dorg.gradle.daemon=false, -Dorg.gradle.daemon.performance.enable-monitoring=false, -Dorg.gradle.configureondemand=true, tasks]
2019-06-16 16:04:56,092 INFO  ProjectTaskService - Detected possible tasks: 69
2019-06-16 16:04:56,093 INFO  ProjectTaskService - Excluded tasks (18): lintDebug deviceCheck lint testReleaseUnitTest uninstallRelease deviceAndroidTest uninstallDebugAndroidTest installDebugAndroidTest connectedCheck connectedDebugAndroidTest uninstallAll test check testDebugUnitTest connectedAndroidTest installDebug lintRelease uninstallDebug
2019-06-16 16:04:56,093 INFO  SysUtils - Execute command: [/var/folders/bq/vtzpc5ns5sg2cthy61lqpg3dfzgbys/T/1560675763144-0/src/gradlew, -b, /var/folders/bq/vtzpc5ns5sg2cthy61lqpg3dfzgbys/T/1560675763144-0/src/app/build.gradle, -Dorg.gradle.daemon=false, -Dorg.gradle.daemon.performance.enable-monitoring=false, -Dorg.gradle.configureondemand=true, --stacktrace, -x, lintDebug, -x, deviceCheck, -x, lint, -x, testReleaseUnitTest, -x, uninstallRelease, -x, deviceAndroidTest, -x, uninstallDebugAndroidTest, -x, installDebugAndroidTest, -x, connectedCheck, -x, connectedDebugAndroidTest, -x, uninstallAll, -x, test, -x, check, -x, testDebugUnitTest, -x, connectedAndroidTest, -x, installDebug, -x, lintRelease, -x, uninstallDebug, build]
2019-06-16 16:05:32,918 ERROR SysUtils - Could not process external command
org.apache.commons.exec.ExecuteException: Process exited with an error: 1 (Exit value: 1)
	at org.apache.commons.exec.DefaultExecutor.executeInternal(DefaultExecutor.java:404)
	at org.apache.commons.exec.DefaultExecutor.execute(DefaultExecutor.java:166)
	at com.github.vbauer.apkmaster.util.SysUtils.execute(SysUtils.java:67)
	at com.github.vbauer.apkmaster.util.SysUtils.executeSimple(SysUtils.java:43)
	at com.github.vbauer.apkmaster.service.assembly.ProjectBuildService.buildProject(ProjectBuildService.java:78)
	at com.github.vbauer.apkmaster.service.assembly.ProjectBuildService.buildProject(ProjectBuildService.java:64)
	at com.github.vbauer.apkmaster.service.assembly.ProjectBuildService.buildProject(ProjectBuildService.java:43)
	at com.github.vbauer.apkmaster.service.FullProcessService.build(FullProcessService.java:84)
	at com.github.vbauer.apkmaster.service.FullProcessService.process(FullProcessService.java:34)
	at com.github.vbauer.apkmaster.app.MainApplication.process(MainApplication.java:38)
	at com.github.vbauer.apkmaster.app.MainApplication.main(MainApplication.java:20)
	at sun.reflect.NativeMethodAccessorImpl.invoke0(Native Method)
	at sun.reflect.NativeMethodAccessorImpl.invoke(NativeMethodAccessorImpl.java:62)
	at sun.reflect.DelegatingMethodAccessorImpl.invoke(DelegatingMethodAccessorImpl.java:43)
	at java.lang.reflect.Method.invoke(Method.java:498)
	at com.android.arsenal.util.ReflectionUtils.invoke(ReflectionUtils.java:52)
	at com.android.arsenal.util.ApkMasterUtils.main(ApkMasterUtils.java:30)
	at com.android.arsenal.service.processor.impl.BuildProcessorServiceImpl.buildProject(BuildProcessorServiceImpl.java:196)
	at com.android.arsenal.service.processor.impl.BuildProcessorServiceImpl.build(BuildProcessorServiceImpl.java:130)
	at com.android.arsenal.service.processor.impl.BuildProcessorServiceImpl.lambda$createTasks$1(BuildProcessorServiceImpl.java:113)
	at java.util.concurrent.FutureTask.run(FutureTask.java:266)
	at java.util.concurrent.Executors$RunnableAdapter.call(Executors.java:511)
	at java.util.concurrent.FutureTask.run(FutureTask.java:266)
	at java.util.concurrent.ThreadPoolExecutor.runWorker(ThreadPoolExecutor.java:1149)
	at java.util.concurrent.ThreadPoolExecutor$Worker.run(ThreadPoolExecutor.java:624)
	at java.lang.Thread.run(Thread.java:748)
2019-06-16 16:05:32,918 INFO  SysUtils - Configuration on demand is an incubating feature.
WARNING: Configuration 'compile' is obsolete and has been replaced with 'implementation' and 'api'.
It will be removed at the end of 2018. For more information see: http://d.android.com/r/tools/update-dependency-configurations.html
WARNING: Configuration 'testCompile' is obsolete and has been replaced with 'testImplementation' and 'testApi'.
It will be removed at the end of 2018. For more information see: http://d.android.com/r/tools/update-dependency-configurations.html
WARNING: Configuration 'testApi' is obsolete and has been replaced with 'testImplementation'.
It will be removed at the end of 2018. For more information see: http://d.android.com/r/tools/update-dependency-configurations.html
:app:checkDebugClasspath
:app:preBuild UP-TO-DATE
:xlowpoly:preBuild UP-TO-DATE
:xlowpoly:preDebugBuild UP-TO-DATE
:xlowpoly:checkDebugManifest
:xlowpoly:processDebugManifest
:app:preDebugBuild
:xlowpoly:compileDebugAidl NO-SOURCE
:app:compileDebugAidl NO-SOURCE
:xlowpoly:packageDebugRenderscript NO-SOURCE
:app:compileDebugRenderscript
:app:checkDebugManifest
:app:generateDebugBuildConfig
:app:prepareLintJar
:app:mainApkListPersistenceDebug
:app:generateDebugResValues
:app:generateDebugResources
:xlowpoly:compileDebugRenderscript
:xlowpoly:generateDebugResValues
:xlowpoly:generateDebugResources
:xlowpoly:packageDebugResources
:app:mergeDebugResources
:app:createDebugCompatibleScreenManifests
:app:processDebugManifest
:app:splitsDiscoveryTaskDebug
:xlowpoly:generateDebugRFile
:app:processDebugResources
:app:generateDebugSources
:xlowpoly:generateDebugBuildConfig
:xlowpoly:prepareLintJar
:xlowpoly:generateDebugSources
:xlowpoly:javaPreCompileDebug
:xlowpoly:compileDebugJavaWithJavac
:xlowpoly:processDebugJavaRes NO-SOURCE
:xlowpoly:transformClassesAndResourcesWithPrepareIntermediateJarsForDebug
:app:javaPreCompileDebug
:app:compileDebugJavaWithJavac
:app:compileDebugNdk NO-SOURCE
:app:compileDebugSources
:app:mergeDebugShaders
:app:compileDebugShaders
:app:generateDebugAssets
:xlowpoly:mergeDebugShaders
:xlowpoly:compileDebugShaders
:xlowpoly:generateDebugAssets
:xlowpoly:packageDebugAssets
:app:mergeDebugAssets
:app:transformClassesWithDexBuilderForDebug
:app:transformDexArchiveWithExternalLibsDexMergerForDebug
:app:transformDexArchiveWithDexMergerForDebug
:app:mergeDebugJniLibFolders
:xlowpoly:generateJsonModelDebug
Variant=debug ABI=armeabi-v7a :-- Check for working C compiler: /Users/vbauer/Library/Android/sdk/ndk-bundle/toolchains/llvm/prebuilt/darwin-x86_64/bin/clang
Variant=debug ABI=armeabi-v7a :-- Check for working C compiler: /Users/vbauer/Library/Android/sdk/ndk-bundle/toolchains/llvm/prebuilt/darwin-x86_64/bin/clang -- works
Variant=debug ABI=armeabi-v7a :-- Detecting C compiler ABI info
Variant=debug ABI=armeabi-v7a :-- Detecting C compiler ABI info - done
Variant=debug ABI=armeabi-v7a :-- Detecting C compile features
Variant=debug ABI=armeabi-v7a :-- Detecting C compile features - done
Variant=debug ABI=armeabi-v7a :-- Check for working CXX compiler: /Users/vbauer/Library/Android/sdk/ndk-bundle/toolchains/llvm/prebuilt/darwin-x86_64/bin/clang++
Variant=debug ABI=armeabi-v7a :-- Check for working CXX compiler: /Users/vbauer/Library/Android/sdk/ndk-bundle/toolchains/llvm/prebuilt/darwin-x86_64/bin/clang++ -- works
Variant=debug ABI=armeabi-v7a :-- Detecting CXX compiler ABI info
Variant=debug ABI=armeabi-v7a :-- Detecting CXX compiler ABI info - done
Variant=debug ABI=armeabi-v7a :-- Detecting CXX compile features
Variant=debug ABI=armeabi-v7a :-- Detecting CXX compile features - done
Variant=debug ABI=armeabi-v7a :-- Configuring done
Variant=debug ABI=armeabi-v7a :-- Generating done
Variant=debug ABI=armeabi-v7a :-- Build files have been written to: /private/var/folders/bq/vtzpc5ns5sg2cthy61lqpg3dfzgbys/T/1560675763144-0/src/xlowpoly/.externalNativeBuild/cmake/debug/armeabi-v7a
Variant=debug ABI=arm64-v8a :-- Check for working C compiler: /Users/vbauer/Library/Android/sdk/ndk-bundle/toolchains/llvm/prebuilt/darwin-x86_64/bin/clang
Variant=debug ABI=arm64-v8a :-- Check for working C compiler: /Users/vbauer/Library/Android/sdk/ndk-bundle/toolchains/llvm/prebuilt/darwin-x86_64/bin/clang -- works
Variant=debug ABI=arm64-v8a :-- Detecting C compiler ABI info
Variant=debug ABI=arm64-v8a :-- Detecting C compiler ABI info - done
Variant=debug ABI=arm64-v8a :-- Detecting C compile features
Variant=debug ABI=arm64-v8a :-- Detecting C compile features - done
Variant=debug ABI=arm64-v8a :-- Check for working CXX compiler: /Users/vbauer/Library/Android/sdk/ndk-bundle/toolchains/llvm/prebuilt/darwin-x86_64/bin/clang++
Variant=debug ABI=arm64-v8a :-- Check for working CXX compiler: /Users/vbauer/Library/Android/sdk/ndk-bundle/toolchains/llvm/prebuilt/darwin-x86_64/bin/clang++ -- works
Variant=debug ABI=arm64-v8a :-- Detecting CXX compiler ABI info
Variant=debug ABI=arm64-v8a :-- Detecting CXX compiler ABI info - done
Variant=debug ABI=arm64-v8a :-- Detecting CXX compile features
Variant=debug ABI=arm64-v8a :-- Detecting CXX compile features - done
Variant=debug ABI=arm64-v8a :-- Configuring done
Variant=debug ABI=arm64-v8a :-- Generating done
Variant=debug ABI=arm64-v8a :-- Build files have been written to: /private/var/folders/bq/vtzpc5ns5sg2cthy61lqpg3dfzgbys/T/1560675763144-0/src/xlowpoly/.externalNativeBuild/cmake/debug/arm64-v8a
Variant=debug ABI=x86 :-- Check for working C compiler: /Users/vbauer/Library/Android/sdk/ndk-bundle/toolchains/llvm/prebuilt/darwin-x86_64/bin/clang
Variant=debug ABI=x86 :-- Check for working C compiler: /Users/vbauer/Library/Android/sdk/ndk-bundle/toolchains/llvm/prebuilt/darwin-x86_64/bin/clang -- works
Variant=debug ABI=x86 :-- Detecting C compiler ABI info
Variant=debug ABI=x86 :-- Detecting C compiler ABI info - done
Variant=debug ABI=x86 :-- Detecting C compile features
Variant=debug ABI=x86 :-- Detecting C compile features - done
Variant=debug ABI=x86 :-- Check for working CXX compiler: /Users/vbauer/Library/Android/sdk/ndk-bundle/toolchains/llvm/prebuilt/darwin-x86_64/bin/clang++
Variant=debug ABI=x86 :-- Check for working CXX compiler: /Users/vbauer/Library/Android/sdk/ndk-bundle/toolchains/llvm/prebuilt/darwin-x86_64/bin/clang++ -- works
Variant=debug ABI=x86 :-- Detecting CXX compiler ABI info
Variant=debug ABI=x86 :-- Detecting CXX compiler ABI info - done
Variant=debug ABI=x86 :-- Detecting CXX compile features
Variant=debug ABI=x86 :-- Detecting CXX compile features - done
Variant=debug ABI=x86 :-- Configuring done
Variant=debug ABI=x86 :-- Generating done
Variant=debug ABI=x86 :-- Build files have been written to: /private/var/folders/bq/vtzpc5ns5sg2cthy61lqpg3dfzgbys/T/1560675763144-0/src/xlowpoly/.externalNativeBuild/cmake/debug/x86
Variant=debug ABI=x86_64 :-- Check for working C compiler: /Users/vbauer/Library/Android/sdk/ndk-bundle/toolchains/llvm/prebuilt/darwin-x86_64/bin/clang
Variant=debug ABI=x86_64 :-- Check for working C compiler: /Users/vbauer/Library/Android/sdk/ndk-bundle/toolchains/llvm/prebuilt/darwin-x86_64/bin/clang -- works
Variant=debug ABI=x86_64 :-- Detecting C compiler ABI info
Variant=debug ABI=x86_64 :-- Detecting C compiler ABI info - done
Variant=debug ABI=x86_64 :-- Detecting C compile features
Variant=debug ABI=x86_64 :-- Detecting C compile features - done
Variant=debug ABI=x86_64 :-- Check for working CXX compiler: /Users/vbauer/Library/Android/sdk/ndk-bundle/toolchains/llvm/prebuilt/darwin-x86_64/bin/clang++
Variant=debug ABI=x86_64 :-- Check for working CXX compiler: /Users/vbauer/Library/Android/sdk/ndk-bundle/toolchains/llvm/prebuilt/darwin-x86_64/bin/clang++ -- works
Variant=debug ABI=x86_64 :-- Detecting CXX compiler ABI info
Variant=debug ABI=x86_64 :-- Detecting CXX compiler ABI info - done
Variant=debug ABI=x86_64 :-- Detecting CXX compile features
Variant=debug ABI=x86_64 :-- Detecting CXX compile features - done
Variant=debug ABI=x86_64 :-- Configuring done
Variant=debug ABI=x86_64 :-- Generating done
Variant=debug ABI=x86_64 :-- Build files have been written to: /private/var/folders/bq/vtzpc5ns5sg2cthy61lqpg3dfzgbys/T/1560675763144-0/src/xlowpoly/.externalNativeBuild/cmake/debug/x86_64
:xlowpoly:externalNativeBuildDebug
Build lowpoly-lib x86_64
[1/8] Building C object CMakeFiles/lowpoly-lib.dir/src/main/jni/lowpoly-lib.c.o
[2/8] Building C object CMakeFiles/lowpoly-lib.dir/src/main/jni/sobel.c.o
[3/8] Building C object CMakeFiles/lowpoly-lib.dir/src/main/jni/delaunay.c.o
[4/8] Building C object CMakeFiles/lowpoly-lib.dir/src/main/jni/lowpoly.c.o
[5/8] Building C object CMakeFiles/lowpoly-lib.dir/src/main/jni/dilution.c.o
[6/8] Building C object CMakeFiles/lowpoly-lib.dir/src/main/jni/point.c.o
[7/8] Building C object CMakeFiles/lowpoly-lib.dir/src/main/jni/dedup.c.o
[8/8] Linking C shared library ../../../../build/intermediates/cmake/debug/obj/x86_64/liblowpoly-lib.so
Build lowpoly-lib x86
[1/8] Building C object CMakeFiles/lowpoly-lib.dir/src/main/jni/lowpoly-lib.c.o
[2/8] Building C object CMakeFiles/lowpoly-lib.dir/src/main/jni/sobel.c.o
[3/8] Building C object CMakeFiles/lowpoly-lib.dir/src/main/jni/delaunay.c.o
[4/8] Building C object CMakeFiles/lowpoly-lib.dir/src/main/jni/lowpoly.c.o
[5/8] Building C object CMakeFiles/lowpoly-lib.dir/src/main/jni/dilution.c.o
[6/8] Building C object CMakeFiles/lowpoly-lib.dir/src/main/jni/point.c.o
[7/8] Building C object CMakeFiles/lowpoly-lib.dir/src/main/jni/dedup.c.o
[8/8] Linking C shared library ../../../../build/intermediates/cmake/debug/obj/x86/liblowpoly-lib.so
Build lowpoly-lib arm64-v8a
[1/8] Building C object CMakeFiles/lowpoly-lib.dir/src/main/jni/lowpoly-lib.c.o
[2/8] Building C object CMakeFiles/lowpoly-lib.dir/src/main/jni/sobel.c.o
[3/8] Building C object CMakeFiles/lowpoly-lib.dir/src/main/jni/delaunay.c.o
[4/8] Building C object CMakeFiles/lowpoly-lib.dir/src/main/jni/lowpoly.c.o
[5/8] Building C object CMakeFiles/lowpoly-lib.dir/src/main/jni/dilution.c.o
[6/8] Building C object CMakeFiles/lowpoly-lib.dir/src/main/jni/point.c.o
[7/8] Building C object CMakeFiles/lowpoly-lib.dir/src/main/jni/dedup.c.o
[8/8] Linking C shared library ../../../../build/intermediates/cmake/debug/obj/arm64-v8a/liblowpoly-lib.so
Build lowpoly-lib armeabi-v7a
[1/8] Building C object CMakeFiles/lowpoly-lib.dir/src/main/jni/lowpoly-lib.c.o
[2/8] Building C object CMakeFiles/lowpoly-lib.dir/src/main/jni/sobel.c.o
[3/8] Building C object CMakeFiles/lowpoly-lib.dir/src/main/jni/delaunay.c.o
[4/8] Building C object CMakeFiles/lowpoly-lib.dir/src/main/jni/lowpoly.c.o
[5/8] Building C object CMakeFiles/lowpoly-lib.dir/src/main/jni/dilution.c.o
[6/8] Building C object CMakeFiles/lowpoly-lib.dir/src/main/jni/point.c.o
[7/8] Building C object CMakeFiles/lowpoly-lib.dir/src/main/jni/dedup.c.o
[8/8] Linking C shared library ../../../../build/intermediates/cmake/debug/obj/armeabi-v7a/liblowpoly-lib.so
:xlowpoly:mergeDebugJniLibFolders
:xlowpoly:transformNativeLibsWithMergeJniLibsForDebug
:xlowpoly:transformNativeLibsWithStripDebugSymbolForDebug
:xlowpoly:transformNativeLibsWithIntermediateJniLibsForDebug
:app:transformNativeLibsWithMergeJniLibsForDebug
:app:transformNativeLibsWithStripDebugSymbolForDebug
:app:checkDebugLibraries
:app:processDebugJavaRes NO-SOURCE
:app:transformResourcesWithMergeJavaResForDebug
:app:validateSigningDebug
:app:packageDebug
:app:assembleDebug
:app:checkReleaseClasspath
:xlowpoly:preReleaseBuild UP-TO-DATE
:xlowpoly:checkReleaseManifest
:xlowpoly:processReleaseManifest
:app:preReleaseBuild
:xlowpoly:compileReleaseAidl NO-SOURCE
:app:compileReleaseAidl NO-SOURCE
:xlowpoly:packageReleaseRenderscript NO-SOURCE
:app:compileReleaseRenderscript
:app:checkReleaseManifest
:app:generateReleaseBuildConfig
:app:mainApkListPersistenceRelease
:app:generateReleaseResValues
:app:generateReleaseResources
:xlowpoly:compileReleaseRenderscript
:xlowpoly:generateReleaseResValues
:xlowpoly:generateReleaseResources
:xlowpoly:packageReleaseResources
:app:mergeReleaseResources
:app:createReleaseCompatibleScreenManifests
:app:processReleaseManifest
:app:splitsDiscoveryTaskRelease
:xlowpoly:generateReleaseRFile
:app:processReleaseResources
:app:generateReleaseSources
:xlowpoly:generateReleaseBuildConfig
:xlowpoly:generateReleaseSources
:xlowpoly:javaPreCompileRelease
:xlowpoly:compileReleaseJavaWithJavac
:xlowpoly:processReleaseJavaRes NO-SOURCE
:xlowpoly:transformClassesAndResourcesWithPrepareIntermediateJarsForRelease
:app:javaPreCompileRelease
:app:compileReleaseJavaWithJavac
:app:compileReleaseNdk NO-SOURCE
:app:compileReleaseSources
:app:lintVitalRelease
Calling mockable JAR artifact transform to create file: /Users/vbauer/.gradle/caches/transforms-1/files-1.1/android.jar/57fc3ed8628424e3e084efd676b270cd/android.jar with input /Users/vbauer/Library/Android/sdk/platforms/android-27/android.jar
/private/var/folders/bq/vtzpc5ns5sg2cthy61lqpg3dfzgbys/T/1560675763144-0/src/app/build.gradle:8: Error: Google Play requires that apps target API level 26 or higher.
 [ExpiredTargetSdkVersion]
        targetSdkVersion 25
        ~~~~~~~~~~~~~~~~~~~

   Explanation for issues of type "ExpiredTargetSdkVersion":
   As of the second half of 2018, Google Play requires that new apps and app
   updates target API level 26 or higher.

   Configuring your app to target a recent API level ensures that users
   benefit from significant security and performance improvements, while still
   allowing your app to run on older Android versions (down to the
   minSdkVersion).

   To update your targetSdkVersion, follow the steps from "Meeting Google Play
   requirements for target API level",
   https://developer.android.com/distribute/best-practices/develop/target-sdk.
   html

   https://support.google.com/googleplay/android-developer/answer/113469#targetsdk
   https://support.google.com/googleplay/android-developer/answer/113469#targetsdk
   https://developer.android.com/distribute/best-practices/develop/target-sdk.html

1 errors, 0 warnings
:app:lintVitalRelease FAILED

FAILURE: Build failed with an exception.

* What went wrong:
Execution failed for task ':app:lintVitalRelease'.
> Lint found fatal errors while assembling a release target.
  
  To proceed, either fix the issues identified by lint, or modify your build script as follows:
  ...
  android {
      lintOptions {
          checkReleaseBuilds false
          // Or, if you prefer, you can continue to check for errors in release builds,
          // but continue the build even when errors are found:
          abortOnError false
      }
  }
  ...

* Try:
Run with --info or --debug option to get more log output. Run with --scan to get full insights.

* Exception is:
org.gradle.api.tasks.TaskExecutionException: Execution failed for task ':app:lintVitalRelease'.
	at org.gradle.api.internal.tasks.execution.ExecuteActionsTaskExecuter.executeActions(ExecuteActionsTaskExecuter.java:103)
	at org.gradle.api.internal.tasks.execution.ExecuteActionsTaskExecuter.execute(ExecuteActionsTaskExecuter.java:73)
	at org.gradle.api.internal.tasks.execution.OutputDirectoryCreatingTaskExecuter.execute(OutputDirectoryCreatingTaskExecuter.java:51)
	at org.gradle.api.internal.tasks.execution.SkipUpToDateTaskExecuter.execute(SkipUpToDateTaskExecuter.java:59)
	at org.gradle.api.internal.tasks.execution.ResolveTaskOutputCachingStateExecuter.execute(ResolveTaskOutputCachingStateExecuter.java:54)
	at org.gradle.api.internal.tasks.execution.ValidatingTaskExecuter.execute(ValidatingTaskExecuter.java:59)
	at org.gradle.api.internal.tasks.execution.SkipEmptySourceFilesTaskExecuter.execute(SkipEmptySourceFilesTaskExecuter.java:101)
	at org.gradle.api.internal.tasks.execution.FinalizeInputFilePropertiesTaskExecuter.execute(FinalizeInputFilePropertiesTaskExecuter.java:44)
	at org.gradle.api.internal.tasks.execution.CleanupStaleOutputsExecuter.execute(CleanupStaleOutputsExecuter.java:91)
	at org.gradle.api.internal.tasks.execution.ResolveTaskArtifactStateTaskExecuter.execute(ResolveTaskArtifactStateTaskExecuter.java:62)
	at org.gradle.api.internal.tasks.execution.SkipTaskWithNoActionsExecuter.execute(SkipTaskWithNoActionsExecuter.java:59)
	at org.gradle.api.internal.tasks.execution.SkipOnlyIfTaskExecuter.execute(SkipOnlyIfTaskExecuter.java:54)
	at org.gradle.api.internal.tasks.execution.ExecuteAtMostOnceTaskExecuter.execute(ExecuteAtMostOnceTaskExecuter.java:43)
	at org.gradle.api.internal.tasks.execution.CatchExceptionTaskExecuter.execute(CatchExceptionTaskExecuter.java:34)
	at org.gradle.execution.taskgraph.DefaultTaskGraphExecuter$EventFiringTaskWorker$1.run(DefaultTaskGraphExecuter.java:256)
	at org.gradle.internal.progress.DefaultBuildOperationExecutor$RunnableBuildOperationWorker.execute(DefaultBuildOperationExecutor.java:336)
	at org.gradle.internal.progress.DefaultBuildOperationExecutor$RunnableBuildOperationWorker.execute(DefaultBuildOperationExecutor.java:328)
	at org.gradle.internal.progress.DefaultBuildOperationExecutor.execute(DefaultBuildOperationExecutor.java:199)
	at org.gradle.internal.progress.DefaultBuildOperationExecutor.run(DefaultBuildOperationExecutor.java:110)
	at org.gradle.execution.taskgraph.DefaultTaskGraphExecuter$EventFiringTaskWorker.execute(DefaultTaskGraphExecuter.java:249)
	at org.gradle.execution.taskgraph.DefaultTaskGraphExecuter$EventFiringTaskWorker.execute(DefaultTaskGraphExecuter.java:238)
	at org.gradle.execution.taskgraph.DefaultTaskPlanExecutor$TaskExecutorWorker.processTask(DefaultTaskPlanExecutor.java:123)
	at org.gradle.execution.taskgraph.DefaultTaskPlanExecutor$TaskExecutorWorker.access$200(DefaultTaskPlanExecutor.java:79)
	at org.gradle.execution.taskgraph.DefaultTaskPlanExecutor$TaskExecutorWorker$1.execute(DefaultTaskPlanExecutor.java:104)
	at org.gradle.execution.taskgraph.DefaultTaskPlanExecutor$TaskExecutorWorker$1.execute(DefaultTaskPlanExecutor.java:98)
	at org.gradle.execution.taskgraph.DefaultTaskExecutionPlan.execute(DefaultTaskExecutionPlan.java:663)
	at org.gradle.execution.taskgraph.DefaultTaskExecutionPlan.executeWithTask(DefaultTaskExecutionPlan.java:597)
	at org.gradle.execution.taskgraph.DefaultTaskPlanExecutor$TaskExecutorWorker.run(DefaultTaskPlanExecutor.java:98)
	at org.gradle.internal.concurrent.ExecutorPolicy$CatchAndRecordFailures.onExecute(ExecutorPolicy.java:63)
	at org.gradle.internal.concurrent.ManagedExecutorImpl$1.run(ManagedExecutorImpl.java:46)
	at org.gradle.internal.concurrent.ThreadFactoryImpl$ManagedThreadRunnable.run(ThreadFactoryImpl.java:55)
Caused by: org.gradle.api.GradleException: Lint found fatal errors while assembling a release target.

To proceed, either fix the issues identified by lint, or modify your build script as follows:
...
android {
    lintOptions {
        checkReleaseBuilds false
        // Or, if you prefer, you can continue to check for errors in release builds,
        // but continue the build even when errors are found:
        abortOnError false
    }
}
...
	at com.android.tools.lint.gradle.LintGradleExecution.abort(LintGradleExecution.java:206)
	at com.android.tools.lint.gradle.LintGradleExecution.runLint(LintGradleExecution.java:297)
	at com.android.tools.lint.gradle.LintGradleExecution.lintSingleVariant(LintGradleExecution.java:368)
	at com.android.tools.lint.gradle.LintGradleExecution.analyze(LintGradleExecution.java:91)
	at com.android.tools.lint.gradle.api.ReflectiveLintRunner.runLint(ReflectiveLintRunner.kt:38)
	at com.android.build.gradle.tasks.LintBaseTask.runLint(LintBaseTask.java:88)
	at com.android.build.gradle.tasks.LintPerVariantTask.lint(LintPerVariantTask.java:41)
	at org.gradle.internal.reflect.JavaMethod.invoke(JavaMethod.java:73)
	at org.gradle.api.internal.project.taskfactory.StandardTaskAction.doExecute(StandardTaskAction.java:46)
	at org.gradle.api.internal.project.taskfactory.StandardTaskAction.execute(StandardTaskAction.java:39)
	at org.gradle.api.internal.project.taskfactory.StandardTaskAction.execute(StandardTaskAction.java:26)
	at org.gradle.api.internal.AbstractTask$TaskActionWrapper.execute(AbstractTask.java:788)
	at org.gradle.api.internal.AbstractTask$TaskActionWrapper.execute(AbstractTask.java:755)
	at org.gradle.api.internal.tasks.execution.ExecuteActionsTaskExecuter$1.run(ExecuteActionsTaskExecuter.java:124)
	at org.gradle.internal.progress.DefaultBuildOperationExecutor$RunnableBuildOperationWorker.execute(DefaultBuildOperationExecutor.java:336)
	at org.gradle.internal.progress.DefaultBuildOperationExecutor$RunnableBuildOperationWorker.execute(DefaultBuildOperationExecutor.java:328)
	at org.gradle.internal.progress.DefaultBuildOperationExecutor.execute(DefaultBuildOperationExecutor.java:199)
	at org.gradle.internal.progress.DefaultBuildOperationExecutor.run(DefaultBuildOperationExecutor.java:110)
	at org.gradle.api.internal.tasks.execution.ExecuteActionsTaskExecuter.executeAction(ExecuteActionsTaskExecuter.java:113)
	at org.gradle.api.internal.tasks.execution.ExecuteActionsTaskExecuter.executeActions(ExecuteActionsTaskExecuter.java:95)
	... 30 more


* Get more help at https://help.gradle.org

BUILD FAILED in 36s
73 actionable tasks: 73 executed

2019-06-16 16:05:32,982 INFO  FullProcessService - Found APK file: /var/folders/bq/vtzpc5ns5sg2cthy61lqpg3dfzgbys/T/1560675763144-0/src/app/build/outputs/apk/debug/app-debug.apk
