2019-01-20 18:08:53,722 INFO  DownloadService - Downloading "https://github.com/terrakok/Cicerone/archive/master.zip", attempt 3
2019-01-20 18:08:59,013 INFO  DownloadService - Downloaded https://github.com/terrakok/Cicerone/archive/master.zip, attempt 3
2019-01-20 18:08:59,014 INFO  DownloadService - Size of file "/var/folders/bq/vtzpc5ns5sg2cthy61lqpg3dfzgbys/T/1547982533713-0/master.zip": 4 MB
2019-01-20 18:08:59,014 INFO  ArchiveUtils - Checking entries [.gradle] in ZIP file...
2019-01-20 18:08:59,015 INFO  ArchiveUtils - Has entries [.gradle] in ZIP file /var/folders/bq/vtzpc5ns5sg2cthy61lqpg3dfzgbys/T/1547982533713-0/master.zip: true
2019-01-20 18:08:59,016 DEBUG ZipUtil - Extracting '/var/folders/bq/vtzpc5ns5sg2cthy61lqpg3dfzgbys/T/1547982533713-0/master.zip' into '/var/folders/bq/vtzpc5ns5sg2cthy61lqpg3dfzgbys/T/1547982533713-0/src'.
2019-01-20 18:08:59,097 INFO  FullProcessService - Size of directory with sources: 5 MB
2019-01-20 18:08:59,097 INFO  SysUtils - Execute command: [git, init, /var/folders/bq/vtzpc5ns5sg2cthy61lqpg3dfzgbys/T/1547982533713-0/src]
2019-01-20 18:08:59,120 INFO  SysUtils - Initialized empty Git repository in /private/var/folders/bq/vtzpc5ns5sg2cthy61lqpg3dfzgbys/T/1547982533713-0/src/.git/

2019-01-20 18:08:59,125 INFO  ProjectBuildService - Gradle wrapper(s): /var/folders/bq/vtzpc5ns5sg2cthy61lqpg3dfzgbys/T/1547982533713-0/src/Cicerone-master/gradlew
2019-01-20 18:08:59,132 INFO  ProjectBuildService - Build script(s): /var/folders/bq/vtzpc5ns5sg2cthy61lqpg3dfzgbys/T/1547982533713-0/src/Cicerone-master/sample/build.gradle /var/folders/bq/vtzpc5ns5sg2cthy61lqpg3dfzgbys/T/1547982533713-0/src/Cicerone-master/build.gradle /var/folders/bq/vtzpc5ns5sg2cthy61lqpg3dfzgbys/T/1547982533713-0/src/Cicerone-master/library/build.gradle /var/folders/bq/vtzpc5ns5sg2cthy61lqpg3dfzgbys/T/1547982533713-0/src/Cicerone-master/library/stub-android/build.gradle
2019-01-20 18:08:59,137 INFO  ProjectBuildService - All script(s): /var/folders/bq/vtzpc5ns5sg2cthy61lqpg3dfzgbys/T/1547982533713-0/src/Cicerone-master/library/stub-android/build.gradle /var/folders/bq/vtzpc5ns5sg2cthy61lqpg3dfzgbys/T/1547982533713-0/src/Cicerone-master/library/bintray.gradle /var/folders/bq/vtzpc5ns5sg2cthy61lqpg3dfzgbys/T/1547982533713-0/src/Cicerone-master/library/build.gradle /var/folders/bq/vtzpc5ns5sg2cthy61lqpg3dfzgbys/T/1547982533713-0/src/Cicerone-master/library/androidmaven.gradle /var/folders/bq/vtzpc5ns5sg2cthy61lqpg3dfzgbys/T/1547982533713-0/src/Cicerone-master/build.gradle /var/folders/bq/vtzpc5ns5sg2cthy61lqpg3dfzgbys/T/1547982533713-0/src/Cicerone-master/sample/build.gradle /var/folders/bq/vtzpc5ns5sg2cthy61lqpg3dfzgbys/T/1547982533713-0/src/Cicerone-master/settings.gradle
2019-01-20 18:08:59,138 INFO  ProjectBuildService - Remote scripts: none
2019-01-20 18:08:59,138 INFO  ProjectFixService - Fixing project...
2019-01-20 18:08:59,151 INFO  LocalPropertiesFixService - Created fake /var/folders/bq/vtzpc5ns5sg2cthy61lqpg3dfzgbys/T/1547982533713-0/src/Cicerone-master/sample/local.properties
2019-01-20 18:08:59,152 INFO  ProjectFixService - Build info for "/var/folders/bq/vtzpc5ns5sg2cthy61lqpg3dfzgbys/T/1547982533713-0/src/Cicerone-master/sample/build.gradle": [buildToolsVersion=<null>,compileSdkVersion=25,minSdkVersion=21,targetSdkVersion=25]
2019-01-20 18:08:59,153 INFO  ProjectFixService - Fixed build info for "/var/folders/bq/vtzpc5ns5sg2cthy61lqpg3dfzgbys/T/1547982533713-0/src/Cicerone-master/sample/build.gradle": [buildToolsVersion=28.0.0-rc2,compileSdkVersion=25,minSdkVersion=21,targetSdkVersion=25]
2019-01-20 18:08:59,154 INFO  LocalPropertiesFixService - Created fake /var/folders/bq/vtzpc5ns5sg2cthy61lqpg3dfzgbys/T/1547982533713-0/src/Cicerone-master/local.properties
2019-01-20 18:08:59,154 INFO  WrapperPropertiesFixService - Gradle wrapper: https://services.gradle.org/distributions/gradle-4.10.1-all.zip
2019-01-20 18:08:59,155 INFO  WrapperPropertiesFixService - Gradle wrapper was changed from "-all.zip" to "-bin.zip" (https://services.gradle.org/distributions/gradle-4.10.1-bin.zip)
2019-01-20 18:08:59,158 INFO  ProjectFixService - Build info for "/var/folders/bq/vtzpc5ns5sg2cthy61lqpg3dfzgbys/T/1547982533713-0/src/Cicerone-master/build.gradle": [buildToolsVersion=<null>,compileSdkVersion=25,minSdkVersion=21,targetSdkVersion=25]
2019-01-20 18:08:59,158 INFO  ProjectFixService - Fixed build info for "/var/folders/bq/vtzpc5ns5sg2cthy61lqpg3dfzgbys/T/1547982533713-0/src/Cicerone-master/build.gradle": [buildToolsVersion=28.0.0-rc2,compileSdkVersion=25,minSdkVersion=21,targetSdkVersion=25]
2019-01-20 18:08:59,159 INFO  LocalPropertiesFixService - Created fake /var/folders/bq/vtzpc5ns5sg2cthy61lqpg3dfzgbys/T/1547982533713-0/src/Cicerone-master/library/local.properties
2019-01-20 18:08:59,164 INFO  ProjectFixService - Build info for "/var/folders/bq/vtzpc5ns5sg2cthy61lqpg3dfzgbys/T/1547982533713-0/src/Cicerone-master/library/build.gradle": [buildToolsVersion=<null>,compileSdkVersion=25,minSdkVersion=21,targetSdkVersion=25]
2019-01-20 18:08:59,164 INFO  ProjectFixService - Fixed build info for "/var/folders/bq/vtzpc5ns5sg2cthy61lqpg3dfzgbys/T/1547982533713-0/src/Cicerone-master/library/build.gradle": [buildToolsVersion=28.0.0-rc2,compileSdkVersion=25,minSdkVersion=21,targetSdkVersion=25]
2019-01-20 18:08:59,166 INFO  LocalPropertiesFixService - Created fake /var/folders/bq/vtzpc5ns5sg2cthy61lqpg3dfzgbys/T/1547982533713-0/src/Cicerone-master/library/stub-android/local.properties
2019-01-20 18:08:59,168 INFO  ProjectFixService - Build info for "/var/folders/bq/vtzpc5ns5sg2cthy61lqpg3dfzgbys/T/1547982533713-0/src/Cicerone-master/library/stub-android/build.gradle": [buildToolsVersion=<null>,compileSdkVersion=25,minSdkVersion=21,targetSdkVersion=25]
2019-01-20 18:08:59,169 INFO  ProjectFixService - Fixed build info for "/var/folders/bq/vtzpc5ns5sg2cthy61lqpg3dfzgbys/T/1547982533713-0/src/Cicerone-master/library/stub-android/build.gradle": [buildToolsVersion=28.0.0-rc2,compileSdkVersion=25,minSdkVersion=21,targetSdkVersion=25]
2019-01-20 18:08:59,169 INFO  ProjectFixService - Project was maybe fixed
2019-01-20 18:08:59,169 INFO  ProjectTaskService - Detecting possible tasks...
2019-01-20 18:08:59,169 INFO  SysUtils - Execute command: [/var/folders/bq/vtzpc5ns5sg2cthy61lqpg3dfzgbys/T/1547982533713-0/src/Cicerone-master/gradlew, -b, /var/folders/bq/vtzpc5ns5sg2cthy61lqpg3dfzgbys/T/1547982533713-0/src/Cicerone-master/sample/build.gradle, -Dorg.gradle.daemon=false, -Dorg.gradle.daemon.performance.enable-monitoring=false, -Dorg.gradle.configureondemand=true, tasks]
2019-01-20 18:09:10,013 INFO  ProjectTaskService - Detected possible tasks: 66
2019-01-20 18:09:10,013 INFO  ProjectTaskService - Excluded tasks (18): lintDebug deviceCheck lint testReleaseUnitTest uninstallRelease deviceAndroidTest uninstallDebugAndroidTest installDebugAndroidTest connectedCheck connectedDebugAndroidTest uninstallAll test check testDebugUnitTest connectedAndroidTest installDebug lintRelease uninstallDebug
2019-01-20 18:09:10,013 INFO  SysUtils - Execute command: [/var/folders/bq/vtzpc5ns5sg2cthy61lqpg3dfzgbys/T/1547982533713-0/src/Cicerone-master/gradlew, -b, /var/folders/bq/vtzpc5ns5sg2cthy61lqpg3dfzgbys/T/1547982533713-0/src/Cicerone-master/sample/build.gradle, -Dorg.gradle.daemon=false, -Dorg.gradle.daemon.performance.enable-monitoring=false, -Dorg.gradle.configureondemand=true, --stacktrace, -x, lintDebug, -x, deviceCheck, -x, lint, -x, testReleaseUnitTest, -x, uninstallRelease, -x, deviceAndroidTest, -x, uninstallDebugAndroidTest, -x, installDebugAndroidTest, -x, connectedCheck, -x, connectedDebugAndroidTest, -x, uninstallAll, -x, test, -x, check, -x, testDebugUnitTest, -x, connectedAndroidTest, -x, installDebug, -x, lintRelease, -x, uninstallDebug, build]
2019-01-20 18:09:56,322 ERROR SysUtils - Could not process external command
org.apache.commons.exec.ExecuteException: Process exited with an error: 1 (Exit value: 1)
	at org.apache.commons.exec.DefaultExecutor.executeInternal(DefaultExecutor.java:404)
	at org.apache.commons.exec.DefaultExecutor.execute(DefaultExecutor.java:166)
	at com.github.vbauer.apkmaster.util.SysUtils.execute(SysUtils.java:67)
	at com.github.vbauer.apkmaster.util.SysUtils.executeSimple(SysUtils.java:43)
	at com.github.vbauer.apkmaster.service.assembly.ProjectBuildService.buildProject(ProjectBuildService.java:78)
	at com.github.vbauer.apkmaster.service.assembly.ProjectBuildService.buildProject(ProjectBuildService.java:64)
	at com.github.vbauer.apkmaster.service.assembly.ProjectBuildService.buildProject(ProjectBuildService.java:43)
	at com.github.vbauer.apkmaster.service.FullProcessService.build(FullProcessService.java:84)
	at com.github.vbauer.apkmaster.service.FullProcessService.process(FullProcessService.java:34)
	at com.github.vbauer.apkmaster.app.MainApplication.process(MainApplication.java:38)
	at com.github.vbauer.apkmaster.app.MainApplication.main(MainApplication.java:20)
	at sun.reflect.NativeMethodAccessorImpl.invoke0(Native Method)
	at sun.reflect.NativeMethodAccessorImpl.invoke(NativeMethodAccessorImpl.java:62)
	at sun.reflect.DelegatingMethodAccessorImpl.invoke(DelegatingMethodAccessorImpl.java:43)
	at java.lang.reflect.Method.invoke(Method.java:498)
	at com.android.arsenal.util.ReflectionUtils.invoke(ReflectionUtils.java:52)
	at com.android.arsenal.util.ApkMasterUtils.main(ApkMasterUtils.java:30)
	at com.android.arsenal.service.processor.impl.BuildProcessorServiceImpl.buildProject(BuildProcessorServiceImpl.java:196)
	at com.android.arsenal.service.processor.impl.BuildProcessorServiceImpl.build(BuildProcessorServiceImpl.java:130)
	at com.android.arsenal.service.processor.impl.BuildProcessorServiceImpl.lambda$createTasks$1(BuildProcessorServiceImpl.java:113)
	at java.util.concurrent.FutureTask.run(FutureTask.java:266)
	at java.util.concurrent.Executors$RunnableAdapter.call(Executors.java:511)
	at java.util.concurrent.FutureTask.run(FutureTask.java:266)
	at java.util.concurrent.ThreadPoolExecutor.runWorker(ThreadPoolExecutor.java:1149)
	at java.util.concurrent.ThreadPoolExecutor$Worker.run(ThreadPoolExecutor.java:624)
	at java.lang.Thread.run(Thread.java:748)
2019-01-20 18:09:56,322 INFO  SysUtils - Configuration on demand is an incubating feature.

> Task :stub-android:compileJava

> Task :stub-android:processResources NO-SOURCE
> Task :stub-android:classes
warning: [options] bootstrap class path not set in conjunction with -source 1.7
1 warning
> Task :stub-android:jar

> Task :library:compileJava
warning: [options] bootstrap class path not set in conjunction with -source 1.7
1 warning

> Task :library:processResources NO-SOURCE
> Task :library:classes
> Task :library:jar
> Task :sample:preBuild UP-TO-DATE
> Transform cicerone.jar (project :library) with IdentityTransform
> Task :sample:preDebugBuild
> Transform cicerone.jar (project :library) with IdentityTransform
> Task :sample:compileDebugAidl NO-SOURCE
> Task :sample:compileDebugRenderscript
> Task :sample:checkDebugManifest
> Task :sample:generateDebugBuildConfig
> Task :sample:prepareLintJar
> Task :sample:mainApkListPersistenceDebug
> Task :sample:generateDebugResValues
> Task :sample:generateDebugResources
> Task :sample:mergeDebugResources
> Task :sample:createDebugCompatibleScreenManifests
> Task :sample:processDebugManifest
W/ResourceType(82909): For resource 0x0101053d, entry index(1341) is beyond type entryCount(1329)
W/ResourceType(82909): For resource 0x0101053e, entry index(1342) is beyond type entryCount(1329)
W/ResourceType(82909): For resource 0x0101053b, entry index(1339) is beyond type entryCount(1329)
W/ResourceType(82909): For resource 0x0101053c, entry index(1340) is beyond type entryCount(1329)

> Task :sample:processDebugResources
> Task :sample:generateDebugSources
> Task :sample:javaPreCompileDebug

> Task :sample:compileDebugJavaWithJavac
Gradle may disable incremental compilation as the following annotation processors are not incremental: moxy-compiler-1.4.6.jar (com.arello-mobile:moxy-compiler:1.4.6), dagger-compiler-2.10.jar (com.google.dagger:dagger-compiler:2.10), auto-service-1.0-rc2.jar (com.google.auto.service:auto-service:1.0-rc2).
Consider setting the experimental feature flag android.enableSeparateAnnotationProcessing=true in the gradle.properties file to run annotation processing in a separate task and make compilation incremental.
Note: Some input files use unchecked or unsafe operations.
Note: Recompile with -Xlint:unchecked for details.

> Task :sample:compileDebugNdk NO-SOURCE
> Task :sample:compileDebugSources
> Task :sample:mergeDebugShaders
> Task :sample:compileDebugShaders
> Task :sample:generateDebugAssets
> Task :sample:mergeDebugAssets
> Task :sample:transformClassesWithDexBuilderForDebug
> Task :sample:transformDexArchiveWithExternalLibsDexMergerForDebug
> Task :sample:transformDexArchiveWithDexMergerForDebug
> Transform cicerone.jar (project :library) with IdentityTransform
> Task :sample:mergeDebugJniLibFolders
> Task :sample:transformNativeLibsWithMergeJniLibsForDebug
> Task :sample:transformNativeLibsWithStripDebugSymbolForDebug
> Task :sample:processDebugJavaRes NO-SOURCE
> Task :sample:transformResourcesWithMergeJavaResForDebug
> Task :sample:validateSigningDebug
> Task :sample:packageDebug
> Task :sample:assembleDebug
> Task :sample:preReleaseBuild
> Task :sample:compileReleaseAidl NO-SOURCE
> Task :sample:compileReleaseRenderscript
> Task :sample:checkReleaseManifest
> Task :sample:generateReleaseBuildConfig
> Task :sample:mainApkListPersistenceRelease
> Task :sample:generateReleaseResValues
> Task :sample:generateReleaseResources
> Task :sample:mergeReleaseResources
> Task :sample:createReleaseCompatibleScreenManifests
> Task :sample:processReleaseManifest
W/ResourceType(82909): For resource 0x0101053d, entry index(1341) is beyond type entryCount(1329)
W/ResourceType(82909): For resource 0x0101053e, entry index(1342) is beyond type entryCount(1329)
W/ResourceType(82909): For resource 0x0101053b, entry index(1339) is beyond type entryCount(1329)
W/ResourceType(82909): For resource 0x0101053c, entry index(1340) is beyond type entryCount(1329)

> Task :sample:processReleaseResources
> Task :sample:generateReleaseSources
> Task :sample:javaPreCompileRelease

> Task :sample:compileReleaseJavaWithJavac
Gradle may disable incremental compilation as the following annotation processors are not incremental: moxy-compiler-1.4.6.jar (com.arello-mobile:moxy-compiler:1.4.6), dagger-compiler-2.10.jar (com.google.dagger:dagger-compiler:2.10), auto-service-1.0-rc2.jar (com.google.auto.service:auto-service:1.0-rc2).
Consider setting the experimental feature flag android.enableSeparateAnnotationProcessing=true in the gradle.properties file to run annotation processing in a separate task and make compilation incremental.
Note: Some input files use unchecked or unsafe operations.
Note: Recompile with -Xlint:unchecked for details.

> Task :sample:compileReleaseNdk NO-SOURCE
> Task :sample:compileReleaseSources

> Task :sample:lintVitalRelease
Calling mockable JAR artifact transform to create file: /Users/vbauer/.gradle/caches/transforms-1/files-1.1/android.jar/7daa749b0e8fd2db3415ac2c28f36018/android.jar with input /Users/vbauer/Library/Android/sdk/platforms/android-25/android.jar
/private/var/folders/bq/vtzpc5ns5sg2cthy61lqpg3dfzgbys/T/1547982533713-0/src/Cicerone-master/sample/build.gradle:12: Error: Google Play requires that apps target API level 26 or higher.
 [ExpiredTargetSdkVersion]
        targetSdkVersion 25
        ~~~~~~~~~~~~~~~~~~~

   Explanation for issues of type "ExpiredTargetSdkVersion":
   As of the second half of 2018, Google Play requires that new apps and app
   updates target API level 26 or higher.

   Configuring your app to target a recent API level ensures that users
   benefit from significant security and performance improvements, while still
   allowing your app to run on older Android versions (down to the
   minSdkVersion).

   To update your targetSdkVersion, follow the steps from "Meeting Google Play
   requirements for target API level",
   https://developer.android.com/distribute/best-practices/develop/target-sdk.
   html

   https://support.google.com/googleplay/android-developer/answer/113469#targetsdk
   https://support.google.com/googleplay/android-developer/answer/113469#targetsdk
   https://developer.android.com/distribute/best-practices/develop/target-sdk.html

1 errors, 0 warnings

> Task :sample:lintVitalRelease FAILED

FAILURE: Build failed with an exception.

* What went wrong:
Execution failed for task ':sample:lintVitalRelease'.
> Lint found fatal errors while assembling a release target.
  
  To proceed, either fix the issues identified by lint, or modify your build script as follows:
  ...
  android {
      lintOptions {
          checkReleaseBuilds false
          // Or, if you prefer, you can continue to check for errors in release builds,
          // but continue the build even when errors are found:
          abortOnError false
      }
  }
  ...

* Try:
Run with --info or --debug option to get more log output. Run with --scan to get full insights.

* Exception is:
org.gradle.api.tasks.TaskExecutionException: Execution failed for task ':sample:lintVitalRelease'.
	at org.gradle.api.internal.tasks.execution.ExecuteActionsTaskExecuter.executeActions(ExecuteActionsTaskExecuter.java:110)
	at org.gradle.api.internal.tasks.execution.ExecuteActionsTaskExecuter.execute(ExecuteActionsTaskExecuter.java:77)
	at org.gradle.api.internal.tasks.execution.OutputDirectoryCreatingTaskExecuter.execute(OutputDirectoryCreatingTaskExecuter.java:51)
	at org.gradle.api.internal.tasks.execution.SkipUpToDateTaskExecuter.execute(SkipUpToDateTaskExecuter.java:59)
	at org.gradle.api.internal.tasks.execution.ResolveTaskOutputCachingStateExecuter.execute(ResolveTaskOutputCachingStateExecuter.java:54)
	at org.gradle.api.internal.tasks.execution.ValidatingTaskExecuter.execute(ValidatingTaskExecuter.java:59)
	at org.gradle.api.internal.tasks.execution.SkipEmptySourceFilesTaskExecuter.execute(SkipEmptySourceFilesTaskExecuter.java:101)
	at org.gradle.api.internal.tasks.execution.FinalizeInputFilePropertiesTaskExecuter.execute(FinalizeInputFilePropertiesTaskExecuter.java:44)
	at org.gradle.api.internal.tasks.execution.CleanupStaleOutputsExecuter.execute(CleanupStaleOutputsExecuter.java:91)
	at org.gradle.api.internal.tasks.execution.ResolveTaskArtifactStateTaskExecuter.execute(ResolveTaskArtifactStateTaskExecuter.java:62)
	at org.gradle.api.internal.tasks.execution.SkipTaskWithNoActionsExecuter.execute(SkipTaskWithNoActionsExecuter.java:59)
	at org.gradle.api.internal.tasks.execution.SkipOnlyIfTaskExecuter.execute(SkipOnlyIfTaskExecuter.java:54)
	at org.gradle.api.internal.tasks.execution.ExecuteAtMostOnceTaskExecuter.execute(ExecuteAtMostOnceTaskExecuter.java:43)
	at org.gradle.api.internal.tasks.execution.CatchExceptionTaskExecuter.execute(CatchExceptionTaskExecuter.java:34)
	at org.gradle.api.internal.tasks.execution.EventFiringTaskExecuter$1.run(EventFiringTaskExecuter.java:51)
	at org.gradle.internal.operations.DefaultBuildOperationExecutor$RunnableBuildOperationWorker.execute(DefaultBuildOperationExecutor.java:300)
	at org.gradle.internal.operations.DefaultBuildOperationExecutor$RunnableBuildOperationWorker.execute(DefaultBuildOperationExecutor.java:292)
	at org.gradle.internal.operations.DefaultBuildOperationExecutor.execute(DefaultBuildOperationExecutor.java:174)
	at org.gradle.internal.operations.DefaultBuildOperationExecutor.run(DefaultBuildOperationExecutor.java:90)
	at org.gradle.internal.operations.DelegatingBuildOperationExecutor.run(DelegatingBuildOperationExecutor.java:31)
	at org.gradle.api.internal.tasks.execution.EventFiringTaskExecuter.execute(EventFiringTaskExecuter.java:46)
	at org.gradle.execution.taskgraph.LocalTaskInfoExecutor.execute(LocalTaskInfoExecutor.java:42)
	at org.gradle.execution.taskgraph.DefaultTaskExecutionGraph$BuildOperationAwareWorkItemExecutor.execute(DefaultTaskExecutionGraph.java:277)
	at org.gradle.execution.taskgraph.DefaultTaskExecutionGraph$BuildOperationAwareWorkItemExecutor.execute(DefaultTaskExecutionGraph.java:262)
	at org.gradle.execution.taskgraph.DefaultTaskPlanExecutor$ExecutorWorker$1.execute(DefaultTaskPlanExecutor.java:135)
	at org.gradle.execution.taskgraph.DefaultTaskPlanExecutor$ExecutorWorker$1.execute(DefaultTaskPlanExecutor.java:130)
	at org.gradle.execution.taskgraph.DefaultTaskPlanExecutor$ExecutorWorker.execute(DefaultTaskPlanExecutor.java:200)
	at org.gradle.execution.taskgraph.DefaultTaskPlanExecutor$ExecutorWorker.executeWithWork(DefaultTaskPlanExecutor.java:191)
	at org.gradle.execution.taskgraph.DefaultTaskPlanExecutor$ExecutorWorker.run(DefaultTaskPlanExecutor.java:130)
	at org.gradle.internal.concurrent.ExecutorPolicy$CatchAndRecordFailures.onExecute(ExecutorPolicy.java:63)
	at org.gradle.internal.concurrent.ManagedExecutorImpl$1.run(ManagedExecutorImpl.java:46)
	at org.gradle.internal.concurrent.ThreadFactoryImpl$ManagedThreadRunnable.run(ThreadFactoryImpl.java:55)
Caused by: org.gradle.api.GradleException: Lint found fatal errors while assembling a release target.

To proceed, either fix the issues identified by lint, or modify your build script as follows:
...
android {
    lintOptions {
        checkReleaseBuilds false
        // Or, if you prefer, you can continue to check for errors in release builds,
        // but continue the build even when errors are found:
        abortOnError false
    }
}
...
	at com.android.tools.lint.gradle.LintGradleExecution.abort(LintGradleExecution.java:206)
	at com.android.tools.lint.gradle.LintGradleExecution.runLint(LintGradleExecution.java:300)
	at com.android.tools.lint.gradle.LintGradleExecution.lintSingleVariant(LintGradleExecution.java:371)
	at com.android.tools.lint.gradle.LintGradleExecution.analyze(LintGradleExecution.java:91)
	at com.android.tools.lint.gradle.api.ReflectiveLintRunner.runLint(ReflectiveLintRunner.kt:38)
	at com.android.build.gradle.tasks.LintBaseTask.runLint(LintBaseTask.java:93)
	at com.android.build.gradle.tasks.LintPerVariantTask.lint(LintPerVariantTask.java:57)
	at org.gradle.internal.reflect.JavaMethod.invoke(JavaMethod.java:73)
	at org.gradle.api.internal.project.taskfactory.StandardTaskAction.doExecute(StandardTaskAction.java:46)
	at org.gradle.api.internal.project.taskfactory.StandardTaskAction.execute(StandardTaskAction.java:39)
	at org.gradle.api.internal.project.taskfactory.StandardTaskAction.execute(StandardTaskAction.java:26)
	at org.gradle.api.internal.AbstractTask$TaskActionWrapper.execute(AbstractTask.java:801)
	at org.gradle.api.internal.AbstractTask$TaskActionWrapper.execute(AbstractTask.java:768)
	at org.gradle.api.internal.tasks.execution.ExecuteActionsTaskExecuter$1.run(ExecuteActionsTaskExecuter.java:131)
	at org.gradle.internal.operations.DefaultBuildOperationExecutor$RunnableBuildOperationWorker.execute(DefaultBuildOperationExecutor.java:300)
	at org.gradle.internal.operations.DefaultBuildOperationExecutor$RunnableBuildOperationWorker.execute(DefaultBuildOperationExecutor.java:292)
	at org.gradle.internal.operations.DefaultBuildOperationExecutor.execute(DefaultBuildOperationExecutor.java:174)
	at org.gradle.internal.operations.DefaultBuildOperationExecutor.run(DefaultBuildOperationExecutor.java:90)
	at org.gradle.internal.operations.DelegatingBuildOperationExecutor.run(DelegatingBuildOperationExecutor.java:31)
	at org.gradle.api.internal.tasks.execution.ExecuteActionsTaskExecuter.executeAction(ExecuteActionsTaskExecuter.java:120)
	at org.gradle.api.internal.tasks.execution.ExecuteActionsTaskExecuter.executeActions(ExecuteActionsTaskExecuter.java:99)
	... 31 more


* Get more help at https://help.gradle.org

BUILD FAILED in 45s
42 actionable tasks: 42 executed

2019-01-20 18:09:56,402 INFO  FullProcessService - Found APK file: /var/folders/bq/vtzpc5ns5sg2cthy61lqpg3dfzgbys/T/1547982533713-0/src/Cicerone-master/sample/build/outputs/apk/debug/sample-debug.apk
